mmap(0x0,135168,PROT_READ|PROT_WRITE,MAP_PRIVATE|MAP_ANON,-1,0x0) = 28484531388416 (0x19e812600000)
mprotect(0x2f822f68b000,8192,PROT_READ)		 = 0 (0x0)
issetugid()					 = 0 (0x0)
sigfastblock(0x1,0x2f822f68e640)		 = 0 (0x0)
__sysctl("kern.ostype",2,0x2f822f68df9a,0x8209b0ce0,0x0,0) = 0 (0x0)
__sysctl("kern.hostname",2,0x2f822f68e09a,0x8209b0ce0,0x0,0) = 0 (0x0)
__sysctl("kern.osrelease",2,0x2f822f68e19a,0x8209b0ce0,0x0,0) = 0 (0x0)
__sysctl("kern.version",2,0x2f822f68e29a,0x8209b0ce0,0x0,0) = 0 (0x0)
__sysctl("hw.machine",2,0x2f822f68e39a,0x8209b0ce0,0x0,0) = 0 (0x0)
open("/etc/libmap.conf",O_RDONLY|O_CLOEXEC,02230030030) = 3 (0x3)
fstat(3,{ mode=-rw-r--r-- ,inode=645,size=35,blksize=32768 }) = 0 (0x0)
read(3,"includedir /usr/local/etc/libmap"...,35) = 35 (0x23)
close(3)					 = 0 (0x0)
open("/usr/local/etc/libmap.d",O_RDONLY|O_NONBLOCK|O_DIRECTORY|O_CLOEXEC,0165) ERR#2 'No such file or directory'
open("/usr/local/lib/libutil.so.9",O_RDONLY|O_CLOEXEC|O_VERIFY,00) ERR#2 'No such file or directory'
open("/var/run/ld-elf.so.hints",O_RDONLY|O_CLOEXEC,010041163) = 3 (0x3)
read(3,"Ehnt\^A\0\0\0\M^@\0\0\0\M^V\0\0"...,128) = 128 (0x80)
fstat(3,{ mode=-r--r--r-- ,inode=805,size=278,blksize=32768 }) = 0 (0x0)
pread(3,"/lib:/usr/lib:/usr/lib/compat:/u"...,150,0x80) = 150 (0x96)
close(3)					 = 0 (0x0)
open("/lib/libutil.so.9",O_RDONLY|O_CLOEXEC|O_VERIFY,00) = 3 (0x3)
fstat(3,{ mode=-r--r--r-- ,inode=28064,size=82408,blksize=32768 }) = 0 (0x0)
mmap(0x0,4096,PROT_READ,MAP_PRIVATE|MAP_PREFAULT_READ,3,0x0) = 34921762816 (0x8217fd000)
mmap(0x0,102400,PROT_NONE,MAP_GUARD,-1,0x0)	 = 34922770432 (0x8218f3000)
mmap(0x8218f3000,32768,PROT_READ,MAP_PRIVATE|MAP_FIXED|MAP_NOCORE|MAP_PREFAULT_READ,3,0x0) = 34922770432 (0x8218f3000)
mmap(0x8218fb000,49152,PROT_READ|PROT_EXEC,MAP_PRIVATE|MAP_FIXED|MAP_NOCORE|MAP_PREFAULT_READ,3,0x7000) = 34922803200 (0x8218fb000)
mmap(0x821907000,8192,PROT_READ|PROT_WRITE,MAP_PRIVATE|MAP_FIXED|MAP_PREFAULT_READ,3,0x12000) = 34922852352 (0x821907000)
mmap(0x821909000,4096,PROT_READ|PROT_WRITE,MAP_PRIVATE|MAP_FIXED|MAP_PREFAULT_READ,3,0x13000) = 34922860544 (0x821909000)
mmap(0x82190a000,8192,PROT_READ|PROT_WRITE,MAP_PRIVATE|MAP_FIXED|MAP_ANON,-1,0x0) = 34922864640 (0x82190a000)
munmap(0x8217fd000,4096)			 = 0 (0x0)
close(3)					 = 0 (0x0)
open("/usr/local/lib/libevent-2.1.so.7",O_RDONLY|O_CLOEXEC|O_VERIFY,00) = 3 (0x3)
fstat(3,{ mode=-rwxr-xr-x ,inode=161858,size=334248,blksize=32768 }) = 0 (0x0)
mmap(0x0,4096,PROT_READ,MAP_PRIVATE|MAP_PREFAULT_READ,3,0x0) = 34939650048 (0x82290c000)
mmap(0x0,348160,PROT_NONE,MAP_GUARD,-1,0x0)	 = 34942148608 (0x822b6e000)
mmap(0x822b6e000,122880,PROT_READ,MAP_PRIVATE|MAP_FIXED|MAP_NOCORE|MAP_PREFAULT_READ,3,0x0) = 34942148608 (0x822b6e000)
mmap(0x822b8c000,208896,PROT_READ|PROT_EXEC,MAP_PRIVATE|MAP_FIXED|MAP_NOCORE|MAP_PREFAULT_READ,3,0x1d000) = 34942271488 (0x822b8c000)
mmap(0x822bbf000,8192,PROT_READ|PROT_WRITE,MAP_PRIVATE|MAP_FIXED|MAP_PREFAULT_READ,3,0x4f000) = 34942480384 (0x822bbf000)
mmap(0x822bc1000,8192,PROT_READ|PROT_WRITE,MAP_PRIVATE|MAP_FIXED|MAP_PREFAULT_READ,3,0x50000) = 34942488576 (0x822bc1000)
munmap(0x82290c000,4096)			 = 0 (0x0)
close(3)					 = 0 (0x0)
open("/usr/local/lib/libcrypto.so.56",O_RDONLY|O_CLOEXEC|O_VERIFY,00) = 3 (0x3)
fstat(3,{ mode=-rw-r--r-- ,inode=164016,size=1993544,blksize=32768 }) = 0 (0x0)
mmap(0x0,4096,PROT_READ,MAP_PRIVATE|MAP_PREFAULT_READ,3,0x0) = 34957176832 (0x8239c3000)
mmap(0x0,2015232,PROT_NONE,MAP_GUARD,-1,0x0)	 = 34924449792 (0x821a8d000)
mmap(0x821a8d000,823296,PROT_READ,MAP_PRIVATE|MAP_FIXED|MAP_NOCORE|MAP_PREFAULT_READ,3,0x0) = 34924449792 (0x821a8d000)
mmap(0x821b56000,1032192,PROT_READ|PROT_EXEC,MAP_PRIVATE|MAP_FIXED|MAP_NOCORE|MAP_PREFAULT_READ,3,0xc8000) = 34925273088 (0x821b56000)
mmap(0x821c52000,147456,PROT_READ|PROT_WRITE,MAP_PRIVATE|MAP_FIXED|MAP_PREFAULT_READ,3,0x1c3000) = 34926305280 (0x821c52000)
mmap(0x821c76000,4096,PROT_READ|PROT_WRITE,MAP_PRIVATE|MAP_FIXED|MAP_PREFAULT_READ,3,0x1e6000) = 34926452736 (0x821c76000)
mmap(0x821c77000,8192,PROT_READ|PROT_WRITE,MAP_PRIVATE|MAP_FIXED|MAP_ANON,-1,0x0) = 34926456832 (0x821c77000)
munmap(0x8239c3000,4096)			 = 0 (0x0)
close(3)					 = 0 (0x0)
open("/usr/local/lib/libssl.so.59",O_RDONLY|O_CLOEXEC|O_VERIFY,00) = 3 (0x3)
fstat(3,{ mode=-rw-r--r-- ,inode=164020,size=412264,blksize=32768 }) = 0 (0x0)
mmap(0x0,4096,PROT_READ,MAP_PRIVATE|MAP_PREFAULT_READ,3,0x0) = 34973954048 (0x8249c3000)
mmap(0x0,425984,PROT_NONE,MAP_GUARD,-1,0x0)	 = 34958934016 (0x823b70000)
mmap(0x823b70000,155648,PROT_READ,MAP_PRIVATE|MAP_FIXED|MAP_NOCORE|MAP_PREFAULT_READ,3,0x0) = 34958934016 (0x823b70000)
mmap(0x823b96000,237568,PROT_READ|PROT_EXEC,MAP_PRIVATE|MAP_FIXED|MAP_NOCORE|MAP_PREFAULT_READ,3,0x25000) = 34959089664 (0x823b96000)
mmap(0x823bd0000,28672,PROT_READ|PROT_WRITE,MAP_PRIVATE|MAP_FIXED|MAP_PREFAULT_READ,3,0x5e000) = 34959327232 (0x823bd0000)
mmap(0x823bd7000,4096,PROT_READ|PROT_WRITE,MAP_PRIVATE|MAP_FIXED|MAP_PREFAULT_READ,3,0x64000) = 34959355904 (0x823bd7000)
munmap(0x8249c3000,4096)			 = 0 (0x0)
close(3)					 = 0 (0x0)
open("/usr/local/lib/libc.so.7",O_RDONLY|O_CLOEXEC|O_VERIFY,00) ERR#2 'No such file or directory'
open("/lib/libc.so.7",O_RDONLY|O_CLOEXEC|O_VERIFY,00) = 3 (0x3)
fstat(3,{ mode=-r--r--r-- ,inode=28044,size=1957616,blksize=32768 }) = 0 (0x0)
mmap(0x0,4096,PROT_READ,MAP_PRIVATE|MAP_PREFAULT_READ,3,0x0) = 34965651456 (0x8241d8000)
mmap(0x0,3158016,PROT_NONE,MAP_GUARD,-1,0x0)	 = 34974101504 (0x8249e7000)
mmap(0x8249e7000,544768,PROT_READ,MAP_PRIVATE|MAP_FIXED|MAP_NOCORE|MAP_PREFAULT_READ,3,0x0) = 34974101504 (0x8249e7000)
mmap(0x824a6c000,1355776,PROT_READ|PROT_EXEC,MAP_PRIVATE|MAP_FIXED|MAP_NOCORE|MAP_PREFAULT_READ,3,0x84000) = 34974646272 (0x824a6c000)
mmap(0x824bb7000,40960,PROT_READ|PROT_WRITE,MAP_PRIVATE|MAP_FIXED|MAP_PREFAULT_READ,3,0x1ce000) = 34976002048 (0x824bb7000)
mmap(0x824bc1000,28672,PROT_READ|PROT_WRITE,MAP_PRIVATE|MAP_FIXED|MAP_PREFAULT_READ,3,0x1d7000) = 34976043008 (0x824bc1000)
mmap(0x824bc8000,1187840,PROT_READ|PROT_WRITE,MAP_PRIVATE|MAP_FIXED|MAP_ANON,-1,0x0) = 34976071680 (0x824bc8000)
munmap(0x8241d8000,4096)			 = 0 (0x0)
close(3)					 = 0 (0x0)
open("/lib/libthr.so.3",O_RDONLY|O_CLOEXEC|O_VERIFY,00) = 3 (0x3)
fstat(3,{ mode=-r--r--r-- ,inode=28074,size=128008,blksize=32768 }) = 0 (0x0)
mmap(0x0,4096,PROT_READ,MAP_PRIVATE|MAP_PREFAULT_READ,3,0x0) = 34985648128 (0x8254ea000)
mmap(0x0,188416,PROT_NONE,MAP_GUARD,-1,0x0)	 = 34999652352 (0x826245000)
mmap(0x826245000,53248,PROT_READ,MAP_PRIVATE|MAP_FIXED|MAP_NOCORE|MAP_PREFAULT_READ,3,0x0) = 34999652352 (0x826245000)
mmap(0x826252000,73728,PROT_READ|PROT_EXEC,MAP_PRIVATE|MAP_FIXED|MAP_NOCORE|MAP_PREFAULT_READ,3,0xc000) = 34999705600 (0x826252000)
mmap(0x826264000,8192,PROT_READ|PROT_WRITE,MAP_PRIVATE|MAP_FIXED|MAP_PREFAULT_READ,3,0x1d000) = 34999779328 (0x826264000)
mmap(0x826266000,4096,PROT_READ|PROT_WRITE,MAP_PRIVATE|MAP_FIXED|MAP_PREFAULT_READ,3,0x1e000) = 34999787520 (0x826266000)
mmap(0x826267000,49152,PROT_READ|PROT_WRITE,MAP_PRIVATE|MAP_FIXED|MAP_ANON,-1,0x0) = 34999791616 (0x826267000)
munmap(0x8254ea000,4096)			 = 0 (0x0)
close(3)					 = 0 (0x0)
mprotect(0x821907000,8192,PROT_READ)		 = 0 (0x0)
mprotect(0x822bbf000,8192,PROT_READ)		 = 0 (0x0)
mprotect(0x821c52000,147456,PROT_READ)		 = 0 (0x0)
mprotect(0x823bd0000,28672,PROT_READ)		 = 0 (0x0)
mprotect(0x824bb7000,40960,PROT_READ)		 = 0 (0x0)
mprotect(0x826264000,8192,PROT_READ)		 = 0 (0x0)
mprotect(0x824bb7000,40960,PROT_READ|PROT_WRITE) = 0 (0x0)
mprotect(0x824bb7000,40960,PROT_READ)		 = 0 (0x0)
mprotect(0x821c52000,147456,PROT_READ|PROT_WRITE) = 0 (0x0)
mprotect(0x821c52000,147456,PROT_READ)		 = 0 (0x0)
mprotect(0x823bd0000,28672,PROT_READ|PROT_WRITE) = 0 (0x0)
mprotect(0x823bd0000,28672,PROT_READ)		 = 0 (0x0)
mprotect(0x26f000,12288,PROT_READ|PROT_WRITE)	 = 0 (0x0)
mprotect(0x26f000,12288,PROT_READ)		 = 0 (0x0)
readlink("/etc/malloc.conf",0x8209b04a0,1024)	 ERR#2 'No such file or directory'
issetugid()					 = 0 (0x0)
mmap(0x0,2097152,PROT_READ|PROT_WRITE,MAP_PRIVATE|MAP_ANON|MAP_ALIGNED(21),-1,0x0) = 28484533485568 (0x19e812800000)
cap_getmode({ 0 })				 = 0 (0x0)
open("/dev/pvclock",O_RDONLY|O_CLOEXEC,04451735170) = 3 (0x3)
mmap(0x0,128,PROT_READ,MAP_SHARED,3,0x0)	 = 35014520832 (0x827073000)
close(3)					 = 0 (0x0)
mmap(0x0,2097152,PROT_READ|PROT_WRITE,MAP_PRIVATE|MAP_ANON|MAP_ALIGNED(12),-1,0x0) = 28484535582720 (0x19e812a00000)
mmap(0x0,6291456,PROT_READ|PROT_WRITE,MAP_PRIVATE|MAP_ANON|MAP_ALIGNED(21),-1,0x0) = 28484537679872 (0x19e812c00000)
mmap(0x0,135168,PROT_READ|PROT_WRITE,MAP_PRIVATE|MAP_ANON,-1,0x0) = 28484531523584 (0x19e812621000)
thr_self(0x19e812621008)			 = 0 (0x0)
mmap(0x8009b1000,4096,PROT_NONE,MAP_ANON,-1,0x0) = 34984259584 (0x825397000)
rtprio_thread(RTP_LOOKUP,100145,0x8209b08ec)	 = 0 (0x0)
sigaction(SIGTHR,{ 0x82625ea80 SA_SIGINFO ss_t },0x0) = 0 (0x0)
sigprocmask(SIG_UNBLOCK,{ },0x0)		 = 0 (0x0)
_umtx_op(0x8209b08e0,UMTX_OP_WAKE,0x1,0x0,0x0)	 = 0 (0x0)
mprotect(0x0,0,PROT_NONE)			 = 0 (0x0)
thr_wake(0xffffffffffffffff)			 ERR#3 'No such process'
getpid()					 = 2682 (0xa7a)
getpid()					 = 2682 (0xa7a)
sigprocmask(SIG_BLOCK,{ SIGHUP|SIGINT|SIGQUIT|SIGILL|SIGTRAP|SIGABRT|SIGEMT|SIGFPE|SIGKILL|SIGBUS|SIGSEGV|SIGSYS|SIGPIPE|SIGALRM|SIGTERM|SIGURG|SIGSTOP|SIGTSTP|SIGCONT|SIGCHLD|SIGTTIN|SIGTTOU|SIGIO|SIGXCPU|SIGXFSZ|SIGVTALRM|SIGPROF|SIGWINCH|SIGINFO|SIGUSR1|SIGUSR2 },{ }) = 0 (0x0)
sigfastblock(0x3,0x0)				 = 0 (0x0)
sigprocmask(SIG_SETMASK,{ },0x0)		 = 0 (0x0)
sigfastblock(0x1,0x19e812621040)		 = 0 (0x0)
getcontext(0x8209afd80)				 = 0 (0x0)
sysarch(AMD64_GET_XFPUSTATE,0x8209afd48)	 = 0 (0x0)
mprotect(0x26f000,12288,PROT_READ)		 = 0 (0x0)
open("/etc/localtime",O_RDONLY,01745)		 ERR#2 'No such file or directory'
fstatat(AT_FDCWD,"/etc/nsswitch.conf",{ mode=-rw-r--r-- ,inode=689,size=260,blksize=32768 },0x0) = 0 (0x0)
open("/etc/nsswitch.conf",O_RDONLY|O_CLOEXEC,0666) = 3 (0x3)
fstat(3,{ mode=-rw-r--r-- ,inode=689,size=260,blksize=32768 }) = 0 (0x0)
read(3,"#\n# nsswitch.conf(5) - name ser"...,32768) = 260 (0x104)
read(3,0x19e812a41dc0,32768)			 = 0 (0x0)
close(3)					 = 0 (0x0)
geteuid()					 = 0 (0x0)
open("/etc/spwd.db",O_RDONLY|O_CLOEXEC,00)	 = 3 (0x3)
fstat(3,{ mode=-rw------- ,inode=804,size=40960,blksize=32768 }) = 0 (0x0)
read(3,"\0\^F\^Ua\0\0\0\^B\0\0\^P\M-a\0"...,260) = 260 (0x104)
pread(3,"\0 \^O\M-x\^O\M-w\^O\M-r\^O\M-8"...,4096,0x6000) = 4096 (0x1000)
pread(3,"\0\^Z\^O\M-{\^O\M->\^O\M-9\^Oz"...,4096,0x4000) = 4096 (0x1000)
pread(3,"\0\^X\^O\M-{\^O\M-A\^O\M-<\^Og"...,4096,0x5000) = 4096 (0x1000)
pread(3,"\0\^X\^O\M-{\^O\M->\^O\M-9\^Om"...,4096,0x7000) = 4096 (0x1000)
pread(3,"\0\^V\^O\M-{\^O\M-/\^O\M-*\^Oo"...,4096,0x8000) = 4096 (0x1000)
pread(3,"\0\^V\^O\M-{\^O\M-@\^O\M-;\^O~"...,4096,0x1000) = 4096 (0x1000)
pread(3,"\0\^T\^O\M-{\^O\M->\^O\M-9\^Ol"...,4096,0x2000) = 4096 (0x1000)
pread(3,"\0\^V\^O\M-|\^O\M-0\^O\M-,\^Oq"...,4096,0x3000) = 4096 (0x1000)
close(3)					 = 0 (0x0)
socket(PF_LOCAL,SOCK_DGRAM|SOCK_CLOEXEC,0)	 = 3 (0x3)
getsockopt(3,SOL_SOCKET,SO_SNDBUF,0x8209b1754,0x8209b1750) = 0 (0x0)
connect(3,{ AF_UNIX "/var/run/log" },106)	 = 0 (0x0)
geteuid()					 = 0 (0x0)
open("/dev/null",O_RDWR,00)			 = 4 (0x4)
open("/",O_EXEC,00)				 = 5 (0x5)
sigprocmask(SIG_SETMASK,{ SIGHUP|SIGINT|SIGQUIT|SIGILL|SIGTRAP|SIGABRT|SIGEMT|SIGFPE|SIGKILL|SIGBUS|SIGSEGV|SIGSYS|SIGPIPE|SIGALRM|SIGTERM|SIGURG|SIGSTOP|SIGTSTP|SIGCONT|SIGCHLD|SIGTTIN|SIGTTOU|SIGIO|SIGXCPU|SIGXFSZ|SIGVTALRM|SIGPROF|SIGWINCH|SIGINFO|SIGUSR1|SIGUSR2 },{ }) = 0 (0x0)
sigaction(SIGHUP,{ SIG_IGN 0x0 ss_t },{ SIG_DFL SA_RESTART ss_t }) = 0 (0x0)
sigprocmask(SIG_SETMASK,{ },0x0)		 = 0 (0x0)
fork()						 = 2683 (0xa7b)
exit(0x0)					
process exit, rval = 0
