mmap(0x0,135168,PROT_READ|PROT_WRITE,MAP_PRIVATE|MAP_ANON,-1,0x0) = 12556039094272 (0xb6b6e400000)
mprotect(0x1b2d5b49d000,8192,PROT_READ)		 = 0 (0x0)
issetugid()					 = 0 (0x0)
sigfastblock(0x1,0x1b2d5b4a0640)		 = 0 (0x0)
__sysctl("kern.ostype",2,0x1b2d5b49ff9a,0x82032c580,0x0,0) = 0 (0x0)
__sysctl("kern.hostname",2,0x1b2d5b4a009a,0x82032c580,0x0,0) = 0 (0x0)
__sysctl("kern.osrelease",2,0x1b2d5b4a019a,0x82032c580,0x0,0) = 0 (0x0)
__sysctl("kern.version",2,0x1b2d5b4a029a,0x82032c580,0x0,0) = 0 (0x0)
__sysctl("hw.machine",2,0x1b2d5b4a039a,0x82032c580,0x0,0) = 0 (0x0)
open("/etc/libmap.conf",O_RDONLY|O_CLOEXEC,015620030030) = 3 (0x3)
fstat(3,{ mode=-rw-r--r-- ,inode=645,size=35,blksize=32768 }) = 0 (0x0)
read(3,"includedir /usr/local/etc/libmap"...,35) = 35 (0x23)
close(3)					 = 0 (0x0)
open("/usr/local/etc/libmap.d",O_RDONLY|O_NONBLOCK|O_DIRECTORY|O_CLOEXEC,0165) ERR#2 'No such file or directory'
open("/usr/local/lib/libutil.so.9",O_RDONLY|O_CLOEXEC|O_VERIFY,00) ERR#2 'No such file or directory'
open("/var/run/ld-elf.so.hints",O_RDONLY|O_CLOEXEC,010041163) = 3 (0x3)
read(3,"Ehnt\^A\0\0\0\M^@\0\0\0\M^V\0\0"...,128) = 128 (0x80)
fstat(3,{ mode=-r--r--r-- ,inode=805,size=278,blksize=32768 }) = 0 (0x0)
pread(3,"/lib:/usr/lib:/usr/lib/compat:/u"...,150,0x80) = 150 (0x96)
close(3)					 = 0 (0x0)
open("/lib/libutil.so.9",O_RDONLY|O_CLOEXEC|O_VERIFY,00) = 3 (0x3)
fstat(3,{ mode=-r--r--r-- ,inode=28064,size=82408,blksize=32768 }) = 0 (0x0)
mmap(0x0,4096,PROT_READ,MAP_PRIVATE|MAP_PREFAULT_READ,3,0x0) = 34936324096 (0x8225e0000)
mmap(0x0,102400,PROT_NONE,MAP_GUARD,-1,0x0)	 = 34910908416 (0x820da3000)
mmap(0x820da3000,32768,PROT_READ,MAP_PRIVATE|MAP_FIXED|MAP_NOCORE|MAP_PREFAULT_READ,3,0x0) = 34910908416 (0x820da3000)
mmap(0x820dab000,49152,PROT_READ|PROT_EXEC,MAP_PRIVATE|MAP_FIXED|MAP_NOCORE|MAP_PREFAULT_READ,3,0x7000) = 34910941184 (0x820dab000)
mmap(0x820db7000,8192,PROT_READ|PROT_WRITE,MAP_PRIVATE|MAP_FIXED|MAP_PREFAULT_READ,3,0x12000) = 34910990336 (0x820db7000)
mmap(0x820db9000,4096,PROT_READ|PROT_WRITE,MAP_PRIVATE|MAP_FIXED|MAP_PREFAULT_READ,3,0x13000) = 34910998528 (0x820db9000)
mmap(0x820dba000,8192,PROT_READ|PROT_WRITE,MAP_PRIVATE|MAP_FIXED|MAP_ANON,-1,0x0) = 34911002624 (0x820dba000)
munmap(0x8225e0000,4096)			 = 0 (0x0)
close(3)					 = 0 (0x0)
open("/usr/local/lib/libevent-2.1.so.7",O_RDONLY|O_CLOEXEC|O_VERIFY,00) = 3 (0x3)
fstat(3,{ mode=-rwxr-xr-x ,inode=161858,size=334248,blksize=32768 }) = 0 (0x0)
mmap(0x0,4096,PROT_READ,MAP_PRIVATE|MAP_PREFAULT_READ,3,0x0) = 34936176640 (0x8225bc000)
mmap(0x0,348160,PROT_NONE,MAP_GUARD,-1,0x0)	 = 34926690304 (0x821cb0000)
mmap(0x821cb0000,122880,PROT_READ,MAP_PRIVATE|MAP_FIXED|MAP_NOCORE|MAP_PREFAULT_READ,3,0x0) = 34926690304 (0x821cb0000)
mmap(0x821cce000,208896,PROT_READ|PROT_EXEC,MAP_PRIVATE|MAP_FIXED|MAP_NOCORE|MAP_PREFAULT_READ,3,0x1d000) = 34926813184 (0x821cce000)
mmap(0x821d01000,8192,PROT_READ|PROT_WRITE,MAP_PRIVATE|MAP_FIXED|MAP_PREFAULT_READ,3,0x4f000) = 34927022080 (0x821d01000)
mmap(0x821d03000,8192,PROT_READ|PROT_WRITE,MAP_PRIVATE|MAP_FIXED|MAP_PREFAULT_READ,3,0x50000) = 34927030272 (0x821d03000)
munmap(0x8225bc000,4096)			 = 0 (0x0)
close(3)					 = 0 (0x0)
open("/usr/local/lib/libcrypto.so.56",O_RDONLY|O_CLOEXEC|O_VERIFY,00) = 3 (0x3)
fstat(3,{ mode=-rw-r--r-- ,inode=164016,size=1993544,blksize=32768 }) = 0 (0x0)
mmap(0x0,4096,PROT_READ,MAP_PRIVATE|MAP_PREFAULT_READ,3,0x0) = 34935427072 (0x822505000)
mmap(0x0,2015232,PROT_NONE,MAP_GUARD,-1,0x0)	 = 34941214720 (0x822a8a000)
mmap(0x822a8a000,823296,PROT_READ,MAP_PRIVATE|MAP_FIXED|MAP_NOCORE|MAP_PREFAULT_READ,3,0x0) = 34941214720 (0x822a8a000)
mmap(0x822b53000,1032192,PROT_READ|PROT_EXEC,MAP_PRIVATE|MAP_FIXED|MAP_NOCORE|MAP_PREFAULT_READ,3,0xc8000) = 34942038016 (0x822b53000)
mmap(0x822c4f000,147456,PROT_READ|PROT_WRITE,MAP_PRIVATE|MAP_FIXED|MAP_PREFAULT_READ,3,0x1c3000) = 34943070208 (0x822c4f000)
mmap(0x822c73000,4096,PROT_READ|PROT_WRITE,MAP_PRIVATE|MAP_FIXED|MAP_PREFAULT_READ,3,0x1e6000) = 34943217664 (0x822c73000)
mmap(0x822c74000,8192,PROT_READ|PROT_WRITE,MAP_PRIVATE|MAP_FIXED|MAP_ANON,-1,0x0) = 34943221760 (0x822c74000)
munmap(0x822505000,4096)			 = 0 (0x0)
close(3)					 = 0 (0x0)
open("/usr/local/lib/libssl.so.59",O_RDONLY|O_CLOEXEC|O_VERIFY,00) = 3 (0x3)
fstat(3,{ mode=-rw-r--r-- ,inode=164020,size=412264,blksize=32768 }) = 0 (0x0)
mmap(0x0,4096,PROT_READ,MAP_PRIVATE|MAP_PREFAULT_READ,3,0x0) = 34945327104 (0x822e76000)
mmap(0x0,425984,PROT_NONE,MAP_GUARD,-1,0x0)	 = 34960797696 (0x823d37000)
mmap(0x823d37000,155648,PROT_READ,MAP_PRIVATE|MAP_FIXED|MAP_NOCORE|MAP_PREFAULT_READ,3,0x0) = 34960797696 (0x823d37000)
mmap(0x823d5d000,237568,PROT_READ|PROT_EXEC,MAP_PRIVATE|MAP_FIXED|MAP_NOCORE|MAP_PREFAULT_READ,3,0x25000) = 34960953344 (0x823d5d000)
mmap(0x823d97000,28672,PROT_READ|PROT_WRITE,MAP_PRIVATE|MAP_FIXED|MAP_PREFAULT_READ,3,0x5e000) = 34961190912 (0x823d97000)
mmap(0x823d9e000,4096,PROT_READ|PROT_WRITE,MAP_PRIVATE|MAP_FIXED|MAP_PREFAULT_READ,3,0x64000) = 34961219584 (0x823d9e000)
munmap(0x822e76000,4096)			 = 0 (0x0)
close(3)					 = 0 (0x0)
open("/usr/local/lib/libc.so.7",O_RDONLY|O_CLOEXEC|O_VERIFY,00) ERR#2 'No such file or directory'
open("/lib/libc.so.7",O_RDONLY|O_CLOEXEC|O_VERIFY,00) = 3 (0x3)
fstat(3,{ mode=-r--r--r-- ,inode=28044,size=1957616,blksize=32768 }) = 0 (0x0)
mmap(0x0,4096,PROT_READ,MAP_PRIVATE|MAP_PREFAULT_READ,3,0x0) = 34973806592 (0x82499f000)
mmap(0x0,3158016,PROT_NONE,MAP_GUARD,-1,0x0)	 = 34990374912 (0x82596c000)
mmap(0x82596c000,544768,PROT_READ,MAP_PRIVATE|MAP_FIXED|MAP_NOCORE|MAP_PREFAULT_READ,3,0x0) = 34990374912 (0x82596c000)
mmap(0x8259f1000,1355776,PROT_READ|PROT_EXEC,MAP_PRIVATE|MAP_FIXED|MAP_NOCORE|MAP_PREFAULT_READ,3,0x84000) = 34990919680 (0x8259f1000)
mmap(0x825b3c000,40960,PROT_READ|PROT_WRITE,MAP_PRIVATE|MAP_FIXED|MAP_PREFAULT_READ,3,0x1ce000) = 34992275456 (0x825b3c000)
mmap(0x825b46000,28672,PROT_READ|PROT_WRITE,MAP_PRIVATE|MAP_FIXED|MAP_PREFAULT_READ,3,0x1d7000) = 34992316416 (0x825b46000)
mmap(0x825b4d000,1187840,PROT_READ|PROT_WRITE,MAP_PRIVATE|MAP_FIXED|MAP_ANON,-1,0x0) = 34992345088 (0x825b4d000)
munmap(0x82499f000,4096)			 = 0 (0x0)
close(3)					 = 0 (0x0)
open("/lib/libthr.so.3",O_RDONLY|O_CLOEXEC|O_VERIFY,00) = 3 (0x3)
fstat(3,{ mode=-r--r--r-- ,inode=28074,size=128008,blksize=32768 }) = 0 (0x0)
mmap(0x0,4096,PROT_READ,MAP_PRIVATE|MAP_PREFAULT_READ,3,0x0) = 35010310144 (0x826c6f000)
mmap(0x0,188416,PROT_NONE,MAP_GUARD,-1,0x0)	 = 34946007040 (0x822f1c000)
mmap(0x822f1c000,53248,PROT_READ,MAP_PRIVATE|MAP_FIXED|MAP_NOCORE|MAP_PREFAULT_READ,3,0x0) = 34946007040 (0x822f1c000)
mmap(0x822f29000,73728,PROT_READ|PROT_EXEC,MAP_PRIVATE|MAP_FIXED|MAP_NOCORE|MAP_PREFAULT_READ,3,0xc000) = 34946060288 (0x822f29000)
mmap(0x822f3b000,8192,PROT_READ|PROT_WRITE,MAP_PRIVATE|MAP_FIXED|MAP_PREFAULT_READ,3,0x1d000) = 34946134016 (0x822f3b000)
mmap(0x822f3d000,4096,PROT_READ|PROT_WRITE,MAP_PRIVATE|MAP_FIXED|MAP_PREFAULT_READ,3,0x1e000) = 34946142208 (0x822f3d000)
mmap(0x822f3e000,49152,PROT_READ|PROT_WRITE,MAP_PRIVATE|MAP_FIXED|MAP_ANON,-1,0x0) = 34946146304 (0x822f3e000)
munmap(0x826c6f000,4096)			 = 0 (0x0)
close(3)					 = 0 (0x0)
mprotect(0x820db7000,8192,PROT_READ)		 = 0 (0x0)
mprotect(0x821d01000,8192,PROT_READ)		 = 0 (0x0)
mprotect(0x822c4f000,147456,PROT_READ)		 = 0 (0x0)
mprotect(0x823d97000,28672,PROT_READ)		 = 0 (0x0)
mprotect(0x825b3c000,40960,PROT_READ)		 = 0 (0x0)
mprotect(0x822f3b000,8192,PROT_READ)		 = 0 (0x0)
mprotect(0x825b3c000,40960,PROT_READ|PROT_WRITE) = 0 (0x0)
mprotect(0x825b3c000,40960,PROT_READ)		 = 0 (0x0)
mprotect(0x822c4f000,147456,PROT_READ|PROT_WRITE) = 0 (0x0)
mprotect(0x822c4f000,147456,PROT_READ)		 = 0 (0x0)
mprotect(0x823d97000,28672,PROT_READ|PROT_WRITE) = 0 (0x0)
mprotect(0x823d97000,28672,PROT_READ)		 = 0 (0x0)
mprotect(0x26f000,12288,PROT_READ|PROT_WRITE)	 = 0 (0x0)
mprotect(0x26f000,12288,PROT_READ)		 = 0 (0x0)
readlink("/etc/malloc.conf",0x82032bd40,1024)	 ERR#2 'No such file or directory'
issetugid()					 = 0 (0x0)
mmap(0x0,2097152,PROT_READ|PROT_WRITE,MAP_PRIVATE|MAP_ANON|MAP_ALIGNED(21),-1,0x0) = 12556041191424 (0xb6b6e600000)
cap_getmode({ 0 })				 = 0 (0x0)
open("/dev/pvclock",O_RDONLY|O_CLOEXEC,04550005170) = 3 (0x3)
mmap(0x0,128,PROT_READ,MAP_SHARED,3,0x0)	 = 35018698752 (0x82746f000)
close(3)					 = 0 (0x0)
mmap(0x0,2097152,PROT_READ|PROT_WRITE,MAP_PRIVATE|MAP_ANON|MAP_ALIGNED(12),-1,0x0) = 12556043288576 (0xb6b6e800000)
mmap(0x0,6291456,PROT_READ|PROT_WRITE,MAP_PRIVATE|MAP_ANON|MAP_ALIGNED(21),-1,0x0) = 12556045385728 (0xb6b6ea00000)
mmap(0x0,135168,PROT_READ|PROT_WRITE,MAP_PRIVATE|MAP_ANON,-1,0x0) = 12556039229440 (0xb6b6e421000)
thr_self(0xb6b6e421008)				 = 0 (0x0)
mmap(0x80032d000,4096,PROT_NONE,MAP_ANON,-1,0x0) = 34964180992 (0x824071000)
rtprio_thread(RTP_LOOKUP,100439,0x82032c18c)	 = 0 (0x0)
sigaction(SIGTHR,{ 0x822f35a80 SA_SIGINFO ss_t },0x0) = 0 (0x0)
sigprocmask(SIG_UNBLOCK,{ },0x0)		 = 0 (0x0)
_umtx_op(0x82032c180,UMTX_OP_WAKE,0x1,0x0,0x0)	 = 0 (0x0)
mprotect(0x0,0,PROT_NONE)			 = 0 (0x0)
thr_wake(0xffffffffffffffff)			 ERR#3 'No such process'
getpid()					 = 2511 (0x9cf)
getpid()					 = 2511 (0x9cf)
sigprocmask(SIG_BLOCK,{ SIGHUP|SIGINT|SIGQUIT|SIGILL|SIGTRAP|SIGABRT|SIGEMT|SIGFPE|SIGKILL|SIGBUS|SIGSEGV|SIGSYS|SIGPIPE|SIGALRM|SIGTERM|SIGURG|SIGSTOP|SIGTSTP|SIGCONT|SIGCHLD|SIGTTIN|SIGTTOU|SIGIO|SIGXCPU|SIGXFSZ|SIGVTALRM|SIGPROF|SIGWINCH|SIGINFO|SIGUSR1|SIGUSR2 },{ }) = 0 (0x0)
sigfastblock(0x3,0x0)				 = 0 (0x0)
sigprocmask(SIG_SETMASK,{ },0x0)		 = 0 (0x0)
sigfastblock(0x1,0xb6b6e421040)			 = 0 (0x0)
getcontext(0x82032b620)				 = 0 (0x0)
sysarch(AMD64_GET_XFPUSTATE,0x82032b5e8)	 = 0 (0x0)
mprotect(0x26f000,12288,PROT_READ)		 = 0 (0x0)
open("/etc/localtime",O_RDONLY,01745)		 ERR#2 'No such file or directory'
fstatat(AT_FDCWD,"/etc/nsswitch.conf",{ mode=-rw-r--r-- ,inode=689,size=260,blksize=32768 },0x0) = 0 (0x0)
open("/etc/nsswitch.conf",O_RDONLY|O_CLOEXEC,0666) = 3 (0x3)
fstat(3,{ mode=-rw-r--r-- ,inode=689,size=260,blksize=32768 }) = 0 (0x0)
read(3,"#\n# nsswitch.conf(5) - name ser"...,32768) = 260 (0x104)
read(3,0xb6b6e841800,32768)			 = 0 (0x0)
close(3)					 = 0 (0x0)
geteuid()					 = 0 (0x0)
open("/etc/spwd.db",O_RDONLY|O_CLOEXEC,00)	 = 3 (0x3)
fstat(3,{ mode=-rw------- ,inode=804,size=40960,blksize=32768 }) = 0 (0x0)
read(3,"\0\^F\^Ua\0\0\0\^B\0\0\^P\M-a\0"...,260) = 260 (0x104)
pread(3,"\0 \^O\M-x\^O\M-w\^O\M-r\^O\M-8"...,4096,0x6000) = 4096 (0x1000)
pread(3,"\0\^Z\^O\M-{\^O\M->\^O\M-9\^Oz"...,4096,0x4000) = 4096 (0x1000)
pread(3,"\0\^X\^O\M-{\^O\M-A\^O\M-<\^Og"...,4096,0x5000) = 4096 (0x1000)
pread(3,"\0\^X\^O\M-{\^O\M->\^O\M-9\^Om"...,4096,0x7000) = 4096 (0x1000)
pread(3,"\0\^V\^O\M-{\^O\M-/\^O\M-*\^Oo"...,4096,0x8000) = 4096 (0x1000)
pread(3,"\0\^V\^O\M-{\^O\M-@\^O\M-;\^O~"...,4096,0x1000) = 4096 (0x1000)
pread(3,"\0\^T\^O\M-{\^O\M->\^O\M-9\^Ol"...,4096,0x2000) = 4096 (0x1000)
pread(3,"\0\^V\^O\M-|\^O\M-0\^O\M-,\^Oq"...,4096,0x3000) = 4096 (0x1000)
close(3)					 = 0 (0x0)
geteuid()					 = 0 (0x0)
socketpair(0x1,0x30000001,0x0,0x82032d0c8)	 = 0 (0x0)
socketpair(0x1,0x30000001,0x0,0x82032d0c8)	 = 0 (0x0)
socketpair(0x1,0x30000001,0x0,0x82032d0c8)	 = 0 (0x0)
fork()						 = 2512 (0x9d0)
close(6)					 = 0 (0x0)
fork()						 = 2513 (0x9d1)
close(4)					 = 0 (0x0)
fork()						 = 2514 (0x9d2)
close(8)					 = 0 (0x0)
__sysctl("kern.proc.args.-1",4,0x0,0x0,0xb6b6e82d000,13) = 0 (0x0)
issetugid()					 = 0 (0x0)
issetugid()					 = 0 (0x0)
kqueue()					 = 4 (0x4)
getpid()					 = 2511 (0x9cf)
kevent(4,{ 18446744073709551615,EVFILT_READ,EV_ADD,0,0,0x0 },1,{ 18446744073709551615,EVFILT_READ,EV_ERROR,0,0x9,0x0 },64,0x0) = 1 (0x1)
issetugid()					 = 0 (0x0)
kevent(4,{ SIGINT,EVFILT_SIGNAL,EV_ADD,0,0,0x0 },1,0x0,0,{ 0.000000000 }) = 0 (0x0)
sigprocmask(SIG_SETMASK,{ SIGHUP|SIGINT|SIGQUIT|SIGILL|SIGTRAP|SIGABRT|SIGEMT|SIGFPE|SIGKILL|SIGBUS|SIGSEGV|SIGSYS|SIGPIPE|SIGALRM|SIGTERM|SIGURG|SIGSTOP|SIGTSTP|SIGCONT|SIGCHLD|SIGTTIN|SIGTTOU|SIGIO|SIGXCPU|SIGXFSZ|SIGVTALRM|SIGPROF|SIGWINCH|SIGINFO|SIGUSR1|SIGUSR2 },{ }) = 0 (0x0)
sigaction(SIGINT,{ SIG_IGN SA_RESTART ss_t },{ SIG_DFL 0x0 ss_t }) = 0 (0x0)
sigprocmask(SIG_SETMASK,{ },0x0)		 = 0 (0x0)
kevent(4,{ SIGTERM,EVFILT_SIGNAL,EV_ADD,0,0,0x0 },1,0x0,0,{ 0.000000000 }) = 0 (0x0)
sigprocmask(SIG_SETMASK,{ SIGHUP|SIGINT|SIGQUIT|SIGILL|SIGTRAP|SIGABRT|SIGEMT|SIGFPE|SIGKILL|SIGBUS|SIGSEGV|SIGSYS|SIGPIPE|SIGALRM|SIGTERM|SIGURG|SIGSTOP|SIGTSTP|SIGCONT|SIGCHLD|SIGTTIN|SIGTTOU|SIGIO|SIGXCPU|SIGXFSZ|SIGVTALRM|SIGPROF|SIGWINCH|SIGINFO|SIGUSR1|SIGUSR2 },{ }) = 0 (0x0)
sigaction(SIGTERM,{ SIG_IGN SA_RESTART ss_t },{ SIG_DFL 0x0 ss_t }) = 0 (0x0)
sigprocmask(SIG_SETMASK,{ },0x0)		 = 0 (0x0)
kevent(4,{ SIGCHLD,EVFILT_SIGNAL,EV_ADD,0,0,0x0 },1,0x0,0,{ 0.000000000 }) = 0 (0x0)
sigprocmask(SIG_SETMASK,{ SIGHUP|SIGINT|SIGQUIT|SIGILL|SIGTRAP|SIGABRT|SIGEMT|SIGFPE|SIGKILL|SIGBUS|SIGSEGV|SIGSYS|SIGPIPE|SIGALRM|SIGTERM|SIGURG|SIGSTOP|SIGTSTP|SIGCONT|SIGCHLD|SIGTTIN|SIGTTOU|SIGIO|SIGXCPU|SIGXFSZ|SIGVTALRM|SIGPROF|SIGWINCH|SIGINFO|SIGUSR1|SIGUSR2 },{ }) = 0 (0x0)
sigaction(SIGCHLD,{ SIG_DFL SA_RESTART ss_t },{ SIG_DFL SA_RESTART ss_t }) = 0 (0x0)
sigprocmask(SIG_SETMASK,{ },0x0)		 = 0 (0x0)
kevent(4,{ SIGHUP,EVFILT_SIGNAL,EV_ADD,0,0,0x0 },1,0x0,0,{ 0.000000000 }) = 0 (0x0)
sigprocmask(SIG_SETMASK,{ SIGHUP|SIGINT|SIGQUIT|SIGILL|SIGTRAP|SIGABRT|SIGEMT|SIGFPE|SIGKILL|SIGBUS|SIGSEGV|SIGSYS|SIGPIPE|SIGALRM|SIGTERM|SIGURG|SIGSTOP|SIGTSTP|SIGCONT|SIGCHLD|SIGTTIN|SIGTTOU|SIGIO|SIGXCPU|SIGXFSZ|SIGVTALRM|SIGPROF|SIGWINCH|SIGINFO|SIGUSR1|SIGUSR2 },{ }) = 0 (0x0)
sigaction(SIGHUP,{ SIG_IGN SA_RESTART ss_t },{ SIG_DFL SA_RESTART ss_t }) = 0 (0x0)
sigprocmask(SIG_SETMASK,{ },0x0)		 = 0 (0x0)
kevent(4,{ SIGPIPE,EVFILT_SIGNAL,EV_ADD,0,0,0x0 },1,0x0,0,{ 0.000000000 }) = 0 (0x0)
sigprocmask(SIG_SETMASK,{ SIGHUP|SIGINT|SIGQUIT|SIGILL|SIGTRAP|SIGABRT|SIGEMT|SIGFPE|SIGKILL|SIGBUS|SIGSEGV|SIGSYS|SIGPIPE|SIGALRM|SIGTERM|SIGURG|SIGSTOP|SIGTSTP|SIGCONT|SIGCHLD|SIGTTIN|SIGTTOU|SIGIO|SIGXCPU|SIGXFSZ|SIGVTALRM|SIGPROF|SIGWINCH|SIGINFO|SIGUSR1|SIGUSR2 },{ }) = 0 (0x0)
sigaction(SIGPIPE,{ SIG_IGN SA_RESTART ss_t },{ SIG_DFL SA_RESTART ss_t }) = 0 (0x0)
sigprocmask(SIG_SETMASK,{ },0x0)		 = 0 (0x0)
kevent(4,{ SIGUSR1,EVFILT_SIGNAL,EV_ADD,0,0,0x0 },1,0x0,0,{ 0.000000000 }) = 0 (0x0)
sigprocmask(SIG_SETMASK,{ SIGHUP|SIGINT|SIGQUIT|SIGILL|SIGTRAP|SIGABRT|SIGEMT|SIGFPE|SIGKILL|SIGBUS|SIGSEGV|SIGSYS|SIGPIPE|SIGALRM|SIGTERM|SIGURG|SIGSTOP|SIGTSTP|SIGCONT|SIGCHLD|SIGTTIN|SIGTTOU|SIGIO|SIGXCPU|SIGXFSZ|SIGVTALRM|SIGPROF|SIGWINCH|SIGINFO|SIGUSR1|SIGUSR2 },{ }) = 0 (0x0)
sigaction(SIGUSR1,{ SIG_IGN SA_RESTART ss_t },{ SIG_DFL 0x0 ss_t }) = 0 (0x0)
sigprocmask(SIG_SETMASK,{ },0x0)		 = 0 (0x0)
socket(PF_INET,SOCK_DGRAM,0)			 = 6 (0x6)
socket(PF_INET6,SOCK_DGRAM,0)			 = 8 (0x8)
socket(PF_ROUTE,SOCK_RAW,0)			 = 9 (0x9)
getpid()					 = 2511 (0x9cf)
getpid()					 = 2511 (0x9cf)
getpid()					 = 2511 (0x9cf)
getpid()					 = 2511 (0x9cf)
socketpair(0x1,0x30000001,0x0,0x82032d078)	 = 0 (0x0)
sendmsg(3,{NULL,0,[{"(\0\0\0\^X\0\0\M^@\M^?\M^?\M^?"...,24}],1,{{level=SOL_SOCKET,type=SCM_RIGHTS,data={0x0a,0x00,0x00,0x00}}},24,0},0) = 24 (0x18)
close(10)					 = 0 (0x0)
sendmsg(5,{NULL,0,[{"(\0\0\0\^X\0\0\M^@\M^?\M^?\M^?"...,24}],1,{{level=SOL_SOCKET,type=SCM_RIGHTS,data={0x0b,0x00,0x00,0x00}}},24,0},0) = 24 (0x18)
close(11)					 = 0 (0x0)
socketpair(0x1,0x30000001,0x0,0x82032d078)	 = 0 (0x0)
sendmsg(3,{NULL,0,[{"(\0\0\0\^X\0\0\M^@\M^?\M^?\M^?"...,24}],1,{{level=SOL_SOCKET,type=SCM_RIGHTS,data={0x0a,0x00,0x00,0x00}}},24,0},0) = 24 (0x18)
close(10)					 = 0 (0x0)
sendmsg(7,{NULL,0,[{"(\0\0\0\^X\0\0\M^@\M^?\M^?\M^?"...,24}],1,{{level=SOL_SOCKET,type=SCM_RIGHTS,data={0x0b,0x00,0x00,0x00}}},24,0},0) = 24 (0x18)
close(11)					 = 0 (0x0)
socketpair(0x1,0x30000001,0x0,0x82032d078)	 = 0 (0x0)
sendmsg(5,{NULL,0,[{"(\0\0\0\^X\0\0\M^@\M^?\M^?\M^?"...,24}],1,{{level=SOL_SOCKET,type=SCM_RIGHTS,data={0x0a,0x00,0x00,0x00}}},24,0},0) = 24 (0x18)
close(10)					 = 0 (0x0)
sendmsg(7,{NULL,0,[{"(\0\0\0\^X\0\0\M^@\M^?\M^?\M^?"...,24}],1,{{level=SOL_SOCKET,type=SCM_RIGHTS,data={0x0b,0x00,0x00,0x00}}},24,0},0) = 24 (0x18)
close(11)					 = 0 (0x0)
kevent(4,{ 3,EVFILT_READ,EV_ADD,0,0,0x30303 3,EVFILT_WRITE,EV_ADD,0,0,0x30303 5,EVFILT_READ,EV_ADD,0,0,0x30303 5,EVFILT_WRITE,EV_ADD,0,0,0x30303 7,EVFILT_READ,EV_ADD,0,0,0x30303 7,EVFILT_WRITE,EV_ADD,0,0,0x30303 },6,{ 3,EVFILT_WRITE,0x0,0,0x2000,0x30303 5,EVFILT_WRITE,0x0,0,0x2000,0x30303 7,EVFILT_WRITE,0x0,0,0x2000,0x30303 },64,0x0) = 3 (0x3)
sendmsg(3,{NULL,0,[{")\0\0\0\^P\0\0\0\M^?\M^?\M^?\M^?"...,16}],1,{},0,0},0) = 16 (0x10)
sendmsg(5,{NULL,0,[{")\0\0\0\^P\0\0\0\M^?\M^?\M^?\M^?"...,16}],1,{},0,0},0) = 16 (0x10)
sendmsg(7,{NULL,0,[{")\0\0\0\^P\0\0\0\M^?\M^?\M^?\M^?"...,16}],1,{},0,0},0) = 16 (0x10)
kevent(4,{ 3,EVFILT_READ,EV_ADD,0,0,0x30303 3,EVFILT_WRITE,EV_DELETE,0,0,0x0 5,EVFILT_READ,EV_ADD,0,0,0x30303 5,EVFILT_WRITE,EV_DELETE,0,0,0x0 7,EVFILT_READ,EV_ADD,0,0,0x30303 7,EVFILT_WRITE,EV_DELETE,0,0,0x0 },6,{ 5,EVFILT_READ,0x0,0,0x10,0x30303 },64,0x0) = 1 (0x1)
recvmsg(5,{NULL,0,[{")\0\0\0\^P\0\0\0\M^?\M^?\M^?\M^?"...,65535}],1,{},0,0},0) = 16 (0x10)
kevent(4,{ 5,EVFILT_READ,EV_ADD,0,0,0x30303 },1,{ 3,EVFILT_READ,0x0,0,0x10,0x30303 },64,0x0) = 1 (0x1)
recvmsg(3,{NULL,0,[{")\0\0\0\^P\0\0\0\M^?\M^?\M^?\M^?"...,65535}],1,{},0,0},0) = 16 (0x10)
kevent(4,{ 3,EVFILT_READ,EV_ADD,0,0,0x30303 },1,{ 7,EVFILT_READ,0x0,0,0x10,0x30303 },64,0x0) = 1 (0x1)
recvmsg(7,{NULL,0,[{")\0\0\0\^P\0\0\0\M^?\M^?\M^?\M^?"...,65535}],1,{},0,0},0) = 16 (0x10)
open("iked.conf",O_RDONLY,0666)			 = 10 (0xa)
fstat(10,{ mode=-rw------- ,inode=4735207,size=797,blksize=32768 }) = 0 (0x0)
fstat(10,{ mode=-rw------- ,inode=4735207,size=797,blksize=32768 }) = 0 (0x0)
read(10,"# $OpenBSD: iked.conf,v 1.1 2014"...,32768) = 797 (0x31d)
__sysctl("net.routetable.0.0.5.0",6,0x0,0x82032cc88,0x0,0) = 0 (0x0)
__sysctl("net.routetable.0.0.5.0",6,0xb6b6e835700,0x82032cc88,0x0,0) = 0 (0x0)
socket(PF_INET,SOCK_DGRAM,0)			 = 11 (0xb)
close(11)					 = 0 (0x0)
socket(PF_INET,SOCK_DGRAM,0)			 = 11 (0xb)
close(11)					 = 0 (0x0)
socket(PF_INET,SOCK_DGRAM,0)			 = 11 (0xb)
close(11)					 = 0 (0x0)
socket(PF_INET,SOCK_DGRAM,0)			 = 11 (0xb)
close(11)					 = 0 (0x0)
socket(PF_INET,SOCK_DGRAM,0)			 = 11 (0xb)
close(11)					 = 0 (0x0)
socket(PF_INET,SOCK_DGRAM,0)			 = 11 (0xb)
close(11)					 = 0 (0x0)
socket(PF_INET,SOCK_DGRAM,0)			 = 11 (0xb)
close(11)					 = 0 (0x0)
socket(PF_INET,SOCK_DGRAM,0)			 = 11 (0xb)
close(11)					 = 0 (0x0)
socket(PF_INET,SOCK_DGRAM,0)			 = 11 (0xb)
close(11)					 = 0 (0x0)
socket(PF_INET,SOCK_DGRAM,0)			 = 11 (0xb)
close(11)					 = 0 (0x0)
socket(PF_INET,SOCK_DGRAM,0)			 = 11 (0xb)
close(11)					 = 0 (0x0)
socket(PF_INET,SOCK_DGRAM,0)			 = 11 (0xb)
close(11)					 = 0 (0x0)
read(10,0xb6b6e841800,32768)			 = 0 (0x0)
close(10)					 = 0 (0x0)
socket(PF_KEY,SOCK_RAW,2)			 = 10 (0xa)
open("/usr/local/etc/iked/private/local.key",O_RDONLY,0666) = 11 (0xb)
fstat(11,{ mode=-rw-r--r-- ,inode=4253884,size=1704,blksize=32768 }) = 0 (0x0)
read(11,"-----BEGIN PRIVATE KEY-----\nMII"...,32768) = 1704 (0x6a8)
close(11)					 = 0 (0x0)
socket(PF_INET,SOCK_DGRAM|SOCK_NONBLOCK,IPPROTO_UDP) = 11 (0xb)
setsockopt(11,IPPROTO_IP,IP_IPSEC_POLICY,0x82032cdf0,16) ERR#42 'Protocol not available'
issetugid()					 = 0 (0x0)
fstatat(AT_FDCWD,"/usr/share/nls/C/libc.cat",0x82032cb50,0x0) ERR#2 'No such file or directory'
fstatat(AT_FDCWD,"/usr/share/nls/libc/C",0x82032cb50,0x0) ERR#2 'No such file or directory'
fstatat(AT_FDCWD,"/usr/local/share/nls/C/libc.cat",0x82032cb50,0x0) ERR#2 'No such file or directory'
fstatat(AT_FDCWD,"/usr/local/share/nls/libc/C",0x82032cb50,0x0) ERR#2 'No such file or directory'
socket_bypass: IPSEC_DIR_INBOUND: Protocol not available
write(2,"socket_bypass: IPSEC_DIR_INBOUND"...,57) = 57 (0x39)
udp_bind: failed to bypass IPsec on IKE socket: Protocol not available
write(2,"udp_bind: failed to bypass IPsec"...,71) = 71 (0x47)
close(11)					 = 0 (0x0)
socket(PF_INET,SOCK_DGRAM|SOCK_NONBLOCK,IPPROTO_UDP) = 11 (0xb)
setsockopt(11,IPPROTO_IP,IP_IPSEC_POLICY,0x82032cdf0,16) ERR#42 'Protocol not available'
socket_bypass: IPSEC_DIR_INBOUND: Protocol not available
write(2,"socket_bypass: IPSEC_DIR_INBOUND"...,57) = 57 (0x39)
udp_bind: failed to bypass IPsec on IKE socket: Protocol not available
write(2,"udp_bind: failed to bypass IPsec"...,71) = 71 (0x47)
close(11)					 = 0 (0x0)
socket(PF_INET6,SOCK_DGRAM|SOCK_NONBLOCK,IPPROTO_UDP) = 11 (0xb)
setsockopt(11,IPPROTO_IPV6,IPV6_IPSEC_POLICY,0x82032cdf0,16) ERR#42 'Protocol not available'
socket_bypass: IPSEC_DIR_INBOUND: Protocol not available
write(2,"socket_bypass: IPSEC_DIR_INBOUND"...,57) = 57 (0x39)
udp_bind: failed to bypass IPsec on IKE socket: Protocol not available
write(2,"udp_bind: failed to bypass IPsec"...,71) = 71 (0x47)
close(11)					 = 0 (0x0)
socket(PF_INET6,SOCK_DGRAM|SOCK_NONBLOCK,IPPROTO_UDP) = 11 (0xb)
setsockopt(11,IPPROTO_IPV6,IPV6_IPSEC_POLICY,0x82032cdf0,16) ERR#42 'Protocol not available'
socket_bypass: IPSEC_DIR_INBOUND: Protocol not available
write(2,"socket_bypass: IPSEC_DIR_INBOUND"...,57) = 57 (0x39)
udp_bind: failed to bypass IPsec on IKE socket: Protocol not available
write(2,"udp_bind: failed to bypass IPsec"...,71) = 71 (0x47)
close(11)					 = 0 (0x0)
kevent(4,{ 7,EVFILT_READ,EV_ADD,0,0,0x30303 7,EVFILT_WRITE,EV_ADD,0,0,0x30303 5,EVFILT_READ,EV_ADD,0,0,0x30303 5,EVFILT_WRITE,EV_ADD,0,0,0x30303 },4,{ 7,EVFILT_WRITE,0x0,0,0x2000,0x30303 5,EVFILT_WRITE,0x0,0,0x2000,0x30303 },64,0x0) = 2 (0x2)
sendmsg(7,{NULL,0,[{"\^T\0\0\0@\^A\0\0\M^?\M^?\M^?"...,320},{"\^T\0\0\0@\^A\0\0\M^?\M^?\M^?"...,320},{"\^R\0\0\0\M^X"\0\0\M^?\M^?\M^?"...,8856},{"\^S\0\0\0D\^B\0\0\M^?\M^?\M^?"...,580},{"\^R\0\0\0\M^X"\0\0\M^?\M^?\M^?"...,8856},{"\^S\0\0\0D\^B\0\0\M^?\M^?\M^?"...,580},{"\^S\0\0\0D\^B\0\0\M^?\M^?\M^?"...,580},{"\^S\0\0\0D\^B\0\0\M^?\M^?\M^?"...,580}],8,{},0,0},0) = 8192 (0x2000)
sendmsg(5,{NULL,0,[{"$\0\0\0\M-G\^D\0\0\M^?\M^?\M^?"...,1223},{"%\0\0\0.\^A\0\0\M^?\M^?\M^?\M^?"...,302},{"\^F\0\0\0\^T\0\0\0\M^?\M^?\M^?"...,20},{"\r\0\0\0000\0\0\0\M^?\M^?\M^?"...,48},{""\0\0\0 \0\0\0\M^?\M^?\M^?\M^?"...,32},{"\t\0\0\0\^P\0\0\0\M^?\M^?\M^?"...,16}],6,{},0,0},0) = 1641 (0x669)
kevent(4,{ 7,EVFILT_READ,EV_ADD,0,0,0x30303 7,EVFILT_WRITE,EV_ADD,0,0,0x30303 5,EVFILT_READ,EV_ADD,0,0,0x30303 5,EVFILT_WRITE,EV_DELETE,0,0,0x0 },4,{ 7,EVFILT_WRITE,0x0,0,0x2000,0x30303 },64,0x0) = 1 (0x1)
ca_reload: failed to load ca file ca.key: No such file or directory
sendmsg(7,{NULL,0,[{"\0\0\0\0\0\0\0\0\^D\0\^_\0\0\0\0"...,1304},{"\^S\0\0\0D\^B\0\0\M^?\M^?\M^?"...,580},{"\^R\0\0\0\M^X"\0\0\M^?\M^?\M^?"...,8856},{"\^S\0\0\0D\^B\0\0\M^?\M^?\M^?"...,580},{"\^S\0\0\0D\^B\0\0\M^?\M^?\M^?"...,580},{"\^S\0\0\0D\^B\0\0\M^?\M^?\M^?"...,580}],6,{},0,0},0) = 8192 (0x2000)
kevent(4,{ 7,EVFILT_READ,EV_ADD,0,0,0x30303 7,EVFILT_WRITE,EV_ADD,0,0,0x30303 },2,{ 7,EVFILT_WRITE,0x0,0,0x2000,0x30303 },64,0x0) = 1 (0x1)
ca_sslerror: ca_reload: error:09FFF06C:PEM routines:CRYPTO_internal:no start line
ca_sslerror: ca_reload: error:0BFFF009:x509 certificate routines:CRYPTO_internal:PEM lib
sendmsg(7,{NULL,0,[{"\0\0\0\0\0\0\0\0\0\0\0\0\0\0\0\0"...,2548},{"\^S\0\0\0D\^B\0\0\M^?\M^?\M^?"...,580},{"\^S\0\0\0D\^B\0\0\M^?\M^?\M^?"...,580},{"\^S\0\0\0D\^B\0\0\M^?\M^?\M^?"...,580}],4,{},0,0},0) = 4288 (0x10c0)
kevent(4,{ 7,EVFILT_READ,EV_ADD,0,0,0x30303 7,EVFILT_WRITE,EV_ADD,0,0,0x30303 },2,{ 7,EVFILT_WRITE,0x0,0,0x2000,0x30303 },64,0x0) = 1 (0x1)
ca_reload: failed to load ca file ca.srl: No such file or directory
ca_sslerror: ca_reload: error:09FFF06C:PEM routines:CRYPTO_internal:no start line
ca_sslerror: ca_reload: error:0BFFF009:x509 certificate routines:CRYPTO_internal:PEM lib
sendmsg(7,{NULL,0,[{"\^P\0\0\0\^P\0\0\M^@\M^?\M^?\M^?"...,16},{"\^N\0\0\0\^P\0\0\0\M^?\M^?\M^?"...,16},{"\r\0\0\0000\0\0\0\M^?\M^?\M^?"...,48},{"\a\0\0\0\^P\0\0\0\M^?\M^?\M^?"...,16}],4,{{level=SOL_SOCKET,type=SCM_RIGHTS,data={0x0a,0x00,0x00,0x00}}},24,0},0) = 96 (0x60)
close(10)					 = 0 (0x0)
ca_reload: failed to load cert file certs: No such file or directory
ca_sslerror: ca_reload: error:02FFF002:system library:func(4095):No such file or directory
ca_sslerror: ca_reload: error:20FFF002:BIO routines:CRYPTO_internal:system lib
ca_sslerror: ca_reload: error:0BFFF002:x509 certificate routines:CRYPTO_internal:system lib
kevent(4,{ 7,EVFILT_READ,EV_ADD,0,0,0x30303 7,EVFILT_WRITE,EV_DELETE,0,0,0x0 },2,{ 5,EVFILT_READ,0x0,0,0x10,0x30303 },64,0x0) = 1 (0x1)
recvmsg(5,{NULL,0,[{"\t\0\0\0\^P\0\0\0\M^?\M^?\M^?"...,65535}],1,{},0,0},0) = 16 (0x10)
kevent(4,{ 5,EVFILT_READ,EV_ADD,0,0,0x30303 7,EVFILT_READ,EV_ADD,0,0,0x30303 7,EVFILT_WRITE,EV_ADD,0,0,0x30303 },3,{ 7,EVFILT_WRITE,0x0,0,0x2000,0x30303 },64,0x0) = 1 (0x1)
sendmsg(7,{NULL,0,[{"\t\0\0\0\^P\0\0\0\M^?\M^?\M^?"...,16}],1,{},0,0},0) = 16 (0x10)
