 2690: mmap(0x0,135168,PROT_READ|PROT_WRITE,MAP_PRIVATE|MAP_ANON,-1,0x0) = 29771402575872 (0x1b13b1e00000)
 2690: mprotect(0x125562835000,8192,PROT_READ)	 = 0 (0x0)
 2690: issetugid()				 = 0 (0x0)
 2690: sigfastblock(0x1,0x125562838640)		 = 0 (0x0)
 2690: __sysctl("kern.ostype",2,0x125562837f9a,0x820995800,0x0,0) = 0 (0x0)
 2690: __sysctl("kern.hostname",2,0x12556283809a,0x820995800,0x0,0) = 0 (0x0)
 2690: __sysctl("kern.osrelease",2,0x12556283819a,0x820995800,0x0,0) = 0 (0x0)
 2690: __sysctl("kern.version",2,0x12556283829a,0x820995800,0x0,0) = 0 (0x0)
 2690: __sysctl("hw.machine",2,0x12556283839a,0x820995800,0x0,0) = 0 (0x0)
 2690: open("/etc/libmap.conf",O_RDONLY|O_CLOEXEC,026170030030) = 3 (0x3)
 2690: fstat(3,{ mode=-rw-r--r-- ,inode=645,size=35,blksize=32768 }) = 0 (0x0)
 2690: read(3,"includedir /usr/local/etc/libmap"...,35) = 35 (0x23)
 2690: close(3)					 = 0 (0x0)
 2690: open("/usr/local/etc/libmap.d",O_RDONLY|O_NONBLOCK|O_DIRECTORY|O_CLOEXEC,0165) ERR#2 'No such file or directory'
 2690: open("/usr/local/lib/libutil.so.9",O_RDONLY|O_CLOEXEC|O_VERIFY,00) ERR#2 'No such file or directory'
 2690: open("/var/run/ld-elf.so.hints",O_RDONLY|O_CLOEXEC,010041163) = 3 (0x3)
 2690: read(3,"Ehnt\^A\0\0\0\M^@\0\0\0\M^V\0\0"...,128) = 128 (0x80)
 2690: fstat(3,{ mode=-r--r--r-- ,inode=805,size=278,blksize=32768 }) = 0 (0x0)
 2690: pread(3,"/lib:/usr/lib:/usr/lib/compat:/u"...,150,0x80) = 150 (0x96)
 2690: close(3)					 = 0 (0x0)
 2690: open("/lib/libutil.so.9",O_RDONLY|O_CLOEXEC|O_VERIFY,00) = 3 (0x3)
 2690: fstat(3,{ mode=-r--r--r-- ,inode=28064,size=82408,blksize=32768 }) = 0 (0x0)
 2690: mmap(0x0,4096,PROT_READ,MAP_PRIVATE|MAP_PREFAULT_READ,3,0x0) = 34920857600 (0x821720000)
 2690: mmap(0x0,102400,PROT_NONE,MAP_GUARD,-1,0x0) = 34924617728 (0x821ab6000)
 2690: mmap(0x821ab6000,32768,PROT_READ,MAP_PRIVATE|MAP_FIXED|MAP_NOCORE|MAP_PREFAULT_READ,3,0x0) = 34924617728 (0x821ab6000)
 2690: mmap(0x821abe000,49152,PROT_READ|PROT_EXEC,MAP_PRIVATE|MAP_FIXED|MAP_NOCORE|MAP_PREFAULT_READ,3,0x7000) = 34924650496 (0x821abe000)
 2690: mmap(0x821aca000,8192,PROT_READ|PROT_WRITE,MAP_PRIVATE|MAP_FIXED|MAP_PREFAULT_READ,3,0x12000) = 34924699648 (0x821aca000)
 2690: mmap(0x821acc000,4096,PROT_READ|PROT_WRITE,MAP_PRIVATE|MAP_FIXED|MAP_PREFAULT_READ,3,0x13000) = 34924707840 (0x821acc000)
 2690: mmap(0x821acd000,8192,PROT_READ|PROT_WRITE,MAP_PRIVATE|MAP_FIXED|MAP_ANON,-1,0x0) = 34924711936 (0x821acd000)
 2690: munmap(0x821720000,4096)			 = 0 (0x0)
 2690: close(3)					 = 0 (0x0)
 2690: open("/usr/local/lib/libevent-2.1.so.7",O_RDONLY|O_CLOEXEC|O_VERIFY,00) = 3 (0x3)
 2690: fstat(3,{ mode=-rwxr-xr-x ,inode=161858,size=334248,blksize=32768 }) = 0 (0x0)
 2690: mmap(0x0,4096,PROT_READ,MAP_PRIVATE|MAP_PREFAULT_READ,3,0x0) = 34937303040 (0x8226cf000)
 2690: mmap(0x0,348160,PROT_NONE,MAP_GUARD,-1,0x0) = 34952384512 (0x823531000)
 2690: mmap(0x823531000,122880,PROT_READ,MAP_PRIVATE|MAP_FIXED|MAP_NOCORE|MAP_PREFAULT_READ,3,0x0) = 34952384512 (0x823531000)
 2690: mmap(0x82354f000,208896,PROT_READ|PROT_EXEC,MAP_PRIVATE|MAP_FIXED|MAP_NOCORE|MAP_PREFAULT_READ,3,0x1d000) = 34952507392 (0x82354f000)
 2690: mmap(0x823582000,8192,PROT_READ|PROT_WRITE,MAP_PRIVATE|MAP_FIXED|MAP_PREFAULT_READ,3,0x4f000) = 34952716288 (0x823582000)
 2690: mmap(0x823584000,8192,PROT_READ|PROT_WRITE,MAP_PRIVATE|MAP_FIXED|MAP_PREFAULT_READ,3,0x50000) = 34952724480 (0x823584000)
 2690: munmap(0x8226cf000,4096)			 = 0 (0x0)
 2690: close(3)					 = 0 (0x0)
 2690: open("/usr/local/lib/libcrypto.so.56",O_RDONLY|O_CLOEXEC|O_VERIFY,00) = 3 (0x3)
 2690: fstat(3,{ mode=-rw-r--r-- ,inode=164016,size=1993544,blksize=32768 }) = 0 (0x0)
 2690: mmap(0x0,4096,PROT_READ,MAP_PRIVATE|MAP_PREFAULT_READ,3,0x0) = 34967412736 (0x824386000)
 2690: mmap(0x0,2015232,PROT_NONE,MAP_GUARD,-1,0x0) = 34939813888 (0x822934000)
 2690: mmap(0x822934000,823296,PROT_READ,MAP_PRIVATE|MAP_FIXED|MAP_NOCORE|MAP_PREFAULT_READ,3,0x0) = 34939813888 (0x822934000)
 2690: mmap(0x8229fd000,1032192,PROT_READ|PROT_EXEC,MAP_PRIVATE|MAP_FIXED|MAP_NOCORE|MAP_PREFAULT_READ,3,0xc8000) = 34940637184 (0x8229fd000)
 2690: mmap(0x822af9000,147456,PROT_READ|PROT_WRITE,MAP_PRIVATE|MAP_FIXED|MAP_PREFAULT_READ,3,0x1c3000) = 34941669376 (0x822af9000)
 2690: mmap(0x822b1d000,4096,PROT_READ|PROT_WRITE,MAP_PRIVATE|MAP_FIXED|MAP_PREFAULT_READ,3,0x1e6000) = 34941816832 (0x822b1d000)
 2690: mmap(0x822b1e000,8192,PROT_READ|PROT_WRITE,MAP_PRIVATE|MAP_FIXED|MAP_ANON,-1,0x0) = 34941820928 (0x822b1e000)
 2690: munmap(0x824386000,4096)			 = 0 (0x0)
 2690: close(3)					 = 0 (0x0)
 2690: open("/usr/local/lib/libssl.so.59",O_RDONLY|O_CLOEXEC|O_VERIFY,00) = 3 (0x3)
 2690: fstat(3,{ mode=-rw-r--r-- ,inode=164020,size=412264,blksize=32768 }) = 0 (0x0)
 2690: mmap(0x0,4096,PROT_READ,MAP_PRIVATE|MAP_PREFAULT_READ,3,0x0) = 34954829824 (0x823786000)
 2690: mmap(0x0,425984,PROT_NONE,MAP_GUARD,-1,0x0) = 34964422656 (0x8240ac000)
 2690: mmap(0x8240ac000,155648,PROT_READ,MAP_PRIVATE|MAP_FIXED|MAP_NOCORE|MAP_PREFAULT_READ,3,0x0) = 34964422656 (0x8240ac000)
 2690: mmap(0x8240d2000,237568,PROT_READ|PROT_EXEC,MAP_PRIVATE|MAP_FIXED|MAP_NOCORE|MAP_PREFAULT_READ,3,0x25000) = 34964578304 (0x8240d2000)
 2690: mmap(0x82410c000,28672,PROT_READ|PROT_WRITE,MAP_PRIVATE|MAP_FIXED|MAP_PREFAULT_READ,3,0x5e000) = 34964815872 (0x82410c000)
 2690: mmap(0x824113000,4096,PROT_READ|PROT_WRITE,MAP_PRIVATE|MAP_FIXED|MAP_PREFAULT_READ,3,0x64000) = 34964844544 (0x824113000)
 2690: munmap(0x823786000,4096)			 = 0 (0x0)
 2690: close(3)					 = 0 (0x0)
 2690: open("/usr/local/lib/libc.so.7",O_RDONLY|O_CLOEXEC|O_VERIFY,00) ERR#2 'No such file or directory'
 2690: open("/lib/libc.so.7",O_RDONLY|O_CLOEXEC|O_VERIFY,00) = 3 (0x3)
 2690: fstat(3,{ mode=-r--r--r-- ,inode=28044,size=1957616,blksize=32768 }) = 0 (0x0)
 2690: mmap(0x0,4096,PROT_READ,MAP_PRIVATE|MAP_PREFAULT_READ,3,0x0) = 34964848640 (0x824114000)
 2690: mmap(0x0,3158016,PROT_NONE,MAP_GUARD,-1,0x0) = 34965499904 (0x8241b3000)
 2690: mmap(0x8241b3000,544768,PROT_READ,MAP_PRIVATE|MAP_FIXED|MAP_NOCORE|MAP_PREFAULT_READ,3,0x0) = 34965499904 (0x8241b3000)
 2690: mmap(0x824238000,1355776,PROT_READ|PROT_EXEC,MAP_PRIVATE|MAP_FIXED|MAP_NOCORE|MAP_PREFAULT_READ,3,0x84000) = 34966044672 (0x824238000)
 2690: mmap(0x824383000,40960,PROT_READ|PROT_WRITE,MAP_PRIVATE|MAP_FIXED|MAP_PREFAULT_READ,3,0x1ce000) = 34967400448 (0x824383000)
 2690: mmap(0x82438d000,28672,PROT_READ|PROT_WRITE,MAP_PRIVATE|MAP_FIXED|MAP_PREFAULT_READ,3,0x1d7000) = 34967441408 (0x82438d000)
 2690: mmap(0x824394000,1187840,PROT_READ|PROT_WRITE,MAP_PRIVATE|MAP_FIXED|MAP_ANON,-1,0x0) = 34967470080 (0x824394000)
 2690: munmap(0x824114000,4096)			 = 0 (0x0)
 2690: close(3)					 = 0 (0x0)
 2690: open("/lib/libthr.so.3",O_RDONLY|O_CLOEXEC|O_VERIFY,00) = 3 (0x3)
 2690: fstat(3,{ mode=-r--r--r-- ,inode=28074,size=128008,blksize=32768 }) = 0 (0x0)
 2690: mmap(0x0,4096,PROT_READ,MAP_PRIVATE|MAP_PREFAULT_READ,3,0x0) = 34981240832 (0x8250b6000)
 2690: mmap(0x0,188416,PROT_NONE,MAP_GUARD,-1,0x0) = 34985381888 (0x8254a9000)
 2690: mmap(0x8254a9000,53248,PROT_READ,MAP_PRIVATE|MAP_FIXED|MAP_NOCORE|MAP_PREFAULT_READ,3,0x0) = 34985381888 (0x8254a9000)
 2690: mmap(0x8254b6000,73728,PROT_READ|PROT_EXEC,MAP_PRIVATE|MAP_FIXED|MAP_NOCORE|MAP_PREFAULT_READ,3,0xc000) = 34985435136 (0x8254b6000)
 2690: mmap(0x8254c8000,8192,PROT_READ|PROT_WRITE,MAP_PRIVATE|MAP_FIXED|MAP_PREFAULT_READ,3,0x1d000) = 34985508864 (0x8254c8000)
 2690: mmap(0x8254ca000,4096,PROT_READ|PROT_WRITE,MAP_PRIVATE|MAP_FIXED|MAP_PREFAULT_READ,3,0x1e000) = 34985517056 (0x8254ca000)
 2690: mmap(0x8254cb000,49152,PROT_READ|PROT_WRITE,MAP_PRIVATE|MAP_FIXED|MAP_ANON,-1,0x0) = 34985521152 (0x8254cb000)
 2690: munmap(0x8250b6000,4096)			 = 0 (0x0)
 2690: close(3)					 = 0 (0x0)
 2690: mprotect(0x821aca000,8192,PROT_READ)	 = 0 (0x0)
 2690: mprotect(0x823582000,8192,PROT_READ)	 = 0 (0x0)
 2690: mprotect(0x822af9000,147456,PROT_READ)	 = 0 (0x0)
 2690: mprotect(0x82410c000,28672,PROT_READ)	 = 0 (0x0)
 2690: mprotect(0x824383000,40960,PROT_READ)	 = 0 (0x0)
 2690: mprotect(0x8254c8000,8192,PROT_READ)	 = 0 (0x0)
 2690: mprotect(0x824383000,40960,PROT_READ|PROT_WRITE) = 0 (0x0)
 2690: mprotect(0x824383000,40960,PROT_READ)	 = 0 (0x0)
 2690: mprotect(0x822af9000,147456,PROT_READ|PROT_WRITE) = 0 (0x0)
 2690: mprotect(0x822af9000,147456,PROT_READ)	 = 0 (0x0)
 2690: mprotect(0x82410c000,28672,PROT_READ|PROT_WRITE) = 0 (0x0)
 2690: mprotect(0x82410c000,28672,PROT_READ)	 = 0 (0x0)
 2690: mprotect(0x26f000,12288,PROT_READ|PROT_WRITE) = 0 (0x0)
 2690: mprotect(0x26f000,12288,PROT_READ)	 = 0 (0x0)
 2690: readlink("/etc/malloc.conf",0x820994fc0,1024) ERR#2 'No such file or directory'
 2690: issetugid()				 = 0 (0x0)
 2690: mmap(0x0,2097152,PROT_READ|PROT_WRITE,MAP_PRIVATE|MAP_ANON|MAP_ALIGNED(21),-1,0x0) = 29771404673024 (0x1b13b2000000)
 2690: cap_getmode({ 0 })			 = 0 (0x0)
 2690: open("/dev/pvclock",O_RDONLY|O_CLOEXEC,04411075170) = 3 (0x3)
 2690: mmap(0x0,128,PROT_READ,MAP_SHARED,3,0x0)	 = 35000250368 (0x8262d7000)
 2690: close(3)					 = 0 (0x0)
 2690: mmap(0x0,2097152,PROT_READ|PROT_WRITE,MAP_PRIVATE|MAP_ANON|MAP_ALIGNED(12),-1,0x0) = 29771406770176 (0x1b13b2200000)
 2690: mmap(0x0,6291456,PROT_READ|PROT_WRITE,MAP_PRIVATE|MAP_ANON|MAP_ALIGNED(21),-1,0x0) = 29771408867328 (0x1b13b2400000)
 2690: mmap(0x0,135168,PROT_READ|PROT_WRITE,MAP_PRIVATE|MAP_ANON,-1,0x0) = 29771402711040 (0x1b13b1e21000)
 2690: thr_self(0x1b13b1e21008)			 = 0 (0x0)
 2690: mmap(0x800996000,4096,PROT_NONE,MAP_ANON,-1,0x0) = 35006435328 (0x8268bd000)
 2690: rtprio_thread(RTP_LOOKUP,100168,0x82099540c) = 0 (0x0)
 2690: sigaction(SIGTHR,{ 0x8254c2a80 SA_SIGINFO ss_t },0x0) = 0 (0x0)
 2690: sigprocmask(SIG_UNBLOCK,{ },0x0)		 = 0 (0x0)
 2690: _umtx_op(0x820995400,UMTX_OP_WAKE,0x1,0x0,0x0) = 0 (0x0)
 2690: mprotect(0x0,0,PROT_NONE)		 = 0 (0x0)
 2690: thr_wake(0xffffffffffffffff)		 ERR#3 'No such process'
 2690: getpid()					 = 2690 (0xa82)
 2690: getpid()					 = 2690 (0xa82)
 2690: sigprocmask(SIG_BLOCK,{ SIGHUP|SIGINT|SIGQUIT|SIGILL|SIGTRAP|SIGABRT|SIGEMT|SIGFPE|SIGKILL|SIGBUS|SIGSEGV|SIGSYS|SIGPIPE|SIGALRM|SIGTERM|SIGURG|SIGSTOP|SIGTSTP|SIGCONT|SIGCHLD|SIGTTIN|SIGTTOU|SIGIO|SIGXCPU|SIGXFSZ|SIGVTALRM|SIGPROF|SIGWINCH|SIGINFO|SIGUSR1|SIGUSR2 },{ }) = 0 (0x0)
 2690: sigfastblock(0x3,0x0)			 = 0 (0x0)
 2690: sigprocmask(SIG_SETMASK,{ },0x0)		 = 0 (0x0)
 2690: sigfastblock(0x1,0x1b13b1e21040)		 = 0 (0x0)
 2690: getcontext(0x8209948a0)			 = 0 (0x0)
 2690: sysarch(AMD64_GET_XFPUSTATE,0x820994868)	 = 0 (0x0)
 2690: mprotect(0x26f000,12288,PROT_READ)	 = 0 (0x0)
 2690: open("/etc/localtime",O_RDONLY,01745)	 ERR#2 'No such file or directory'
 2690: fstatat(AT_FDCWD,"/etc/nsswitch.conf",{ mode=-rw-r--r-- ,inode=689,size=260,blksize=32768 },0x0) = 0 (0x0)
 2690: open("/etc/nsswitch.conf",O_RDONLY|O_CLOEXEC,0666) = 3 (0x3)
 2690: fstat(3,{ mode=-rw-r--r-- ,inode=689,size=260,blksize=32768 }) = 0 (0x0)
 2690: read(3,"#\n# nsswitch.conf(5) - name ser"...,32768) = 260 (0x104)
 2690: read(3,0x1b13b2241b00,32768)		 = 0 (0x0)
 2690: close(3)					 = 0 (0x0)
 2690: geteuid()				 = 0 (0x0)
 2690: open("/etc/spwd.db",O_RDONLY|O_CLOEXEC,00) = 3 (0x3)
 2690: fstat(3,{ mode=-rw------- ,inode=804,size=40960,blksize=32768 }) = 0 (0x0)
 2690: read(3,"\0\^F\^Ua\0\0\0\^B\0\0\^P\M-a\0"...,260) = 260 (0x104)
 2690: pread(3,"\0 \^O\M-x\^O\M-w\^O\M-r\^O\M-8"...,4096,0x6000) = 4096 (0x1000)
 2690: pread(3,"\0\^Z\^O\M-{\^O\M->\^O\M-9\^Oz"...,4096,0x4000) = 4096 (0x1000)
 2690: pread(3,"\0\^X\^O\M-{\^O\M-A\^O\M-<\^Og"...,4096,0x5000) = 4096 (0x1000)
 2690: pread(3,"\0\^X\^O\M-{\^O\M->\^O\M-9\^Om"...,4096,0x7000) = 4096 (0x1000)
 2690: pread(3,"\0\^V\^O\M-{\^O\M-/\^O\M-*\^Oo"...,4096,0x8000) = 4096 (0x1000)
 2690: pread(3,"\0\^V\^O\M-{\^O\M-@\^O\M-;\^O~"...,4096,0x1000) = 4096 (0x1000)
 2690: pread(3,"\0\^T\^O\M-{\^O\M->\^O\M-9\^Ol"...,4096,0x2000) = 4096 (0x1000)
 2690: pread(3,"\0\^V\^O\M-|\^O\M-0\^O\M-,\^Oq"...,4096,0x3000) = 4096 (0x1000)
 2690: close(3)					 = 0 (0x0)
 2690: geteuid()				 = 0 (0x0)
 2690: socketpair(0x1,0x30000001,0x0,0x820996348) = 0 (0x0)
 2690: socketpair(0x1,0x30000001,0x0,0x820996348) = 0 (0x0)
 2690: socketpair(0x1,0x30000001,0x0,0x820996348) = 0 (0x0)
 2691: <new process>
 2690: fork()					 = 2691 (0xa83)
 2691: thr_self(0x1b13b1e21008)			 = 0 (0x0)
 2690: close(6)					 = 0 (0x0)
 2691: dup2(6,3)				 = 3 (0x3)
 2692: <new process>
 2690: fork()					 = 2692 (0xa84)
 2692: thr_self(0x1b13b1e21008)			 = 0 (0x0)
 2690: close(4)					 = 0 (0x0)
 2691: execve("./iked",0x1b13b225c000,0x8209964c8) EJUSTRETURN
 2692: dup2(4,3)				 = 3 (0x3)
 2691: mmap(0x0,135168,PROT_READ|PROT_WRITE,MAP_PRIVATE|MAP_ANON,-1,0x0) = 53716153532416 (0x30dac4400000)
 2693: <new process>
 2690: fork()					 = 2693 (0xa85)
 2691: mprotect(0x263411282000,8192,PROT_READ)	 = 0 (0x0)
 2693: thr_self(0x1b13b1e21008)			 = 0 (0x0)
 2690: close(8)					 = 0 (0x0)
 2691: issetugid()				 = 0 (0x0)
 2691: sigfastblock(0x1,0x263411285640)		 = 0 (0x0)
 2692: execve("./iked",0x1b13b225c000,0x8209964c8) EJUSTRETURN
 2693: dup2(8,3)				 = 3 (0x3)
 2691: __sysctl("kern.ostype",2,0x263411284f9a,0x8209c5860,0x0,0) = 0 (0x0)
 2692: mmap(0x0,135168,PROT_READ|PROT_WRITE,MAP_PRIVATE|MAP_ANON,-1,0x0) = 43312926949376 (0x276493a00000)
 2691: __sysctl("kern.hostname",2,0x26341128509a,0x8209c5860,0x0,0) = 0 (0x0)
 2692: mprotect(0x3e4ef7997000,8192,PROT_READ)	 = 0 (0x0)
 2690: __sysctl("kern.proc.args.-1",4,0x0,0x0,0x1b13b222d000,13) = 0 (0x0)
 2692: issetugid()				 = 0 (0x0)
 2691: __sysctl("kern.osrelease",2,0x26341128519a,0x8209c5860,0x0,0) = 0 (0x0)
 2693: execve("./iked",0x1b13b225c000,0x8209964c8) EJUSTRETURN
 2692: sigfastblock(0x1,0x3e4ef799a640)		 = 0 (0x0)
 2693: mmap(0x0,135168,PROT_READ|PROT_WRITE,MAP_PRIVATE|MAP_ANON,-1,0x0) = 37767729905664 (0x22597c200000)
 2692: __sysctl("kern.ostype",2,0x3e4ef7999f9a,0x820d09fa0,0x0,0) = 0 (0x0)
 2693: mprotect(0xc1dafbe5000,8192,PROT_READ)	 = 0 (0x0)
 2691: __sysctl("kern.version",2,0x26341128529a,0x8209c5860,0x0,0) = 0 (0x0)
 2693: issetugid()				 = 0 (0x0)
 2692: __sysctl("kern.hostname",2,0x3e4ef799a09a,0x820d09fa0,0x0,0) = 0 (0x0)
 2693: sigfastblock(0x1,0xc1dafbe8640)		 = 0 (0x0)
 2692: __sysctl("kern.osrelease",2,0x3e4ef799a19a,0x820d09fa0,0x0,0) = 0 (0x0)
 2693: __sysctl("kern.ostype",2,0xc1dafbe7f9a,0x820faf0d0,0x0,0) = 0 (0x0)
 2692: __sysctl("kern.version",2,0x3e4ef799a29a,0x820d09fa0,0x0,0) = 0 (0x0)
 2693: __sysctl("kern.hostname",2,0xc1dafbe809a,0x820faf0d0,0x0,0) = 0 (0x0)
 2692: __sysctl("hw.machine",2,0x3e4ef799a39a,0x820d09fa0,0x0,0) = 0 (0x0)
 2693: __sysctl("kern.osrelease",2,0xc1dafbe819a,0x820faf0d0,0x0,0) = 0 (0x0)
 2692: open("/etc/libmap.conf",O_RDONLY|O_CLOEXEC,022350030030) = 4 (0x4)
 2693: __sysctl("kern.version",2,0xc1dafbe829a,0x820faf0d0,0x0,0) = 0 (0x0)
 2692: fstat(4,{ mode=-rw-r--r-- ,inode=645,size=35,blksize=32768 }) = 0 (0x0)
 2693: __sysctl("hw.machine",2,0xc1dafbe839a,0x820faf0d0,0x0,0) = 0 (0x0)
 2692: read(4,"includedir /usr/local/etc/libmap"...,35) = 35 (0x23)
 2693: open("/etc/libmap.conf",O_RDONLY|O_CLOEXEC,017410030030) = 4 (0x4)
 2692: close(4)					 = 0 (0x0)
 2693: fstat(4,{ mode=-rw-r--r-- ,inode=645,size=35,blksize=32768 }) = 0 (0x0)
 2692: open("/usr/local/etc/libmap.d",O_RDONLY|O_NONBLOCK|O_DIRECTORY|O_CLOEXEC,0165) ERR#2 'No such file or directory'
 2693: read(4,"includedir /usr/local/etc/libmap"...,35) = 35 (0x23)
 2691: __sysctl("hw.machine",2,0x26341128539a,0x8209c5860,0x0,0) = 0 (0x0)
 2693: close(4)					 = 0 (0x0)
 2692: open("/usr/local/lib/libutil.so.9",O_RDONLY|O_CLOEXEC|O_VERIFY,00) ERR#2 'No such file or directory'
 2693: open("/usr/local/etc/libmap.d",O_RDONLY|O_NONBLOCK|O_DIRECTORY|O_CLOEXEC,0165) ERR#2 'No such file or directory'
 2692: open("/var/run/ld-elf.so.hints",O_RDONLY|O_CLOEXEC,010041163) = 4 (0x4)
 2691: open("/etc/libmap.conf",O_RDONLY|O_CLOEXEC,030420030030) = 4 (0x4)
 2693: open("/usr/local/lib/libutil.so.9",O_RDONLY|O_CLOEXEC|O_VERIFY,00) ERR#2 'No such file or directory'
 2692: read(4,"Ehnt\^A\0\0\0\M^@\0\0\0\M^V\0\0"...,128) = 128 (0x80)
 2693: open("/var/run/ld-elf.so.hints",O_RDONLY|O_CLOEXEC,010041163) = 4 (0x4)
 2692: fstat(4,{ mode=-r--r--r-- ,inode=805,size=278,blksize=32768 }) = 0 (0x0)
 2693: read(4,"Ehnt\^A\0\0\0\M^@\0\0\0\M^V\0\0"...,128) = 128 (0x80)
 2692: pread(4,"/lib:/usr/lib:/usr/lib/compat:/u"...,150,0x80) = 150 (0x96)
 2693: fstat(4,{ mode=-r--r--r-- ,inode=805,size=278,blksize=32768 }) = 0 (0x0)
 2692: close(4)					 = 0 (0x0)
 2693: pread(4,"/lib:/usr/lib:/usr/lib/compat:/u"...,150,0x80) = 150 (0x96)
 2692: open("/lib/libutil.so.9",O_RDONLY|O_CLOEXEC|O_VERIFY,00) = 4 (0x4)
 2693: close(4)					 = 0 (0x0)
 2692: fstat(4,{ mode=-r--r--r-- ,inode=28064,size=82408,blksize=32768 }) = 0 (0x0)
 2693: open("/lib/libutil.so.9",O_RDONLY|O_CLOEXEC|O_VERIFY,00) = 4 (0x4)
 2692: mmap(0x0,4096,PROT_READ,MAP_PRIVATE|MAP_PREFAULT_READ,4,0x0) = 34931208192 (0x8220ff000)
 2693: fstat(4,{ mode=-r--r--r-- ,inode=28064,size=82408,blksize=32768 }) = 0 (0x0)
 2692: mmap(0x0,102400,PROT_NONE,MAP_GUARD,-1,0x0) = 34946007040 (0x822f1c000)
 2693: mmap(0x0,4096,PROT_READ,MAP_PRIVATE|MAP_PREFAULT_READ,4,0x0) = 34933710848 (0x822362000)
 2691: fstat(4,{ mode=-rw-r--r-- ,inode=645,size=35,blksize=32768 }) = 0 (0x0)
 2693: mmap(0x0,102400,PROT_NONE,MAP_GUARD,-1,0x0) = 34916712448 (0x82132c000)
 2692: mmap(0x822f1c000,32768,PROT_READ,MAP_PRIVATE|MAP_FIXED|MAP_NOCORE|MAP_PREFAULT_READ,4,0x0) = 34946007040 (0x822f1c000)
 2693: mmap(0x82132c000,32768,PROT_READ,MAP_PRIVATE|MAP_FIXED|MAP_NOCORE|MAP_PREFAULT_READ,4,0x0) = 34916712448 (0x82132c000)
 2692: mmap(0x822f24000,49152,PROT_READ|PROT_EXEC,MAP_PRIVATE|MAP_FIXED|MAP_NOCORE|MAP_PREFAULT_READ,4,0x7000) = 34946039808 (0x822f24000)
 2691: read(4,"includedir /usr/local/etc/libmap"...,35) = 35 (0x23)
 2693: mmap(0x821334000,49152,PROT_READ|PROT_EXEC,MAP_PRIVATE|MAP_FIXED|MAP_NOCORE|MAP_PREFAULT_READ,4,0x7000) = 34916745216 (0x821334000)
 2692: mmap(0x822f30000,8192,PROT_READ|PROT_WRITE,MAP_PRIVATE|MAP_FIXED|MAP_PREFAULT_READ,4,0x12000) = 34946088960 (0x822f30000)
 2690: issetugid()				 = 0 (0x0)
 2693: mmap(0x821340000,8192,PROT_READ|PROT_WRITE,MAP_PRIVATE|MAP_FIXED|MAP_PREFAULT_READ,4,0x12000) = 34916794368 (0x821340000)
 2691: close(4)					 = 0 (0x0)
 2692: mmap(0x822f32000,4096,PROT_READ|PROT_WRITE,MAP_PRIVATE|MAP_FIXED|MAP_PREFAULT_READ,4,0x13000) = 34946097152 (0x822f32000)
 2693: mmap(0x821342000,4096,PROT_READ|PROT_WRITE,MAP_PRIVATE|MAP_FIXED|MAP_PREFAULT_READ,4,0x13000) = 34916802560 (0x821342000)
 2692: mmap(0x822f33000,8192,PROT_READ|PROT_WRITE,MAP_PRIVATE|MAP_FIXED|MAP_ANON,-1,0x0) = 34946101248 (0x822f33000)
 2693: mmap(0x821343000,8192,PROT_READ|PROT_WRITE,MAP_PRIVATE|MAP_FIXED|MAP_ANON,-1,0x0) = 34916806656 (0x821343000)
 2692: munmap(0x8220ff000,4096)			 = 0 (0x0)
 2693: munmap(0x822362000,4096)			 = 0 (0x0)
 2691: open("/usr/local/etc/libmap.d",O_RDONLY|O_NONBLOCK|O_DIRECTORY|O_CLOEXEC,0165) ERR#2 'No such file or directory'
 2692: close(4)					 = 0 (0x0)
 2693: close(4)					 = 0 (0x0)
 2692: open("/usr/local/lib/libevent-2.1.so.7",O_RDONLY|O_CLOEXEC|O_VERIFY,00) = 4 (0x4)
 2693: open("/usr/local/lib/libevent-2.1.so.7",O_RDONLY|O_CLOEXEC|O_VERIFY,00) = 4 (0x4)
 2691: open("/usr/local/lib/libutil.so.9",O_RDONLY|O_CLOEXEC|O_VERIFY,00) ERR#2 'No such file or directory'
 2693: fstat(4,{ mode=-rwxr-xr-x ,inode=161858,size=334248,blksize=32768 }) = 0 (0x0)
 2692: fstat(4,{ mode=-rwxr-xr-x ,inode=161858,size=334248,blksize=32768 }) = 0 (0x0)
 2693: mmap(0x0,4096,PROT_READ,MAP_PRIVATE|MAP_PREFAULT_READ,4,0x0) = 34927300608 (0x821d45000)
 2692: mmap(0x0,4096,PROT_READ,MAP_PRIVATE|MAP_PREFAULT_READ,4,0x0) = 34973372416 (0x824935000)
 2691: open("/var/run/ld-elf.so.hints",O_RDONLY|O_CLOEXEC,010041163) = 4 (0x4)
 2693: mmap(0x0,348160,PROT_NONE,MAP_GUARD,-1,0x0) = 34934755328 (0x822461000)
 2692: mmap(0x0,348160,PROT_NONE,MAP_GUARD,-1,0x0) = 34934140928 (0x8223cb000)
 2693: mmap(0x822461000,122880,PROT_READ,MAP_PRIVATE|MAP_FIXED|MAP_NOCORE|MAP_PREFAULT_READ,4,0x0) = 34934755328 (0x822461000)
 2690: issetugid()				 = 0 (0x0)
 2693: mmap(0x82247f000,208896,PROT_READ|PROT_EXEC,MAP_PRIVATE|MAP_FIXED|MAP_NOCORE|MAP_PREFAULT_READ,4,0x1d000) = 34934878208 (0x82247f000)
 2692: mmap(0x8223cb000,122880,PROT_READ,MAP_PRIVATE|MAP_FIXED|MAP_NOCORE|MAP_PREFAULT_READ,4,0x0) = 34934140928 (0x8223cb000)
 2693: mmap(0x8224b2000,8192,PROT_READ|PROT_WRITE,MAP_PRIVATE|MAP_FIXED|MAP_PREFAULT_READ,4,0x4f000) = 34935087104 (0x8224b2000)
 2692: mmap(0x8223e9000,208896,PROT_READ|PROT_EXEC,MAP_PRIVATE|MAP_FIXED|MAP_NOCORE|MAP_PREFAULT_READ,4,0x1d000) = 34934263808 (0x8223e9000)
 2693: mmap(0x8224b4000,8192,PROT_READ|PROT_WRITE,MAP_PRIVATE|MAP_FIXED|MAP_PREFAULT_READ,4,0x50000) = 34935095296 (0x8224b4000)
 2692: mmap(0x82241c000,8192,PROT_READ|PROT_WRITE,MAP_PRIVATE|MAP_FIXED|MAP_PREFAULT_READ,4,0x4f000) = 34934472704 (0x82241c000)
 2691: read(4,"Ehnt\^A\0\0\0\M^@\0\0\0\M^V\0\0"...,128) = 128 (0x80)
 2693: munmap(0x821d45000,4096)			 = 0 (0x0)
 2693: close(4)					 = 0 (0x0)
 2692: mmap(0x82241e000,8192,PROT_READ|PROT_WRITE,MAP_PRIVATE|MAP_FIXED|MAP_PREFAULT_READ,4,0x50000) = 34934480896 (0x82241e000)
 2691: fstat(4,{ mode=-r--r--r-- ,inode=805,size=278,blksize=32768 }) = 0 (0x0)
 2693: open("/usr/local/lib/libcrypto.so.56",O_RDONLY|O_CLOEXEC|O_VERIFY,00) = 4 (0x4)
 2692: munmap(0x824935000,4096)			 = 0 (0x0)
 2693: fstat(4,{ mode=-rw-r--r-- ,inode=164016,size=1993544,blksize=32768 }) = 0 (0x0)
 2692: close(4)					 = 0 (0x0)
 2693: mmap(0x0,4096,PROT_READ,MAP_PRIVATE|MAP_PREFAULT_READ,4,0x0) = 34949783552 (0x8232b6000)
 2692: open("/usr/local/lib/libcrypto.so.56",O_RDONLY|O_CLOEXEC|O_VERIFY,00) = 4 (0x4)
 2693: mmap(0x0,2015232,PROT_NONE,MAP_GUARD,-1,0x0) = 34962092032 (0x823e73000)
 2692: fstat(4,{ mode=-rw-r--r-- ,inode=164016,size=1993544,blksize=32768 }) = 0 (0x0)
 2693: mmap(0x823e73000,823296,PROT_READ,MAP_PRIVATE|MAP_FIXED|MAP_NOCORE|MAP_PREFAULT_READ,4,0x0) = 34962092032 (0x823e73000)
 2691: pread(4,"/lib:/usr/lib:/usr/lib/compat:/u"...,150,0x80) = 150 (0x96)
 2692: mmap(0x0,4096,PROT_READ,MAP_PRIVATE|MAP_PREFAULT_READ,4,0x0) = 34952400896 (0x823535000)
 2693: mmap(0x823f3c000,1032192,PROT_READ|PROT_EXEC,MAP_PRIVATE|MAP_FIXED|MAP_NOCORE|MAP_PREFAULT_READ,4,0xc8000) = 34962915328 (0x823f3c000)
 2692: mmap(0x0,2015232,PROT_NONE,MAP_GUARD,-1,0x0) = 34965266432 (0x82417a000)
 2693: mmap(0x824038000,147456,PROT_READ|PROT_WRITE,MAP_PRIVATE|MAP_FIXED|MAP_PREFAULT_READ,4,0x1c3000) = 34963947520 (0x824038000)
 2691: close(4)					 = 0 (0x0)
 2693: mmap(0x82405c000,4096,PROT_READ|PROT_WRITE,MAP_PRIVATE|MAP_FIXED|MAP_PREFAULT_READ,4,0x1e6000) = 34964094976 (0x82405c000)
 2692: mmap(0x82417a000,823296,PROT_READ,MAP_PRIVATE|MAP_FIXED|MAP_NOCORE|MAP_PREFAULT_READ,4,0x0) = 34965266432 (0x82417a000)
 2693: mmap(0x82405d000,8192,PROT_READ|PROT_WRITE,MAP_PRIVATE|MAP_FIXED|MAP_ANON,-1,0x0) = 34964099072 (0x82405d000)
 2691: open("/lib/libutil.so.9",O_RDONLY|O_CLOEXEC|O_VERIFY,00) = 4 (0x4)
 2690: kqueue()					 = 4 (0x4)
 2692: mmap(0x824243000,1032192,PROT_READ|PROT_EXEC,MAP_PRIVATE|MAP_FIXED|MAP_NOCORE|MAP_PREFAULT_READ,4,0xc8000) = 34966089728 (0x824243000)
 2693: munmap(0x8232b6000,4096)			 = 0 (0x0)
 2691: fstat(4,{ mode=-r--r--r-- ,inode=28064,size=82408,blksize=32768 }) = 0 (0x0)
 2693: close(4)					 = 0 (0x0)
 2692: mmap(0x82433f000,147456,PROT_READ|PROT_WRITE,MAP_PRIVATE|MAP_FIXED|MAP_PREFAULT_READ,4,0x1c3000) = 34967121920 (0x82433f000)
 2693: open("/usr/local/lib/libssl.so.59",O_RDONLY|O_CLOEXEC|O_VERIFY,00) = 4 (0x4)
 2692: mmap(0x824363000,4096,PROT_READ|PROT_WRITE,MAP_PRIVATE|MAP_FIXED|MAP_PREFAULT_READ,4,0x1e6000) = 34967269376 (0x824363000)
 2691: mmap(0x0,4096,PROT_READ,MAP_PRIVATE|MAP_PREFAULT_READ,4,0x0) = 34942386176 (0x822ba8000)
 2693: fstat(4,{ mode=-rw-r--r-- ,inode=164020,size=412264,blksize=32768 }) = 0 (0x0)
 2692: mmap(0x824364000,8192,PROT_READ|PROT_WRITE,MAP_PRIVATE|MAP_FIXED|MAP_ANON,-1,0x0) = 34967273472 (0x824364000)
 2693: mmap(0x0,4096,PROT_READ,MAP_PRIVATE|MAP_PREFAULT_READ,4,0x0) = 34964107264 (0x82405f000)
 2692: munmap(0x823535000,4096)			 = 0 (0x0)
 2693: mmap(0x0,425984,PROT_NONE,MAP_GUARD,-1,0x0) = 34918428672 (0x8214cf000)
 2692: close(4)					 = 0 (0x0)
 2693: mmap(0x8214cf000,155648,PROT_READ,MAP_PRIVATE|MAP_FIXED|MAP_NOCORE|MAP_PREFAULT_READ,4,0x0) = 34918428672 (0x8214cf000)
 2692: open("/usr/local/lib/libssl.so.59",O_RDONLY|O_CLOEXEC|O_VERIFY,00) = 4 (0x4)
 2693: mmap(0x8214f5000,237568,PROT_READ|PROT_EXEC,MAP_PRIVATE|MAP_FIXED|MAP_NOCORE|MAP_PREFAULT_READ,4,0x25000) = 34918584320 (0x8214f5000)
 2692: fstat(4,{ mode=-rw-r--r-- ,inode=164020,size=412264,blksize=32768 }) = 0 (0x0)
 2693: mmap(0x82152f000,28672,PROT_READ|PROT_WRITE,MAP_PRIVATE|MAP_FIXED|MAP_PREFAULT_READ,4,0x5e000) = 34918821888 (0x82152f000)
 2691: mmap(0x0,102400,PROT_NONE,MAP_GUARD,-1,0x0) = 34936987648 (0x822682000)
 2692: mmap(0x0,4096,PROT_READ,MAP_PRIVATE|MAP_PREFAULT_READ,4,0x0) = 34990350336 (0x825966000)
 2693: mmap(0x821536000,4096,PROT_READ|PROT_WRITE,MAP_PRIVATE|MAP_FIXED|MAP_PREFAULT_READ,4,0x64000) = 34918850560 (0x821536000)
 2692: mmap(0x0,425984,PROT_NONE,MAP_GUARD,-1,0x0) = 34952892416 (0x8235ad000)
 2693: munmap(0x82405f000,4096)			 = 0 (0x0)
 2691: mmap(0x822682000,32768,PROT_READ,MAP_PRIVATE|MAP_FIXED|MAP_NOCORE|MAP_PREFAULT_READ,4,0x0) = 34936987648 (0x822682000)
 2692: mmap(0x8235ad000,155648,PROT_READ,MAP_PRIVATE|MAP_FIXED|MAP_NOCORE|MAP_PREFAULT_READ,4,0x0) = 34952892416 (0x8235ad000)
 2693: close(4)					 = 0 (0x0)
 2692: mmap(0x8235d3000,237568,PROT_READ|PROT_EXEC,MAP_PRIVATE|MAP_FIXED|MAP_NOCORE|MAP_PREFAULT_READ,4,0x25000) = 34953048064 (0x8235d3000)
 2693: open("/usr/local/lib/libc.so.7",O_RDONLY|O_CLOEXEC|O_VERIFY,00) ERR#2 'No such file or directory'
 2692: mmap(0x82360d000,28672,PROT_READ|PROT_WRITE,MAP_PRIVATE|MAP_FIXED|MAP_PREFAULT_READ,4,0x5e000) = 34953285632 (0x82360d000)
 2693: open("/lib/libc.so.7",O_RDONLY|O_CLOEXEC|O_VERIFY,00) = 4 (0x4)
 2693: fstat(4,{ mode=-r--r--r-- ,inode=28044,size=1957616,blksize=32768 }) = 0 (0x0)
 2692: mmap(0x823614000,4096,PROT_READ|PROT_WRITE,MAP_PRIVATE|MAP_FIXED|MAP_PREFAULT_READ,4,0x64000) = 34953314304 (0x823614000)
 2693: mmap(0x0,4096,PROT_READ,MAP_PRIVATE|MAP_PREFAULT_READ,4,0x0) = 34970398720 (0x82465f000)
 2691: mmap(0x82268a000,49152,PROT_READ|PROT_EXEC,MAP_PRIVATE|MAP_FIXED|MAP_NOCORE|MAP_PREFAULT_READ,4,0x7000) = 34937020416 (0x82268a000)
 2692: munmap(0x825966000,4096)			 = 0 (0x0)
 2693: mmap(0x0,3158016,PROT_NONE,MAP_GUARD,-1,0x0) = 34946994176 (0x82300d000)
 2692: close(4)					 = 0 (0x0)
 2693: mmap(0x82300d000,544768,PROT_READ,MAP_PRIVATE|MAP_FIXED|MAP_NOCORE|MAP_PREFAULT_READ,4,0x0) = 34946994176 (0x82300d000)
 2692: open("/usr/local/lib/libc.so.7",O_RDONLY|O_CLOEXEC|O_VERIFY,00) ERR#2 'No such file or directory'
 2691: mmap(0x822696000,8192,PROT_READ|PROT_WRITE,MAP_PRIVATE|MAP_FIXED|MAP_PREFAULT_READ,4,0x12000) = 34937069568 (0x822696000)
 2693: mmap(0x823092000,1355776,PROT_READ|PROT_EXEC,MAP_PRIVATE|MAP_FIXED|MAP_NOCORE|MAP_PREFAULT_READ,4,0x84000) = 34947538944 (0x823092000)
 2692: open("/lib/libc.so.7",O_RDONLY|O_CLOEXEC|O_VERIFY,00) = 4 (0x4)
 2693: mmap(0x8231dd000,40960,PROT_READ|PROT_WRITE,MAP_PRIVATE|MAP_FIXED|MAP_PREFAULT_READ,4,0x1ce000) = 34948894720 (0x8231dd000)
 2692: fstat(4,{ mode=-r--r--r-- ,inode=28044,size=1957616,blksize=32768 }) = 0 (0x0)
 2693: mmap(0x8231e7000,28672,PROT_READ|PROT_WRITE,MAP_PRIVATE|MAP_FIXED|MAP_PREFAULT_READ,4,0x1d7000) = 34948935680 (0x8231e7000)
 2691: mmap(0x822698000,4096,PROT_READ|PROT_WRITE,MAP_PRIVATE|MAP_FIXED|MAP_PREFAULT_READ,4,0x13000) = 34937077760 (0x822698000)
 2693: mmap(0x8231ee000,1187840,PROT_READ|PROT_WRITE,MAP_PRIVATE|MAP_FIXED|MAP_ANON,-1,0x0) = 34948964352 (0x8231ee000)
 2692: mmap(0x0,4096,PROT_READ,MAP_PRIVATE|MAP_PREFAULT_READ,4,0x0) = 34984058880 (0x825366000)
 2693: munmap(0x82465f000,4096)			 = 0 (0x0)
 2692: mmap(0x0,3158016,PROT_NONE,MAP_GUARD,-1,0x0) = 34987200512 (0x825665000)
 2693: close(4)					 = 0 (0x0)
 2691: mmap(0x822699000,8192,PROT_READ|PROT_WRITE,MAP_PRIVATE|MAP_FIXED|MAP_ANON,-1,0x0) = 34937081856 (0x822699000)
 2693: open("/lib/libthr.so.3",O_RDONLY|O_CLOEXEC|O_VERIFY,00) = 4 (0x4)
 2692: mmap(0x825665000,544768,PROT_READ,MAP_PRIVATE|MAP_FIXED|MAP_NOCORE|MAP_PREFAULT_READ,4,0x0) = 34987200512 (0x825665000)
 2693: fstat(4,{ mode=-r--r--r-- ,inode=28074,size=128008,blksize=32768 }) = 0 (0x0)
 2691: munmap(0x822ba8000,4096)			 = 0 (0x0)
 2693: mmap(0x0,4096,PROT_READ,MAP_PRIVATE|MAP_PREFAULT_READ,4,0x0) = 34989273088 (0x82585f000)
 2692: mmap(0x8256ea000,1355776,PROT_READ|PROT_EXEC,MAP_PRIVATE|MAP_FIXED|MAP_NOCORE|MAP_PREFAULT_READ,4,0x84000) = 34987745280 (0x8256ea000)
 2693: mmap(0x0,188416,PROT_NONE,MAP_GUARD,-1,0x0) = 34979655680 (0x824f33000)
 2692: mmap(0x825835000,40960,PROT_READ|PROT_WRITE,MAP_PRIVATE|MAP_FIXED|MAP_PREFAULT_READ,4,0x1ce000) = 34989101056 (0x825835000)
 2690: getpid()					 = 2690 (0xa82)
 2693: mmap(0x824f33000,53248,PROT_READ,MAP_PRIVATE|MAP_FIXED|MAP_NOCORE|MAP_PREFAULT_READ,4,0x0) = 34979655680 (0x824f33000)
 2692: mmap(0x82583f000,28672,PROT_READ|PROT_WRITE,MAP_PRIVATE|MAP_FIXED|MAP_PREFAULT_READ,4,0x1d7000) = 34989142016 (0x82583f000)
 2691: close(4)					 = 0 (0x0)
 2693: mmap(0x824f40000,73728,PROT_READ|PROT_EXEC,MAP_PRIVATE|MAP_FIXED|MAP_NOCORE|MAP_PREFAULT_READ,4,0xc000) = 34979708928 (0x824f40000)
 2692: mmap(0x825846000,1187840,PROT_READ|PROT_WRITE,MAP_PRIVATE|MAP_FIXED|MAP_ANON,-1,0x0) = 34989170688 (0x825846000)
 2693: mmap(0x824f52000,8192,PROT_READ|PROT_WRITE,MAP_PRIVATE|MAP_FIXED|MAP_PREFAULT_READ,4,0x1d000) = 34979782656 (0x824f52000)
 2692: munmap(0x825366000,4096)			 = 0 (0x0)
 2693: mmap(0x824f54000,4096,PROT_READ|PROT_WRITE,MAP_PRIVATE|MAP_FIXED|MAP_PREFAULT_READ,4,0x1e000) = 34979790848 (0x824f54000)
 2692: close(4)					 = 0 (0x0)
 2693: mmap(0x824f55000,49152,PROT_READ|PROT_WRITE,MAP_PRIVATE|MAP_FIXED|MAP_ANON,-1,0x0) = 34979794944 (0x824f55000)
 2692: open("/lib/libthr.so.3",O_RDONLY|O_CLOEXEC|O_VERIFY,00) = 4 (0x4)
 2693: munmap(0x82585f000,4096)			 = 0 (0x0)
 2692: fstat(4,{ mode=-r--r--r-- ,inode=28074,size=128008,blksize=32768 }) = 0 (0x0)
 2693: close(4)					 = 0 (0x0)
 2692: mmap(0x0,4096,PROT_READ,MAP_PRIVATE|MAP_PREFAULT_READ,4,0x0) = 35021815808 (0x827768000)
 2691: open("/usr/local/lib/libevent-2.1.so.7",O_RDONLY|O_CLOEXEC|O_VERIFY,00) = 4 (0x4)
 2692: mmap(0x0,188416,PROT_NONE,MAP_GUARD,-1,0x0) = 34972008448 (0x8247e8000)
 2691: fstat(4,{ mode=-rwxr-xr-x ,inode=161858,size=334248,blksize=32768 }) = 0 (0x0)
 2690: kevent(4,{ 18446744073709551615,EVFILT_READ,EV_ADD,0,0,0x0 },1,{ 18446744073709551615,EVFILT_READ,EV_ERROR,0,0x9,0x0 },64,0x0) = 1 (0x1)
 2692: mmap(0x8247e8000,53248,PROT_READ,MAP_PRIVATE|MAP_FIXED|MAP_NOCORE|MAP_PREFAULT_READ,4,0x0) = 34972008448 (0x8247e8000)
 2691: mmap(0x0,4096,PROT_READ,MAP_PRIVATE|MAP_PREFAULT_READ,4,0x0) = 34964353024 (0x82409b000)
 2690: issetugid()				 = 0 (0x0)
 2692: mmap(0x8247f5000,73728,PROT_READ|PROT_EXEC,MAP_PRIVATE|MAP_FIXED|MAP_NOCORE|MAP_PREFAULT_READ,4,0xc000) = 34972061696 (0x8247f5000)
 2693: mprotect(0x821340000,8192,PROT_READ)	 = 0 (0x0)
 2692: mmap(0x824807000,8192,PROT_READ|PROT_WRITE,MAP_PRIVATE|MAP_FIXED|MAP_PREFAULT_READ,4,0x1d000) = 34972135424 (0x824807000)
 2691: mmap(0x0,348160,PROT_NONE,MAP_GUARD,-1,0x0) = 34951942144 (0x8234c5000)
 2692: mmap(0x824809000,4096,PROT_READ|PROT_WRITE,MAP_PRIVATE|MAP_FIXED|MAP_PREFAULT_READ,4,0x1e000) = 34972143616 (0x824809000)
 2693: mprotect(0x8224b2000,8192,PROT_READ)	 = 0 (0x0)
 2692: mmap(0x82480a000,49152,PROT_READ|PROT_WRITE,MAP_PRIVATE|MAP_FIXED|MAP_ANON,-1,0x0) = 34972147712 (0x82480a000)
 2691: mmap(0x8234c5000,122880,PROT_READ,MAP_PRIVATE|MAP_FIXED|MAP_NOCORE|MAP_PREFAULT_READ,4,0x0) = 34951942144 (0x8234c5000)
 2692: munmap(0x827768000,4096)			 = 0 (0x0)
 2691: mmap(0x8234e3000,208896,PROT_READ|PROT_EXEC,MAP_PRIVATE|MAP_FIXED|MAP_NOCORE|MAP_PREFAULT_READ,4,0x1d000) = 34952065024 (0x8234e3000)
 2690: kevent(4,{ SIGINT,EVFILT_SIGNAL,EV_ADD,0,0,0x0 },1,0x0,0,{ 0.000000000 }) = 0 (0x0)
 2692: close(4)					 = 0 (0x0)
 2690: sigprocmask(SIG_SETMASK,{ SIGHUP|SIGINT|SIGQUIT|SIGILL|SIGTRAP|SIGABRT|SIGEMT|SIGFPE|SIGKILL|SIGBUS|SIGSEGV|SIGSYS|SIGPIPE|SIGALRM|SIGTERM|SIGURG|SIGSTOP|SIGTSTP|SIGCONT|SIGCHLD|SIGTTIN|SIGTTOU|SIGIO|SIGXCPU|SIGXFSZ|SIGVTALRM|SIGPROF|SIGWINCH|SIGINFO|SIGUSR1|SIGUSR2 },{ }) = 0 (0x0)
 2691: mmap(0x823516000,8192,PROT_READ|PROT_WRITE,MAP_PRIVATE|MAP_FIXED|MAP_PREFAULT_READ,4,0x4f000) = 34952273920 (0x823516000)
 2691: mmap(0x823518000,8192,PROT_READ|PROT_WRITE,MAP_PRIVATE|MAP_FIXED|MAP_PREFAULT_READ,4,0x50000) = 34952282112 (0x823518000)
 2690: sigaction(SIGINT,{ SIG_IGN SA_RESTART ss_t },{ SIG_DFL 0x0 ss_t }) = 0 (0x0)
 2691: munmap(0x82409b000,4096)			 = 0 (0x0)
 2690: sigprocmask(SIG_SETMASK,{ },0x0)		 = 0 (0x0)
 2691: close(4)					 = 0 (0x0)
 2692: mprotect(0x822f30000,8192,PROT_READ)	 = 0 (0x0)
 2691: open("/usr/local/lib/libcrypto.so.56",O_RDONLY|O_CLOEXEC|O_VERIFY,00) = 4 (0x4)
 2692: mprotect(0x82241c000,8192,PROT_READ)	 = 0 (0x0)
 2690: kevent(4,{ SIGTERM,EVFILT_SIGNAL,EV_ADD,0,0,0x0 },1,0x0,0,{ 0.000000000 }) = 0 (0x0)
 2690: sigprocmask(SIG_SETMASK,{ SIGHUP|SIGINT|SIGQUIT|SIGILL|SIGTRAP|SIGABRT|SIGEMT|SIGFPE|SIGKILL|SIGBUS|SIGSEGV|SIGSYS|SIGPIPE|SIGALRM|SIGTERM|SIGURG|SIGSTOP|SIGTSTP|SIGCONT|SIGCHLD|SIGTTIN|SIGTTOU|SIGIO|SIGXCPU|SIGXFSZ|SIGVTALRM|SIGPROF|SIGWINCH|SIGINFO|SIGUSR1|SIGUSR2 },{ }) = 0 (0x0)
 2690: sigaction(SIGTERM,{ SIG_IGN SA_RESTART ss_t },{ SIG_DFL 0x0 ss_t }) = 0 (0x0)
 2691: fstat(4,{ mode=-rw-r--r-- ,inode=164016,size=1993544,blksize=32768 }) = 0 (0x0)
 2690: sigprocmask(SIG_SETMASK,{ },0x0)		 = 0 (0x0)
 2691: mmap(0x0,4096,PROT_READ,MAP_PRIVATE|MAP_PREFAULT_READ,4,0x0) = 34975358976 (0x824b1a000)
 2690: kevent(4,{ SIGCHLD,EVFILT_SIGNAL,EV_ADD,0,0,0x0 },1,0x0,0,{ 0.000000000 }) = 0 (0x0)
 2691: mmap(0x0,2015232,PROT_NONE,MAP_GUARD,-1,0x0) = 34952900608 (0x8235af000)
 2690: sigprocmask(SIG_SETMASK,{ SIGHUP|SIGINT|SIGQUIT|SIGILL|SIGTRAP|SIGABRT|SIGEMT|SIGFPE|SIGKILL|SIGBUS|SIGSEGV|SIGSYS|SIGPIPE|SIGALRM|SIGTERM|SIGURG|SIGSTOP|SIGTSTP|SIGCONT|SIGCHLD|SIGTTIN|SIGTTOU|SIGIO|SIGXCPU|SIGXFSZ|SIGVTALRM|SIGPROF|SIGWINCH|SIGINFO|SIGUSR1|SIGUSR2 },{ }) = 0 (0x0)
 2690: sigaction(SIGCHLD,{ SIG_DFL SA_RESTART ss_t },{ SIG_DFL SA_RESTART ss_t }) = 0 (0x0)
 2690: sigprocmask(SIG_SETMASK,{ },0x0)		 = 0 (0x0)
 2691: mmap(0x8235af000,823296,PROT_READ,MAP_PRIVATE|MAP_FIXED|MAP_NOCORE|MAP_PREFAULT_READ,4,0x0) = 34952900608 (0x8235af000)
 2693: mprotect(0x824038000,147456,PROT_READ)	 = 0 (0x0)
 2690: kevent(4,{ SIGHUP,EVFILT_SIGNAL,EV_ADD,0,0,0x0 },1,0x0,0,{ 0.000000000 }) = 0 (0x0)
 2691: mmap(0x823678000,1032192,PROT_READ|PROT_EXEC,MAP_PRIVATE|MAP_FIXED|MAP_NOCORE|MAP_PREFAULT_READ,4,0xc8000) = 34953723904 (0x823678000)
 2690: sigprocmask(SIG_SETMASK,{ SIGHUP|SIGINT|SIGQUIT|SIGILL|SIGTRAP|SIGABRT|SIGEMT|SIGFPE|SIGKILL|SIGBUS|SIGSEGV|SIGSYS|SIGPIPE|SIGALRM|SIGTERM|SIGURG|SIGSTOP|SIGTSTP|SIGCONT|SIGCHLD|SIGTTIN|SIGTTOU|SIGIO|SIGXCPU|SIGXFSZ|SIGVTALRM|SIGPROF|SIGWINCH|SIGINFO|SIGUSR1|SIGUSR2 },{ }) = 0 (0x0)
 2691: mmap(0x823774000,147456,PROT_READ|PROT_WRITE,MAP_PRIVATE|MAP_FIXED|MAP_PREFAULT_READ,4,0x1c3000) = 34954756096 (0x823774000)
 2691: mmap(0x823798000,4096,PROT_READ|PROT_WRITE,MAP_PRIVATE|MAP_FIXED|MAP_PREFAULT_READ,4,0x1e6000) = 34954903552 (0x823798000)
 2690: sigaction(SIGHUP,{ SIG_IGN SA_RESTART ss_t },{ SIG_DFL SA_RESTART ss_t }) = 0 (0x0)
 2691: mmap(0x823799000,8192,PROT_READ|PROT_WRITE,MAP_PRIVATE|MAP_FIXED|MAP_ANON,-1,0x0) = 34954907648 (0x823799000)
 2693: mprotect(0x82152f000,28672,PROT_READ)	 = 0 (0x0)
 2690: sigprocmask(SIG_SETMASK,{ },0x0)		 = 0 (0x0)
 2691: munmap(0x824b1a000,4096)			 = 0 (0x0)
 2690: kevent(4,{ SIGPIPE,EVFILT_SIGNAL,EV_ADD,0,0,0x0 },1,0x0,0,{ 0.000000000 }) = 0 (0x0)
 2691: close(4)					 = 0 (0x0)
 2690: sigprocmask(SIG_SETMASK,{ SIGHUP|SIGINT|SIGQUIT|SIGILL|SIGTRAP|SIGABRT|SIGEMT|SIGFPE|SIGKILL|SIGBUS|SIGSEGV|SIGSYS|SIGPIPE|SIGALRM|SIGTERM|SIGURG|SIGSTOP|SIGTSTP|SIGCONT|SIGCHLD|SIGTTIN|SIGTTOU|SIGIO|SIGXCPU|SIGXFSZ|SIGVTALRM|SIGPROF|SIGWINCH|SIGINFO|SIGUSR1|SIGUSR2 },{ }) = 0 (0x0)
 2690: sigaction(SIGPIPE,{ SIG_IGN SA_RESTART ss_t },{ SIG_DFL SA_RESTART ss_t }) = 0 (0x0)
 2691: open("/usr/local/lib/libssl.so.59",O_RDONLY|O_CLOEXEC|O_VERIFY,00) = 4 (0x4)
 2692: mprotect(0x82433f000,147456,PROT_READ)	 = 0 (0x0)
 2691: fstat(4,{ mode=-rw-r--r-- ,inode=164020,size=412264,blksize=32768 }) = 0 (0x0)
 2690: sigprocmask(SIG_SETMASK,{ },0x0)		 = 0 (0x0)
 2691: mmap(0x0,4096,PROT_READ,MAP_PRIVATE|MAP_PREFAULT_READ,4,0x0) = 34961207296 (0x823d9b000)
 2691: mmap(0x0,425984,PROT_NONE,MAP_GUARD,-1,0x0) = 34965012480 (0x82413c000)
 2690: kevent(4,{ SIGUSR1,EVFILT_SIGNAL,EV_ADD,0,0,0x0 },1,0x0,0,{ 0.000000000 }) = 0 (0x0)
 2690: sigprocmask(SIG_SETMASK,{ SIGHUP|SIGINT|SIGQUIT|SIGILL|SIGTRAP|SIGABRT|SIGEMT|SIGFPE|SIGKILL|SIGBUS|SIGSEGV|SIGSYS|SIGPIPE|SIGALRM|SIGTERM|SIGURG|SIGSTOP|SIGTSTP|SIGCONT|SIGCHLD|SIGTTIN|SIGTTOU|SIGIO|SIGXCPU|SIGXFSZ|SIGVTALRM|SIGPROF|SIGWINCH|SIGINFO|SIGUSR1|SIGUSR2 },{ }) = 0 (0x0)
 2691: mmap(0x82413c000,155648,PROT_READ,MAP_PRIVATE|MAP_FIXED|MAP_NOCORE|MAP_PREFAULT_READ,4,0x0) = 34965012480 (0x82413c000)
 2692: mprotect(0x82360d000,28672,PROT_READ)	 = 0 (0x0)
 2693: mprotect(0x8231dd000,40960,PROT_READ)	 = 0 (0x0)
 2691: mmap(0x824162000,237568,PROT_READ|PROT_EXEC,MAP_PRIVATE|MAP_FIXED|MAP_NOCORE|MAP_PREFAULT_READ,4,0x25000) = 34965168128 (0x824162000)
 2693: mprotect(0x824f52000,8192,PROT_READ)	 = 0 (0x0)
 2690: sigaction(SIGUSR1,{ SIG_IGN SA_RESTART ss_t },{ SIG_DFL 0x0 ss_t }) = 0 (0x0)
 2691: mmap(0x82419c000,28672,PROT_READ|PROT_WRITE,MAP_PRIVATE|MAP_FIXED|MAP_PREFAULT_READ,4,0x5e000) = 34965405696 (0x82419c000)
 2693: mprotect(0x8231dd000,40960,PROT_READ|PROT_WRITE) = 0 (0x0)
 2690: sigprocmask(SIG_SETMASK,{ },0x0)		 = 0 (0x0)
 2692: mprotect(0x825835000,40960,PROT_READ)	 = 0 (0x0)
 2693: mprotect(0x8231dd000,40960,PROT_READ)	 = 0 (0x0)
 2691: mmap(0x8241a3000,4096,PROT_READ|PROT_WRITE,MAP_PRIVATE|MAP_FIXED|MAP_PREFAULT_READ,4,0x64000) = 34965434368 (0x8241a3000)
 2693: mprotect(0x824038000,147456,PROT_READ|PROT_WRITE) = 0 (0x0)
 2692: mprotect(0x824807000,8192,PROT_READ)	 = 0 (0x0)
 2690: socket(PF_INET,SOCK_DGRAM,0)		 = 6 (0x6)
 2691: munmap(0x823d9b000,4096)			 = 0 (0x0)
 2692: mprotect(0x825835000,40960,PROT_READ|PROT_WRITE) = 0 (0x0)
 2691: close(4)					 = 0 (0x0)
 2690: socket(PF_INET6,SOCK_DGRAM,0)		 = 8 (0x8)
 2692: mprotect(0x825835000,40960,PROT_READ)	 = 0 (0x0)
 2691: open("/usr/local/lib/libc.so.7",O_RDONLY|O_CLOEXEC|O_VERIFY,00) ERR#2 'No such file or directory'
 2690: socket(PF_ROUTE,SOCK_RAW,0)		 = 9 (0x9)
 2692: mprotect(0x82433f000,147456,PROT_READ|PROT_WRITE) = 0 (0x0)
 2690: getpid()					 = 2690 (0xa82)
 2691: open("/lib/libc.so.7",O_RDONLY|O_CLOEXEC|O_VERIFY,00) = 4 (0x4)
 2691: fstat(4,{ mode=-r--r--r-- ,inode=28044,size=1957616,blksize=32768 }) = 0 (0x0)
 2691: mmap(0x0,4096,PROT_READ,MAP_PRIVATE|MAP_PREFAULT_READ,4,0x0) = 34980118528 (0x824fa4000)
 2690: getpid()					 = 2690 (0xa82)
 2691: mmap(0x0,3158016,PROT_NONE,MAP_GUARD,-1,0x0) = 34988642304 (0x8257c5000)
 2690: getpid()					 = 2690 (0xa82)
 2690: getpid()					 = 2690 (0xa82)
 2691: mmap(0x8257c5000,544768,PROT_READ,MAP_PRIVATE|MAP_FIXED|MAP_NOCORE|MAP_PREFAULT_READ,4,0x0) = 34988642304 (0x8257c5000)
 2690: socketpair(0x1,0x30000001,0x0,0x8209962f8) = 0 (0x0)
 2691: mmap(0x82584a000,1355776,PROT_READ|PROT_EXEC,MAP_PRIVATE|MAP_FIXED|MAP_NOCORE|MAP_PREFAULT_READ,4,0x84000) = 34989187072 (0x82584a000)
 2693: mprotect(0x824038000,147456,PROT_READ)	 = 0 (0x0)
 2690: sendmsg(3,{NULL,0,[{"(\0\0\0\^X\0\0\M^@\M^?\M^?\M^?"...,24}],1,{{level=SOL_SOCKET,type=SCM_RIGHTS,data={0x0a,0x00,0x00,0x00}}},24,0},0) = 24 (0x18)
 2693: mprotect(0x82152f000,28672,PROT_READ|PROT_WRITE) = 0 (0x0)
 2691: mmap(0x825995000,40960,PROT_READ|PROT_WRITE,MAP_PRIVATE|MAP_FIXED|MAP_PREFAULT_READ,4,0x1ce000) = 34990542848 (0x825995000)
 2690: close(10)				 = 0 (0x0)
 2690: sendmsg(5,{NULL,0,[{"(\0\0\0\^X\0\0\M^@\M^?\M^?\M^?"...,24}],1,{{level=SOL_SOCKET,type=SCM_RIGHTS,data={0x0b,0x00,0x00,0x00}}},24,0},0) = 24 (0x18)
 2691: mmap(0x82599f000,28672,PROT_READ|PROT_WRITE,MAP_PRIVATE|MAP_FIXED|MAP_PREFAULT_READ,4,0x1d7000) = 34990583808 (0x82599f000)
 2690: close(11)				 = 0 (0x0)
 2693: mprotect(0x82152f000,28672,PROT_READ)	 = 0 (0x0)
 2691: mmap(0x8259a6000,1187840,PROT_READ|PROT_WRITE,MAP_PRIVATE|MAP_FIXED|MAP_ANON,-1,0x0) = 34990612480 (0x8259a6000)
 2693: mprotect(0x26f000,12288,PROT_READ|PROT_WRITE) = 0 (0x0)
 2692: mprotect(0x82433f000,147456,PROT_READ)	 = 0 (0x0)
 2691: munmap(0x824fa4000,4096)			 = 0 (0x0)
 2692: mprotect(0x82360d000,28672,PROT_READ|PROT_WRITE) = 0 (0x0)
 2690: socketpair(0x1,0x30000001,0x0,0x8209962f8) = 0 (0x0)
 2691: close(4)					 = 0 (0x0)
 2693: mprotect(0x26f000,12288,PROT_READ)	 = 0 (0x0)
 2691: open("/lib/libthr.so.3",O_RDONLY|O_CLOEXEC|O_VERIFY,00) = 4 (0x4)
 2690: sendmsg(3,{NULL,0,[{"(\0\0\0\^X\0\0\M^@\M^?\M^?\M^?"...,24}],1,{{level=SOL_SOCKET,type=SCM_RIGHTS,data={0x0a,0x00,0x00,0x00}}},24,0},0) = 24 (0x18)
 2693: readlink("/etc/malloc.conf",0x820fae890,1024) ERR#2 'No such file or directory'
 2691: fstat(4,{ mode=-r--r--r-- ,inode=28074,size=128008,blksize=32768 }) = 0 (0x0)
 2692: mprotect(0x82360d000,28672,PROT_READ)	 = 0 (0x0)
 2693: issetugid()				 = 0 (0x0)
 2692: mprotect(0x26f000,12288,PROT_READ|PROT_WRITE) = 0 (0x0)
 2691: mmap(0x0,4096,PROT_READ,MAP_PRIVATE|MAP_PREFAULT_READ,4,0x0) = 35012771840 (0x826ec8000)
 2690: close(10)				 = 0 (0x0)
 2691: mmap(0x0,188416,PROT_NONE,MAP_GUARD,-1,0x0) = 34976038912 (0x824bc0000)
 2693: mmap(0x0,2097152,PROT_READ|PROT_WRITE,MAP_PRIVATE|MAP_ANON|MAP_ALIGNED(21),-1,0x0) = 37767732002816 (0x22597c400000)
 2691: mmap(0x824bc0000,53248,PROT_READ,MAP_PRIVATE|MAP_FIXED|MAP_NOCORE|MAP_PREFAULT_READ,4,0x0) = 34976038912 (0x824bc0000)
 2692: mprotect(0x26f000,12288,PROT_READ)	 = 0 (0x0)
 2690: sendmsg(7,{NULL,0,[{"(\0\0\0\^X\0\0\M^@\M^?\M^?\M^?"...,24}],1,{{level=SOL_SOCKET,type=SCM_RIGHTS,data={0x0b,0x00,0x00,0x00}}},24,0},0) = 24 (0x18)
 2693: cap_getmode({ 0 })			 = 0 (0x0)
 2692: readlink("/etc/malloc.conf",0x820d09760,1024) ERR#2 'No such file or directory'
 2693: open("/dev/pvclock",O_RDONLY|O_CLOEXEC,04302415170) = 4 (0x4)
 2692: issetugid()				 = 0 (0x0)
 2693: mmap(0x0,128,PROT_READ,MAP_SHARED,4,0x0)	 = 35002912768 (0x826561000)
 2691: mmap(0x824bcd000,73728,PROT_READ|PROT_EXEC,MAP_PRIVATE|MAP_FIXED|MAP_NOCORE|MAP_PREFAULT_READ,4,0xc000) = 34976092160 (0x824bcd000)
 2693: close(4)					 = 0 (0x0)
 2692: mmap(0x0,2097152,PROT_READ|PROT_WRITE,MAP_PRIVATE|MAP_ANON|MAP_ALIGNED(21),-1,0x0) = 43312929046528 (0x276493c00000)
 2690: close(11)				 = 0 (0x0)
 2691: mmap(0x824bdf000,8192,PROT_READ|PROT_WRITE,MAP_PRIVATE|MAP_FIXED|MAP_PREFAULT_READ,4,0x1d000) = 34976165888 (0x824bdf000)
 2693: mmap(0x0,2097152,PROT_READ|PROT_WRITE,MAP_PRIVATE|MAP_ANON|MAP_ALIGNED(12),-1,0x0) = 37767734099968 (0x22597c600000)
 2692: cap_getmode({ 0 })			 = 0 (0x0)
 2693: mmap(0x0,6291456,PROT_READ|PROT_WRITE,MAP_PRIVATE|MAP_ANON|MAP_ALIGNED(21),-1,0x0) = 37767736197120 (0x22597c800000)
 2691: mmap(0x824be1000,4096,PROT_READ|PROT_WRITE,MAP_PRIVATE|MAP_FIXED|MAP_PREFAULT_READ,4,0x1e000) = 34976174080 (0x824be1000)
 2692: open("/dev/pvclock",O_RDONLY|O_CLOEXEC,04533715170) = 4 (0x4)
 2692: mmap(0x0,128,PROT_READ,MAP_SHARED,4,0x0)	 = 34998747136 (0x826168000)
 2690: socketpair(0x1,0x30000001,0x0,0x8209962f8) = 0 (0x0)
 2691: mmap(0x824be2000,49152,PROT_READ|PROT_WRITE,MAP_PRIVATE|MAP_FIXED|MAP_ANON,-1,0x0) = 34976178176 (0x824be2000)
 2692: close(4)					 = 0 (0x0)
 2693: mmap(0x0,135168,PROT_READ|PROT_WRITE,MAP_PRIVATE|MAP_ANON,-1,0x0) = 37767730040832 (0x22597c221000)
 2692: mmap(0x0,2097152,PROT_READ|PROT_WRITE,MAP_PRIVATE|MAP_ANON|MAP_ALIGNED(12),-1,0x0) = 43312931143680 (0x276493e00000)
 2691: munmap(0x826ec8000,4096)			 = 0 (0x0)
 2693: thr_self(0x22597c221008)			 = 0 (0x0)
 2692: mmap(0x0,6291456,PROT_READ|PROT_WRITE,MAP_PRIVATE|MAP_ANON|MAP_ALIGNED(21),-1,0x0) = 43312933240832 (0x276494000000)
 2693: mmap(0x800fb0000,4096,PROT_NONE,MAP_ANON,-1,0x0) = 34985607168 (0x8254e0000)
 2690: sendmsg(5,{NULL,0,[{"(\0\0\0\^X\0\0\M^@\M^?\M^?\M^?"...,24}],1,{{level=SOL_SOCKET,type=SCM_RIGHTS,data={0x0a,0x00,0x00,0x00}}},24,0},0) = 24 (0x18)
 2691: close(4)					 = 0 (0x0)
 2690: close(10)				 = 0 (0x0)
 2693: rtprio_thread(RTP_LOOKUP,100448,0x820faecdc) = 0 (0x0)
 2693: sigaction(SIGTHR,{ 0x824f4ca80 SA_SIGINFO ss_t },0x0) = 0 (0x0)
 2692: mmap(0x0,135168,PROT_READ|PROT_WRITE,MAP_PRIVATE|MAP_ANON,-1,0x0) = 43312927084544 (0x276493a21000)
 2690: sendmsg(7,{NULL,0,[{"(\0\0\0\^X\0\0\M^@\M^?\M^?\M^?"...,24}],1,{{level=SOL_SOCKET,type=SCM_RIGHTS,data={0x0b,0x00,0x00,0x00}}},24,0},0) = 24 (0x18)
 2693: sigprocmask(SIG_UNBLOCK,{ },0x0)		 = 0 (0x0)
 2692: thr_self(0x276493a21008)			 = 0 (0x0)
 2693: _umtx_op(0x820faecd0,UMTX_OP_WAKE,0x1,0x0,0x0) = 0 (0x0)
 2692: mmap(0x800d0b000,4096,PROT_NONE,MAP_ANON,-1,0x0) = 35005317120 (0x8267ac000)
 2693: mprotect(0x0,0,PROT_NONE)		 = 0 (0x0)
 2691: mprotect(0x822696000,8192,PROT_READ)	 = 0 (0x0)
 2692: rtprio_thread(RTP_LOOKUP,100145,0x820d09bac) = 0 (0x0)
 2693: thr_wake(0xffffffffffffffff)		 ERR#3 'No such process'
 2690: close(11)				 = 0 (0x0)
 2693: getpid()					 = 2693 (0xa85)
 2692: sigaction(SIGTHR,{ 0x824801a80 SA_SIGINFO ss_t },0x0) = 0 (0x0)
 2693: getpid()					 = 2693 (0xa85)
 2692: sigprocmask(SIG_UNBLOCK,{ },0x0)		 = 0 (0x0)
 2693: sigprocmask(SIG_BLOCK,{ SIGHUP|SIGINT|SIGQUIT|SIGILL|SIGTRAP|SIGABRT|SIGEMT|SIGFPE|SIGKILL|SIGBUS|SIGSEGV|SIGSYS|SIGPIPE|SIGALRM|SIGTERM|SIGURG|SIGSTOP|SIGTSTP|SIGCONT|SIGCHLD|SIGTTIN|SIGTTOU|SIGIO|SIGXCPU|SIGXFSZ|SIGVTALRM|SIGPROF|SIGWINCH|SIGINFO|SIGUSR1|SIGUSR2 },{ }) = 0 (0x0)
 2692: _umtx_op(0x820d09ba0,UMTX_OP_WAKE,0x1,0x0,0x0) = 0 (0x0)
 2693: sigfastblock(0x3,0x0)			 = 0 (0x0)
 2691: mprotect(0x823516000,8192,PROT_READ)	 = 0 (0x0)
 2692: mprotect(0x0,0,PROT_NONE)		 = 0 (0x0)
 2693: sigprocmask(SIG_SETMASK,{ },0x0)		 = 0 (0x0)
 2692: thr_wake(0xffffffffffffffff)		 ERR#3 'No such process'
 2693: sigfastblock(0x1,0x22597c221040)		 = 0 (0x0)
 2690: kevent(4,{ 3,EVFILT_READ,EV_ADD,0,0,0x30303 3,EVFILT_WRITE,EV_ADD,0,0,0x30303 5,EVFILT_READ,EV_ADD,0,0,0x30303 5,EVFILT_WRITE,EV_ADD,0,0,0x30303 7,EVFILT_READ,EV_ADD,0,0,0x30303 7,EVFILT_WRITE,EV_ADD,0,0,0x30303 },6,{ 3,EVFILT_WRITE,0x0,0,0x2000,0x30303 5,EVFILT_WRITE,0x0,0,0x2000,0x30303 7,EVFILT_WRITE,0x0,0,0x2000,0x30303 },64,0x0) = 3 (0x3)
 2692: getpid()					 = 2692 (0xa84)
 2693: getcontext(0x820fae170)			 = 0 (0x0)
 2692: getpid()					 = 2692 (0xa84)
 2693: sysarch(AMD64_GET_XFPUSTATE,0x820fae138)	 = 0 (0x0)
 2690: sendmsg(3,{NULL,0,[{")\0\0\0\^P\0\0\0\M^?\M^?\M^?\M^?"...,16}],1,{},0,0},0) = 16 (0x10)
 2692: sigprocmask(SIG_BLOCK,{ SIGHUP|SIGINT|SIGQUIT|SIGILL|SIGTRAP|SIGABRT|SIGEMT|SIGFPE|SIGKILL|SIGBUS|SIGSEGV|SIGSYS|SIGPIPE|SIGALRM|SIGTERM|SIGURG|SIGSTOP|SIGTSTP|SIGCONT|SIGCHLD|SIGTTIN|SIGTTOU|SIGIO|SIGXCPU|SIGXFSZ|SIGVTALRM|SIGPROF|SIGWINCH|SIGINFO|SIGUSR1|SIGUSR2 },{ }) = 0 (0x0)
 2693: mprotect(0x26f000,12288,PROT_READ)	 = 0 (0x0)
 2690: sendmsg(5,{NULL,0,[{")\0\0\0\^P\0\0\0\M^?\M^?\M^?\M^?"...,16}],1,{},0,0},0) = 16 (0x10)
 2693: open("/etc/localtime",O_RDONLY,01745)	 ERR#2 'No such file or directory'
 2692: sigfastblock(0x3,0x0)			 = 0 (0x0)
 2690: sendmsg(7,{NULL,0,[{")\0\0\0\^P\0\0\0\M^?\M^?\M^?\M^?"...,16}],1,{},0,0},0) = 16 (0x10)
 2693: fstatat(AT_FDCWD,"/etc/nsswitch.conf",{ mode=-rw-r--r-- ,inode=689,size=260,blksize=32768 },0x0) = 0 (0x0)
 2692: sigprocmask(SIG_SETMASK,{ },0x0)		 = 0 (0x0)
 2693: open("/etc/nsswitch.conf",O_RDONLY|O_CLOEXEC,0666) = 4 (0x4)
 2692: sigfastblock(0x1,0x276493a21040)		 = 0 (0x0)
 2693: fstat(4,{ mode=-rw-r--r-- ,inode=689,size=260,blksize=32768 }) = 0 (0x0)
 2692: getcontext(0x820d09040)			 = 0 (0x0)
 2693: read(4,"#\n# nsswitch.conf(5) - name ser"...,32768) = 260 (0x104)
 2692: sysarch(AMD64_GET_XFPUSTATE,0x820d09008)	 = 0 (0x0)
 2693: read(4,0x22597c641980,32768)		 = 0 (0x0)
 2692: mprotect(0x26f000,12288,PROT_READ)	 = 0 (0x0)
 2692: open("/etc/localtime",O_RDONLY,01745)	 ERR#2 'No such file or directory'
 2693: close(4)					 = 0 (0x0)
 2691: mprotect(0x823774000,147456,PROT_READ)	 = 0 (0x0)
 2693: geteuid()				 = 0 (0x0)
 2692: fstatat(AT_FDCWD,"/etc/nsswitch.conf",{ mode=-rw-r--r-- ,inode=689,size=260,blksize=32768 },0x0) = 0 (0x0)
 2693: open("/etc/spwd.db",O_RDONLY|O_CLOEXEC,00) = 4 (0x4)
 2692: open("/etc/nsswitch.conf",O_RDONLY|O_CLOEXEC,0666) = 4 (0x4)
 2693: fstat(4,{ mode=-rw------- ,inode=804,size=40960,blksize=32768 }) = 0 (0x0)
 2692: fstat(4,{ mode=-rw-r--r-- ,inode=689,size=260,blksize=32768 }) = 0 (0x0)
 2693: read(4,"\0\^F\^Ua\0\0\0\^B\0\0\^P\M-a\0"...,260) = 260 (0x104)
 2691: mprotect(0x82419c000,28672,PROT_READ)	 = 0 (0x0)
 2692: read(4,"#\n# nsswitch.conf(5) - name ser"...,32768) = 260 (0x104)
 2693: pread(4,"\0 \^O\M-x\^O\M-w\^O\M-r\^O\M-8"...,4096,0x6000) = 4096 (0x1000)
 2692: read(4,0x276493e41040,32768)		 = 0 (0x0)
 2693: pread(4,"\0\^Z\^O\M-{\^O\M->\^O\M-9\^Oz"...,4096,0x4000) = 4096 (0x1000)
 2692: close(4)					 = 0 (0x0)
 2693: pread(4,"\0\^X\^O\M-{\^O\M-A\^O\M-<\^Og"...,4096,0x5000) = 4096 (0x1000)
 2691: mprotect(0x825995000,40960,PROT_READ)	 = 0 (0x0)
 2692: geteuid()				 = 0 (0x0)
 2693: pread(4,"\0\^X\^O\M-{\^O\M->\^O\M-9\^Om"...,4096,0x7000) = 4096 (0x1000)
 2692: open("/etc/spwd.db",O_RDONLY|O_CLOEXEC,00) = 4 (0x4)
 2693: pread(4,"\0\^V\^O\M-{\^O\M-/\^O\M-*\^Oo"...,4096,0x8000) = 4096 (0x1000)
 2692: fstat(4,{ mode=-rw------- ,inode=804,size=40960,blksize=32768 }) = 0 (0x0)
 2691: mprotect(0x824bdf000,8192,PROT_READ)	 = 0 (0x0)
 2693: pread(4,"\0\^V\^O\M-{\^O\M-@\^O\M-;\^O~"...,4096,0x1000) = 4096 (0x1000)
 2692: read(4,"\0\^F\^Ua\0\0\0\^B\0\0\^P\M-a\0"...,260) = 260 (0x104)
 2693: pread(4,"\0\^T\^O\M-{\^O\M->\^O\M-9\^Ol"...,4096,0x2000) = 4096 (0x1000)
 2691: mprotect(0x825995000,40960,PROT_READ|PROT_WRITE) = 0 (0x0)
 2692: pread(4,"\0 \^O\M-x\^O\M-w\^O\M-r\^O\M-8"...,4096,0x6000) = 4096 (0x1000)
 2693: pread(4,"\0\^V\^O\M-|\^O\M-0\^O\M-,\^Oq"...,4096,0x3000) = 4096 (0x1000)
 2692: pread(4,"\0\^Z\^O\M-{\^O\M->\^O\M-9\^Oz"...,4096,0x4000) = 4096 (0x1000)
 2693: close(4)					 = 0 (0x0)
 2691: mprotect(0x825995000,40960,PROT_READ)	 = 0 (0x0)
 2693: geteuid()				 = 0 (0x0)
 2692: pread(4,"\0\^X\^O\M-{\^O\M-A\^O\M-<\^Og"...,4096,0x5000) = 4096 (0x1000)
 2693: chroot("/var/empty")			 = 0 (0x0)
 2692: pread(4,"\0\^X\^O\M-{\^O\M->\^O\M-9\^Om"...,4096,0x7000) = 4096 (0x1000)
 2691: mprotect(0x823774000,147456,PROT_READ|PROT_WRITE) = 0 (0x0)
 2693: chdir("/")				 = 0 (0x0)
 2692: pread(4,"\0\^V\^O\M-{\^O\M-/\^O\M-*\^Oo"...,4096,0x8000) = 4096 (0x1000)
 2693: __sysctl("kern.proc.args.-1",4,0x0,0x0,0x22597c62d000,12) = 0 (0x0)
 2692: pread(4,"\0\^V\^O\M-{\^O\M-@\^O\M-;\^O~"...,4096,0x1000) = 4096 (0x1000)
 2693: setgroups(0x1,0x8231eea9c)		 = 0 (0x0)
 2692: pread(4,"\0\^T\^O\M-{\^O\M->\^O\M-9\^Ol"...,4096,0x2000) = 4096 (0x1000)
 2693: setresgid(0x3ec,0x3ec,0x3ec)		 = 0 (0x0)
 2692: pread(4,"\0\^V\^O\M-|\^O\M-0\^O\M-,\^Oq"...,4096,0x3000) = 4096 (0x1000)
 2693: setresuid(0x3ec,0x3ec,0x3ec)		 = 0 (0x0)
 2692: close(4)					 = 0 (0x0)
 2693: issetugid()				 = 1 (0x1)
 2692: geteuid()				 = 0 (0x0)
 2693: issetugid()				 = 1 (0x1)
 2692: socket(PF_LOCAL,SOCK_STREAM|SOCK_NONBLOCK,0) = 4 (0x4)
 2693: kqueue()					 = 4 (0x4)
 2693: getpid()					 = 2693 (0xa85)
 2693: kevent(4,{ 18446744073709551615,EVFILT_READ,EV_ADD,0,0,0x0 },1,{ 18446744073709551615,EVFILT_READ,EV_ERROR,0,0x9,0x0 },64,0x0) = 1 (0x1)
 2692: unlink("/var/run/iked.sock")		 = 0 (0x0)
 2693: issetugid()				 = 1 (0x1)
 2692: umask(0x4f)				 = 18 (0x12)
 2693: kevent(4,{ SIGINT,EVFILT_SIGNAL,EV_ADD,0,0,0x0 },1,0x0,0,{ 0.000000000 }) = 0 (0x0)
 2691: mprotect(0x823774000,147456,PROT_READ)	 = 0 (0x0)
 2692: bind(4,{ AF_UNIX "/var/run/iked.sock" },106) = 0 (0x0)
 2693: sigprocmask(SIG_SETMASK,{ SIGHUP|SIGINT|SIGQUIT|SIGILL|SIGTRAP|SIGABRT|SIGEMT|SIGFPE|SIGKILL|SIGBUS|SIGSEGV|SIGSYS|SIGPIPE|SIGALRM|SIGTERM|SIGURG|SIGSTOP|SIGTSTP|SIGCONT|SIGCHLD|SIGTTIN|SIGTTOU|SIGIO|SIGXCPU|SIGXFSZ|SIGVTALRM|SIGPROF|SIGWINCH|SIGINFO|SIGUSR1|SIGUSR2 },{ }) = 0 (0x0)
 2692: umask(0x12)				 = 79 (0x4f)
 2693: sigaction(SIGINT,{ SIG_IGN SA_RESTART ss_t },{ SIG_DFL 0x0 ss_t }) = 0 (0x0)
 2693: sigprocmask(SIG_SETMASK,{ },0x0)		 = 0 (0x0)
 2692: chmod("/var/run/iked.sock",0660)		 = 0 (0x0)
 2693: kevent(4,{ SIGTERM,EVFILT_SIGNAL,EV_ADD,0,0,0x0 },1,0x0,0,{ 0.000000000 }) = 0 (0x0)
 2692: chroot("/var/empty")			 = 0 (0x0)
 2693: sigprocmask(SIG_SETMASK,{ SIGHUP|SIGINT|SIGQUIT|SIGILL|SIGTRAP|SIGABRT|SIGEMT|SIGFPE|SIGKILL|SIGBUS|SIGSEGV|SIGSYS|SIGPIPE|SIGALRM|SIGTERM|SIGURG|SIGSTOP|SIGTSTP|SIGCONT|SIGCHLD|SIGTTIN|SIGTTOU|SIGIO|SIGXCPU|SIGXFSZ|SIGVTALRM|SIGPROF|SIGWINCH|SIGINFO|SIGUSR1|SIGUSR2 },{ }) = 0 (0x0)
 2692: chdir("/")				 = 0 (0x0)
 2691: mprotect(0x82419c000,28672,PROT_READ|PROT_WRITE) = 0 (0x0)
 2693: sigaction(SIGTERM,{ SIG_IGN SA_RESTART ss_t },{ SIG_DFL 0x0 ss_t }) = 0 (0x0)
 2692: __sysctl("kern.proc.args.-1",4,0x0,0x0,0x276493e2d000,14) = 0 (0x0)
 2693: sigprocmask(SIG_SETMASK,{ },0x0)		 = 0 (0x0)
 2692: setgroups(0x1,0x825846a9c)		 = 0 (0x0)
 2693: kevent(4,{ SIGCHLD,EVFILT_SIGNAL,EV_ADD,0,0,0x0 },1,0x0,0,{ 0.000000000 }) = 0 (0x0)
 2692: setresgid(0x3ec,0x3ec,0x3ec)		 = 0 (0x0)
 2693: sigprocmask(SIG_SETMASK,{ SIGHUP|SIGINT|SIGQUIT|SIGILL|SIGTRAP|SIGABRT|SIGEMT|SIGFPE|SIGKILL|SIGBUS|SIGSEGV|SIGSYS|SIGPIPE|SIGALRM|SIGTERM|SIGURG|SIGSTOP|SIGTSTP|SIGCONT|SIGCHLD|SIGTTIN|SIGTTOU|SIGIO|SIGXCPU|SIGXFSZ|SIGVTALRM|SIGPROF|SIGWINCH|SIGINFO|SIGUSR1|SIGUSR2 },{ }) = 0 (0x0)
 2692: setresuid(0x3ec,0x3ec,0x3ec)		 = 0 (0x0)
 2693: sigaction(SIGCHLD,{ SIG_DFL SA_RESTART ss_t },{ SIG_DFL SA_RESTART ss_t }) = 0 (0x0)
 2692: issetugid()				 = 1 (0x1)
 2693: sigprocmask(SIG_SETMASK,{ },0x0)		 = 0 (0x0)
 2692: issetugid()				 = 1 (0x1)
 2693: kevent(4,{ SIGHUP,EVFILT_SIGNAL,EV_ADD,0,0,0x0 },1,0x0,0,{ 0.000000000 }) = 0 (0x0)
 2691: mprotect(0x82419c000,28672,PROT_READ)	 = 0 (0x0)
 2692: kqueue()					 = 5 (0x5)
 2693: sigprocmask(SIG_SETMASK,{ SIGHUP|SIGINT|SIGQUIT|SIGILL|SIGTRAP|SIGABRT|SIGEMT|SIGFPE|SIGKILL|SIGBUS|SIGSEGV|SIGSYS|SIGPIPE|SIGALRM|SIGTERM|SIGURG|SIGSTOP|SIGTSTP|SIGCONT|SIGCHLD|SIGTTIN|SIGTTOU|SIGIO|SIGXCPU|SIGXFSZ|SIGVTALRM|SIGPROF|SIGWINCH|SIGINFO|SIGUSR1|SIGUSR2 },{ }) = 0 (0x0)
 2692: getpid()					 = 2692 (0xa84)
 2693: sigaction(SIGHUP,{ SIG_IGN SA_RESTART ss_t },{ SIG_DFL SA_RESTART ss_t }) = 0 (0x0)
 2692: kevent(5,{ 18446744073709551615,EVFILT_READ,EV_ADD,0,0,0x0 },1,{ 18446744073709551615,EVFILT_READ,EV_ERROR,0,0x9,0x0 },64,0x0) = 1 (0x1)
 2693: sigprocmask(SIG_SETMASK,{ },0x0)		 = 0 (0x0)
 2692: issetugid()				 = 1 (0x1)
 2693: kevent(4,{ SIGPIPE,EVFILT_SIGNAL,EV_ADD,0,0,0x0 },1,0x0,0,{ 0.000000000 }) = 0 (0x0)
 2693: sigprocmask(SIG_SETMASK,{ SIGHUP|SIGINT|SIGQUIT|SIGILL|SIGTRAP|SIGABRT|SIGEMT|SIGFPE|SIGKILL|SIGBUS|SIGSEGV|SIGSYS|SIGPIPE|SIGALRM|SIGTERM|SIGURG|SIGSTOP|SIGTSTP|SIGCONT|SIGCHLD|SIGTTIN|SIGTTOU|SIGIO|SIGXCPU|SIGXFSZ|SIGVTALRM|SIGPROF|SIGWINCH|SIGINFO|SIGUSR1|SIGUSR2 },{ }) = 0 (0x0)
 2692: kevent(5,{ SIGINT,EVFILT_SIGNAL,EV_ADD,0,0,0x0 },1,0x0,0,{ 0.000000000 }) = 0 (0x0)
 2691: mprotect(0x26f000,12288,PROT_READ|PROT_WRITE) = 0 (0x0)
 2693: sigaction(SIGPIPE,{ SIG_IGN SA_RESTART ss_t },{ SIG_DFL SA_RESTART ss_t }) = 0 (0x0)
 2692: sigprocmask(SIG_SETMASK,{ SIGHUP|SIGINT|SIGQUIT|SIGILL|SIGTRAP|SIGABRT|SIGEMT|SIGFPE|SIGKILL|SIGBUS|SIGSEGV|SIGSYS|SIGPIPE|SIGALRM|SIGTERM|SIGURG|SIGSTOP|SIGTSTP|SIGCONT|SIGCHLD|SIGTTIN|SIGTTOU|SIGIO|SIGXCPU|SIGXFSZ|SIGVTALRM|SIGPROF|SIGWINCH|SIGINFO|SIGUSR1|SIGUSR2 },{ }) = 0 (0x0)
 2693: sigprocmask(SIG_SETMASK,{ },0x0)		 = 0 (0x0)
 2692: sigaction(SIGINT,{ SIG_IGN SA_RESTART ss_t },{ SIG_DFL 0x0 ss_t }) = 0 (0x0)
 2693: kevent(4,{ SIGUSR1,EVFILT_SIGNAL,EV_ADD,0,0,0x0 },1,0x0,0,{ 0.000000000 }) = 0 (0x0)
 2692: sigprocmask(SIG_SETMASK,{ },0x0)		 = 0 (0x0)
 2693: sigprocmask(SIG_SETMASK,{ SIGHUP|SIGINT|SIGQUIT|SIGILL|SIGTRAP|SIGABRT|SIGEMT|SIGFPE|SIGKILL|SIGBUS|SIGSEGV|SIGSYS|SIGPIPE|SIGALRM|SIGTERM|SIGURG|SIGSTOP|SIGTSTP|SIGCONT|SIGCHLD|SIGTTIN|SIGTTOU|SIGIO|SIGXCPU|SIGXFSZ|SIGVTALRM|SIGPROF|SIGWINCH|SIGINFO|SIGUSR1|SIGUSR2 },{ }) = 0 (0x0)
 2692: kevent(5,{ SIGTERM,EVFILT_SIGNAL,EV_ADD,0,0,0x0 },1,0x0,0,{ 0.000000000 }) = 0 (0x0)
 2693: sigaction(SIGUSR1,{ SIG_IGN SA_RESTART ss_t },{ SIG_DFL 0x0 ss_t }) = 0 (0x0)
 2692: sigprocmask(SIG_SETMASK,{ SIGHUP|SIGINT|SIGQUIT|SIGILL|SIGTRAP|SIGABRT|SIGEMT|SIGFPE|SIGKILL|SIGBUS|SIGSEGV|SIGSYS|SIGPIPE|SIGALRM|SIGTERM|SIGURG|SIGSTOP|SIGTSTP|SIGCONT|SIGCHLD|SIGTTIN|SIGTTOU|SIGIO|SIGXCPU|SIGXFSZ|SIGVTALRM|SIGPROF|SIGWINCH|SIGINFO|SIGUSR1|SIGUSR2 },{ }) = 0 (0x0)
 2693: sigprocmask(SIG_SETMASK,{ },0x0)		 = 0 (0x0)
 2692: sigaction(SIGTERM,{ SIG_IGN SA_RESTART ss_t },{ SIG_DFL 0x0 ss_t }) = 0 (0x0)
 2693: getpid()					 = 2693 (0xa85)
 2692: sigprocmask(SIG_SETMASK,{ },0x0)		 = 0 (0x0)
 2693: kevent(4,{ 3,EVFILT_READ,EV_ADD,0,0,0x30303 },1,{ 3,EVFILT_READ,0x0,0,0x40,0x30303 },64,0x0) = 1 (0x1)
 2691: mprotect(0x26f000,12288,PROT_READ)	 = 0 (0x0)
 2692: kevent(5,{ SIGCHLD,EVFILT_SIGNAL,EV_ADD,0,0,0x0 },1,0x0,0,{ 0.000000000 }) = 0 (0x0)
 2693: recvmsg(3,{NULL,0,[{"(\0\0\0\^X\0\0\M^@\M^?\M^?\M^?"...,65535}],1,{{level=SOL_SOCKET,type=SCM_RIGHTS,data={0x05,0x00,0x00,0x00}}},24,0},0) = 24 (0x18)
 2692: sigprocmask(SIG_SETMASK,{ SIGHUP|SIGINT|SIGQUIT|SIGILL|SIGTRAP|SIGABRT|SIGEMT|SIGFPE|SIGKILL|SIGBUS|SIGSEGV|SIGSYS|SIGPIPE|SIGALRM|SIGTERM|SIGURG|SIGSTOP|SIGTSTP|SIGCONT|SIGCHLD|SIGTTIN|SIGTTOU|SIGIO|SIGXCPU|SIGXFSZ|SIGVTALRM|SIGPROF|SIGWINCH|SIGINFO|SIGUSR1|SIGUSR2 },{ }) = 0 (0x0)
 2693: getpid()					 = 2693 (0xa85)
 2692: sigaction(SIGCHLD,{ SIG_DFL SA_RESTART ss_t },{ SIG_DFL SA_RESTART ss_t }) = 0 (0x0)
 2693: kevent(4,{ 3,EVFILT_READ,EV_ADD,0,0,0x30303 5,EVFILT_READ,EV_ADD,0,0,0x30303 },2,{ 3,EVFILT_READ,0x0,0,0x28,0x30303 },64,0x0) = 1 (0x1)
 2692: sigprocmask(SIG_SETMASK,{ },0x0)		 = 0 (0x0)
 2693: recvmsg(3,{NULL,0,[{"(\0\0\0\^X\0\0\M^@\M^?\M^?\M^?"...,65535}],1,{{level=SOL_SOCKET,type=SCM_RIGHTS,data={0x06,0x00,0x00,0x00}}},24,0},0) = 40 (0x28)
 2692: kevent(5,{ SIGHUP,EVFILT_SIGNAL,EV_ADD,0,0,0x0 },1,0x0,0,{ 0.000000000 }) = 0 (0x0)
 2693: getpid()					 = 2693 (0xa85)
 2692: sigprocmask(SIG_SETMASK,{ SIGHUP|SIGINT|SIGQUIT|SIGILL|SIGTRAP|SIGABRT|SIGEMT|SIGFPE|SIGKILL|SIGBUS|SIGSEGV|SIGSYS|SIGPIPE|SIGALRM|SIGTERM|SIGURG|SIGSTOP|SIGTSTP|SIGCONT|SIGCHLD|SIGTTIN|SIGTTOU|SIGIO|SIGXCPU|SIGXFSZ|SIGVTALRM|SIGPROF|SIGWINCH|SIGINFO|SIGUSR1|SIGUSR2 },{ }) = 0 (0x0)
 2693: kevent(4,{ 3,EVFILT_READ,EV_ADD,0,0,0x30303 3,EVFILT_WRITE,EV_ADD,0,0,0x30303 6,EVFILT_READ,EV_ADD,0,0,0x30303 },3,{ 3,EVFILT_WRITE,0x0,0,0x2000,0x30303 },64,0x0) = 1 (0x1)
 2692: sigaction(SIGHUP,{ SIG_IGN SA_RESTART ss_t },{ SIG_DFL SA_RESTART ss_t }) = 0 (0x0)
 2693: sendmsg(3,{NULL,0,[{")\0\0\0\^P\0\0\0\M^?\M^?\M^?\M^?"...,16}],1,{},0,0},0) = 16 (0x10)
 2692: sigprocmask(SIG_SETMASK,{ },0x0)		 = 0 (0x0)
 2691: readlink("/etc/malloc.conf",0x8209c5020,1024) ERR#2 'No such file or directory'
 2690: kevent(4,{ 3,EVFILT_READ,EV_ADD,0,0,0x30303 3,EVFILT_WRITE,EV_DELETE,0,0,0x0 5,EVFILT_READ,EV_ADD,0,0,0x30303 5,EVFILT_WRITE,EV_DELETE,0,0,0x0 7,EVFILT_READ,EV_ADD,0,0,0x30303 7,EVFILT_WRITE,EV_DELETE,0,0,0x0 },6,{ 7,EVFILT_READ,0x0,0,0x10,0x30303 },64,0x0) = 1 (0x1)
 2692: kevent(5,{ SIGPIPE,EVFILT_SIGNAL,EV_ADD,0,0,0x0 },1,0x0,0,{ 0.000000000 }) = 0 (0x0)
 2691: issetugid()				 = 0 (0x0)
 2692: sigprocmask(SIG_SETMASK,{ SIGHUP|SIGINT|SIGQUIT|SIGILL|SIGTRAP|SIGABRT|SIGEMT|SIGFPE|SIGKILL|SIGBUS|SIGSEGV|SIGSYS|SIGPIPE|SIGALRM|SIGTERM|SIGURG|SIGSTOP|SIGTSTP|SIGCONT|SIGCHLD|SIGTTIN|SIGTTOU|SIGIO|SIGXCPU|SIGXFSZ|SIGVTALRM|SIGPROF|SIGWINCH|SIGINFO|SIGUSR1|SIGUSR2 },{ }) = 0 (0x0)
 2690: recvmsg(7,{NULL,0,[{")\0\0\0\^P\0\0\0\M^?\M^?\M^?\M^?"...,65535}],1,{},0,0},0) = 16 (0x10)
 2692: sigaction(SIGPIPE,{ SIG_IGN SA_RESTART ss_t },{ SIG_DFL SA_RESTART ss_t }) = 0 (0x0)
 2691: mmap(0x0,2097152,PROT_READ|PROT_WRITE,MAP_PRIVATE|MAP_ANON|MAP_ALIGNED(21),-1,0x0) = 53716155629568 (0x30dac4600000)
 2692: sigprocmask(SIG_SETMASK,{ },0x0)		 = 0 (0x0)
 2692: kevent(5,{ SIGUSR1,EVFILT_SIGNAL,EV_ADD,0,0,0x0 },1,0x0,0,{ 0.000000000 }) = 0 (0x0)
 2692: sigprocmask(SIG_SETMASK,{ SIGHUP|SIGINT|SIGQUIT|SIGILL|SIGTRAP|SIGABRT|SIGEMT|SIGFPE|SIGKILL|SIGBUS|SIGSEGV|SIGSYS|SIGPIPE|SIGALRM|SIGTERM|SIGURG|SIGSTOP|SIGTSTP|SIGCONT|SIGCHLD|SIGTTIN|SIGTTOU|SIGIO|SIGXCPU|SIGXFSZ|SIGVTALRM|SIGPROF|SIGWINCH|SIGINFO|SIGUSR1|SIGUSR2 },{ }) = 0 (0x0)
 2691: cap_getmode({ 0 })			 = 0 (0x0)
 2692: sigaction(SIGUSR1,{ SIG_IGN SA_RESTART ss_t },{ SIG_DFL 0x0 ss_t }) = 0 (0x0)
 2692: sigprocmask(SIG_SETMASK,{ },0x0)		 = 0 (0x0)
 2691: open("/dev/pvclock",O_RDONLY|O_CLOEXEC,04541315170) = 4 (0x4)
 2692: getpid()					 = 2692 (0xa84)
 2691: mmap(0x0,128,PROT_READ,MAP_SHARED,4,0x0)	 = 35019063296 (0x8274c8000)
 2692: listen(4,5)				 = 0 (0x0)
 2691: close(4)					 = 0 (0x0)
 2692: kevent(5,{ 3,EVFILT_READ,EV_ADD,0,0,0x30303 4,EVFILT_READ,EV_ADD,0,0,0x30303 },2,{ 3,EVFILT_READ,0x0,0,0x40,0x30303 },64,0x0) = 1 (0x1)
 2691: mmap(0x0,2097152,PROT_READ|PROT_WRITE,MAP_PRIVATE|MAP_ANON|MAP_ALIGNED(12),-1,0x0) = 53716157726720 (0x30dac4800000)
 2692: recvmsg(3,{NULL,0,[{"(\0\0\0\^X\0\0\M^@\M^?\M^?\M^?"...,65535}],1,{{level=SOL_SOCKET,type=SCM_RIGHTS,data={0x06,0x00,0x00,0x00}}},24,0},0) = 24 (0x18)
 2691: mmap(0x0,6291456,PROT_READ|PROT_WRITE,MAP_PRIVATE|MAP_ANON|MAP_ALIGNED(21),-1,0x0) = 53716159823872 (0x30dac4a00000)
 2692: getpid()					 = 2692 (0xa84)
 2692: kevent(5,{ 3,EVFILT_READ,EV_ADD,0,0,0x30303 6,EVFILT_READ,EV_ADD,0,0,0x30303 },2,{ 3,EVFILT_READ,0x0,0,0x28,0x30303 },64,0x0) = 1 (0x1)
 2692: recvmsg(3,{NULL,0,[{"(\0\0\0\^X\0\0\M^@\M^?\M^?\M^?"...,65535}],1,{{level=SOL_SOCKET,type=SCM_RIGHTS,data={0x07,0x00,0x00,0x00}}},24,0},0) = 40 (0x28)
 2692: getpid()					 = 2692 (0xa84)
 2691: mmap(0x0,135168,PROT_READ|PROT_WRITE,MAP_PRIVATE|MAP_ANON,-1,0x0) = 53716153667584 (0x30dac4421000)
 2692: kevent(5,{ 3,EVFILT_READ,EV_ADD,0,0,0x30303 3,EVFILT_WRITE,EV_ADD,0,0,0x30303 7,EVFILT_READ,EV_ADD,0,0,0x30303 },3,{ 3,EVFILT_WRITE,0x0,0,0x2000,0x30303 },64,0x0) = 1 (0x1)
 2691: thr_self(0x30dac4421008)			 = 0 (0x0)
 2692: sendmsg(3,{NULL,0,[{")\0\0\0\^P\0\0\0\M^?\M^?\M^?\M^?"...,16}],1,{},0,0},0) = 16 (0x10)
 2691: mmap(0x8009c6000,4096,PROT_NONE,MAP_ANON,-1,0x0) = 35000844288 (0x826368000)
 2690: kevent(4,{ 7,EVFILT_READ,EV_ADD,0,0,0x30303 },1,{ 3,EVFILT_READ,0x0,0,0x10,0x30303 },64,0x0) = 1 (0x1)
 2691: rtprio_thread(RTP_LOOKUP,100122,0x8209c546c) = 0 (0x0)
 2690: recvmsg(3,{NULL,0,[{")\0\0\0\^P\0\0\0\M^?\M^?\M^?\M^?"...,65535}],1,{},0,0},0) = 16 (0x10)
 2691: sigaction(SIGTHR,{ 0x824bd9a80 SA_SIGINFO ss_t },0x0) = 0 (0x0)
 2691: sigprocmask(SIG_UNBLOCK,{ },0x0)		 = 0 (0x0)
 2691: _umtx_op(0x8209c5460,UMTX_OP_WAKE,0x1,0x0,0x0) = 0 (0x0)
 2691: mprotect(0x0,0,PROT_NONE)		 = 0 (0x0)
 2691: thr_wake(0xffffffffffffffff)		 ERR#3 'No such process'
 2691: getpid()					 = 2691 (0xa83)
 2691: getpid()					 = 2691 (0xa83)
 2691: sigprocmask(SIG_BLOCK,{ SIGHUP|SIGINT|SIGQUIT|SIGILL|SIGTRAP|SIGABRT|SIGEMT|SIGFPE|SIGKILL|SIGBUS|SIGSEGV|SIGSYS|SIGPIPE|SIGALRM|SIGTERM|SIGURG|SIGSTOP|SIGTSTP|SIGCONT|SIGCHLD|SIGTTIN|SIGTTOU|SIGIO|SIGXCPU|SIGXFSZ|SIGVTALRM|SIGPROF|SIGWINCH|SIGINFO|SIGUSR1|SIGUSR2 },{ }) = 0 (0x0)
 2691: sigfastblock(0x3,0x0)			 = 0 (0x0)
 2691: sigprocmask(SIG_SETMASK,{ },0x0)		 = 0 (0x0)
 2691: sigfastblock(0x1,0x30dac4421040)		 = 0 (0x0)
 2691: getcontext(0x8209c4900)			 = 0 (0x0)
 2691: sysarch(AMD64_GET_XFPUSTATE,0x8209c48c8)	 = 0 (0x0)
 2691: mprotect(0x26f000,12288,PROT_READ)	 = 0 (0x0)
 2691: open("/etc/localtime",O_RDONLY,01745)	 ERR#2 'No such file or directory'
 2691: fstatat(AT_FDCWD,"/etc/nsswitch.conf",{ mode=-rw-r--r-- ,inode=689,size=260,blksize=32768 },0x0) = 0 (0x0)
 2691: open("/etc/nsswitch.conf",O_RDONLY|O_CLOEXEC,0666) = 4 (0x4)
 2691: fstat(4,{ mode=-rw-r--r-- ,inode=689,size=260,blksize=32768 }) = 0 (0x0)
 2691: read(4,"#\n# nsswitch.conf(5) - name ser"...,32768) = 260 (0x104)
 2691: read(4,0x30dac4841080,32768)		 = 0 (0x0)
 2691: close(4)					 = 0 (0x0)
 2691: geteuid()				 = 0 (0x0)
 2691: open("/etc/spwd.db",O_RDONLY|O_CLOEXEC,00) = 4 (0x4)
 2691: fstat(4,{ mode=-rw------- ,inode=804,size=40960,blksize=32768 }) = 0 (0x0)
 2691: read(4,"\0\^F\^Ua\0\0\0\^B\0\0\^P\M-a\0"...,260) = 260 (0x104)
 2691: pread(4,"\0 \^O\M-x\^O\M-w\^O\M-r\^O\M-8"...,4096,0x6000) = 4096 (0x1000)
 2691: pread(4,"\0\^Z\^O\M-{\^O\M->\^O\M-9\^Oz"...,4096,0x4000) = 4096 (0x1000)
 2691: pread(4,"\0\^X\^O\M-{\^O\M-A\^O\M-<\^Og"...,4096,0x5000) = 4096 (0x1000)
 2691: pread(4,"\0\^X\^O\M-{\^O\M->\^O\M-9\^Om"...,4096,0x7000) = 4096 (0x1000)
 2691: pread(4,"\0\^V\^O\M-{\^O\M-/\^O\M-*\^Oo"...,4096,0x8000) = 4096 (0x1000)
 2691: pread(4,"\0\^V\^O\M-{\^O\M-@\^O\M-;\^O~"...,4096,0x1000) = 4096 (0x1000)
 2691: pread(4,"\0\^T\^O\M-{\^O\M->\^O\M-9\^Ol"...,4096,0x2000) = 4096 (0x1000)
 2691: pread(4,"\0\^V\^O\M-|\^O\M-0\^O\M-,\^Oq"...,4096,0x3000) = 4096 (0x1000)
 2691: close(4)					 = 0 (0x0)
 2691: geteuid()				 = 0 (0x0)
 2691: chroot("/usr/local/etc/iked/")		 = 0 (0x0)
 2691: chdir("/")				 = 0 (0x0)
 2691: __sysctl("kern.proc.args.-1",4,0x0,0x0,0x30dac482d000,9) = 0 (0x0)
 2691: setgroups(0x1,0x8259a6a9c)		 = 0 (0x0)
 2691: setresgid(0x3ec,0x3ec,0x3ec)		 = 0 (0x0)
 2691: setresuid(0x3ec,0x3ec,0x3ec)		 = 0 (0x0)
 2691: issetugid()				 = 1 (0x1)
 2691: issetugid()				 = 1 (0x1)
 2691: kqueue()					 = 4 (0x4)
 2691: getpid()					 = 2691 (0xa83)
 2691: kevent(4,{ 18446744073709551615,EVFILT_READ,EV_ADD,0,0,0x0 },1,{ 18446744073709551615,EVFILT_READ,EV_ERROR,0,0x9,0x0 },64,0x0) = 1 (0x1)
 2691: issetugid()				 = 1 (0x1)
 2691: kevent(4,{ SIGINT,EVFILT_SIGNAL,EV_ADD,0,0,0x0 },1,0x0,0,{ 0.000000000 }) = 0 (0x0)
 2691: sigprocmask(SIG_SETMASK,{ SIGHUP|SIGINT|SIGQUIT|SIGILL|SIGTRAP|SIGABRT|SIGEMT|SIGFPE|SIGKILL|SIGBUS|SIGSEGV|SIGSYS|SIGPIPE|SIGALRM|SIGTERM|SIGURG|SIGSTOP|SIGTSTP|SIGCONT|SIGCHLD|SIGTTIN|SIGTTOU|SIGIO|SIGXCPU|SIGXFSZ|SIGVTALRM|SIGPROF|SIGWINCH|SIGINFO|SIGUSR1|SIGUSR2 },{ }) = 0 (0x0)
 2691: sigaction(SIGINT,{ SIG_IGN SA_RESTART ss_t },{ SIG_DFL 0x0 ss_t }) = 0 (0x0)
 2691: sigprocmask(SIG_SETMASK,{ },0x0)		 = 0 (0x0)
 2691: kevent(4,{ SIGTERM,EVFILT_SIGNAL,EV_ADD,0,0,0x0 },1,0x0,0,{ 0.000000000 }) = 0 (0x0)
 2691: sigprocmask(SIG_SETMASK,{ SIGHUP|SIGINT|SIGQUIT|SIGILL|SIGTRAP|SIGABRT|SIGEMT|SIGFPE|SIGKILL|SIGBUS|SIGSEGV|SIGSYS|SIGPIPE|SIGALRM|SIGTERM|SIGURG|SIGSTOP|SIGTSTP|SIGCONT|SIGCHLD|SIGTTIN|SIGTTOU|SIGIO|SIGXCPU|SIGXFSZ|SIGVTALRM|SIGPROF|SIGWINCH|SIGINFO|SIGUSR1|SIGUSR2 },{ }) = 0 (0x0)
 2691: sigaction(SIGTERM,{ SIG_IGN SA_RESTART ss_t },{ SIG_DFL 0x0 ss_t }) = 0 (0x0)
 2691: sigprocmask(SIG_SETMASK,{ },0x0)		 = 0 (0x0)
 2691: kevent(4,{ SIGCHLD,EVFILT_SIGNAL,EV_ADD,0,0,0x0 },1,0x0,0,{ 0.000000000 }) = 0 (0x0)
 2691: sigprocmask(SIG_SETMASK,{ SIGHUP|SIGINT|SIGQUIT|SIGILL|SIGTRAP|SIGABRT|SIGEMT|SIGFPE|SIGKILL|SIGBUS|SIGSEGV|SIGSYS|SIGPIPE|SIGALRM|SIGTERM|SIGURG|SIGSTOP|SIGTSTP|SIGCONT|SIGCHLD|SIGTTIN|SIGTTOU|SIGIO|SIGXCPU|SIGXFSZ|SIGVTALRM|SIGPROF|SIGWINCH|SIGINFO|SIGUSR1|SIGUSR2 },{ }) = 0 (0x0)
 2691: sigaction(SIGCHLD,{ SIG_DFL SA_RESTART ss_t },{ SIG_DFL SA_RESTART ss_t }) = 0 (0x0)
 2691: sigprocmask(SIG_SETMASK,{ },0x0)		 = 0 (0x0)
 2691: kevent(4,{ SIGHUP,EVFILT_SIGNAL,EV_ADD,0,0,0x0 },1,0x0,0,{ 0.000000000 }) = 0 (0x0)
 2691: sigprocmask(SIG_SETMASK,{ SIGHUP|SIGINT|SIGQUIT|SIGILL|SIGTRAP|SIGABRT|SIGEMT|SIGFPE|SIGKILL|SIGBUS|SIGSEGV|SIGSYS|SIGPIPE|SIGALRM|SIGTERM|SIGURG|SIGSTOP|SIGTSTP|SIGCONT|SIGCHLD|SIGTTIN|SIGTTOU|SIGIO|SIGXCPU|SIGXFSZ|SIGVTALRM|SIGPROF|SIGWINCH|SIGINFO|SIGUSR1|SIGUSR2 },{ }) = 0 (0x0)
 2691: sigaction(SIGHUP,{ SIG_IGN SA_RESTART ss_t },{ SIG_DFL SA_RESTART ss_t }) = 0 (0x0)
 2691: sigprocmask(SIG_SETMASK,{ },0x0)		 = 0 (0x0)
 2691: kevent(4,{ SIGPIPE,EVFILT_SIGNAL,EV_ADD,0,0,0x0 },1,0x0,0,{ 0.000000000 }) = 0 (0x0)
 2691: sigprocmask(SIG_SETMASK,{ SIGHUP|SIGINT|SIGQUIT|SIGILL|SIGTRAP|SIGABRT|SIGEMT|SIGFPE|SIGKILL|SIGBUS|SIGSEGV|SIGSYS|SIGPIPE|SIGALRM|SIGTERM|SIGURG|SIGSTOP|SIGTSTP|SIGCONT|SIGCHLD|SIGTTIN|SIGTTOU|SIGIO|SIGXCPU|SIGXFSZ|SIGVTALRM|SIGPROF|SIGWINCH|SIGINFO|SIGUSR1|SIGUSR2 },{ }) = 0 (0x0)
 2691: sigaction(SIGPIPE,{ SIG_IGN SA_RESTART ss_t },{ SIG_DFL SA_RESTART ss_t }) = 0 (0x0)
 2691: sigprocmask(SIG_SETMASK,{ },0x0)		 = 0 (0x0)
 2691: kevent(4,{ SIGUSR1,EVFILT_SIGNAL,EV_ADD,0,0,0x0 },1,0x0,0,{ 0.000000000 }) = 0 (0x0)
 2691: sigprocmask(SIG_SETMASK,{ SIGHUP|SIGINT|SIGQUIT|SIGILL|SIGTRAP|SIGABRT|SIGEMT|SIGFPE|SIGKILL|SIGBUS|SIGSEGV|SIGSYS|SIGPIPE|SIGALRM|SIGTERM|SIGURG|SIGSTOP|SIGTSTP|SIGCONT|SIGCHLD|SIGTTIN|SIGTTOU|SIGIO|SIGXCPU|SIGXFSZ|SIGVTALRM|SIGPROF|SIGWINCH|SIGINFO|SIGUSR1|SIGUSR2 },{ }) = 0 (0x0)
 2691: sigaction(SIGUSR1,{ SIG_IGN SA_RESTART ss_t },{ SIG_DFL 0x0 ss_t }) = 0 (0x0)
 2691: sigprocmask(SIG_SETMASK,{ },0x0)		 = 0 (0x0)
 2691: getpid()					 = 2691 (0xa83)
 2691: kevent(4,{ 3,EVFILT_READ,EV_ADD,0,0,0x30303 },1,{ 3,EVFILT_READ,0x0,0,0x40,0x30303 },64,0x0) = 1 (0x1)
 2691: recvmsg(3,{NULL,0,[{"(\0\0\0\^X\0\0\M^@\M^?\M^?\M^?"...,65535}],1,{{level=SOL_SOCKET,type=SCM_RIGHTS,data={0x05,0x00,0x00,0x00}}},24,0},0) = 24 (0x18)
 2691: getpid()					 = 2691 (0xa83)
 2691: kevent(4,{ 3,EVFILT_READ,EV_ADD,0,0,0x30303 5,EVFILT_READ,EV_ADD,0,0,0x30303 },2,{ 3,EVFILT_READ,0x0,0,0x28,0x30303 },64,0x0) = 1 (0x1)
 2691: recvmsg(3,{NULL,0,[{"(\0\0\0\^X\0\0\M^@\M^?\M^?\M^?"...,65535}],1,{{level=SOL_SOCKET,type=SCM_RIGHTS,data={0x06,0x00,0x00,0x00}}},24,0},0) = 40 (0x28)
 2691: getpid()					 = 2691 (0xa83)
 2691: kevent(4,{ 3,EVFILT_READ,EV_ADD,0,0,0x30303 3,EVFILT_WRITE,EV_ADD,0,0,0x30303 6,EVFILT_READ,EV_ADD,0,0,0x30303 },3,{ 3,EVFILT_WRITE,0x0,0,0x2000,0x30303 },64,0x0) = 1 (0x1)
 2691: sendmsg(3,{NULL,0,[{")\0\0\0\^P\0\0\0\M^?\M^?\M^?\M^?"...,16}],1,{},0,0},0) = 16 (0x10)
 2690: kevent(4,{ 3,EVFILT_READ,EV_ADD,0,0,0x30303 },1,{ 5,EVFILT_READ,0x0,0,0x10,0x30303 },64,0x0) = 1 (0x1)
 2690: recvmsg(5,{NULL,0,[{")\0\0\0\^P\0\0\0\M^?\M^?\M^?\M^?"...,65535}],1,{},0,0},0) = 16 (0x10)
 2690: open("iked.conf",O_RDONLY,0666)		 = 10 (0xa)
 2690: fstat(10,{ mode=-rw------- ,inode=4735207,size=797,blksize=32768 }) = 0 (0x0)
 2690: fstat(10,{ mode=-rw------- ,inode=4735207,size=797,blksize=32768 }) = 0 (0x0)
 2690: read(10,"# $OpenBSD: iked.conf,v 1.1 2014"...,32768) = 797 (0x31d)
 2690: __sysctl("net.routetable.0.0.5.0",6,0x0,0x820995f08,0x0,0) = 0 (0x0)
 2690: __sysctl("net.routetable.0.0.5.0",6,0x1b13b2235700,0x820995f08,0x0,0) = 0 (0x0)
 2690: socket(PF_INET,SOCK_DGRAM,0)		 = 11 (0xb)
 2690: close(11)				 = 0 (0x0)
 2690: socket(PF_INET,SOCK_DGRAM,0)		 = 11 (0xb)
 2690: close(11)				 = 0 (0x0)
 2690: socket(PF_INET,SOCK_DGRAM,0)		 = 11 (0xb)
 2690: close(11)				 = 0 (0x0)
 2690: socket(PF_INET,SOCK_DGRAM,0)		 = 11 (0xb)
 2690: close(11)				 = 0 (0x0)
 2690: socket(PF_INET,SOCK_DGRAM,0)		 = 11 (0xb)
 2690: close(11)				 = 0 (0x0)
 2690: socket(PF_INET,SOCK_DGRAM,0)		 = 11 (0xb)
 2690: close(11)				 = 0 (0x0)
 2690: socket(PF_INET,SOCK_DGRAM,0)		 = 11 (0xb)
 2690: close(11)				 = 0 (0x0)
 2690: socket(PF_INET,SOCK_DGRAM,0)		 = 11 (0xb)
 2690: close(11)				 = 0 (0x0)
 2690: socket(PF_INET,SOCK_DGRAM,0)		 = 11 (0xb)
 2690: close(11)				 = 0 (0x0)
 2690: socket(PF_INET,SOCK_DGRAM,0)		 = 11 (0xb)
 2690: close(11)				 = 0 (0x0)
 2690: socket(PF_INET,SOCK_DGRAM,0)		 = 11 (0xb)
 2690: close(11)				 = 0 (0x0)
 2690: socket(PF_INET,SOCK_DGRAM,0)		 = 11 (0xb)
 2690: close(11)				 = 0 (0x0)
 2690: read(10,0x1b13b2241b00,32768)		 = 0 (0x0)
 2690: close(10)				 = 0 (0x0)
 2690: socket(PF_KEY,SOCK_RAW,2)		 = 10 (0xa)
 2690: open("/usr/local/etc/iked/private/local.key",O_RDONLY,0666) = 11 (0xb)
 2690: fstat(11,{ mode=-rw-r----- ,inode=4253884,size=1704,blksize=32768 }) = 0 (0x0)
 2690: read(11,"-----BEGIN PRIVATE KEY-----\nMII"...,32768) = 1704 (0x6a8)
 2690: close(11)				 = 0 (0x0)
 2690: socket(PF_INET,SOCK_DGRAM|SOCK_NONBLOCK,IPPROTO_UDP) = 11 (0xb)
 2690: setsockopt(11,IPPROTO_IP,IP_IPSEC_POLICY,0x820996070,16) ERR#42 'Protocol not available'
 2690: issetugid()				 = 0 (0x0)
 2690: fstatat(AT_FDCWD,"/usr/share/nls/C/libc.cat",0x820995dd0,0x0) ERR#2 'No such file or directory'
 2690: fstatat(AT_FDCWD,"/usr/share/nls/libc/C",0x820995dd0,0x0) ERR#2 'No such file or directory'
 2690: fstatat(AT_FDCWD,"/usr/local/share/nls/C/libc.cat",0x820995dd0,0x0) ERR#2 'No such file or directory'
 2690: fstatat(AT_FDCWD,"/usr/local/share/nls/libc/C",0x820995dd0,0x0) ERR#2 'No such file or directory'
socket_bypass: IPSEC_DIR_INBOUND: Protocol not available
 2690: write(2,"socket_bypass: IPSEC_DIR_INBOUND"...,57) = 57 (0x39)
udp_bind: failed to bypass IPsec on IKE socket: Protocol not available
 2690: write(2,"udp_bind: failed to bypass IPsec"...,71) = 71 (0x47)
 2690: close(11)				 = 0 (0x0)
 2690: socket(PF_INET,SOCK_DGRAM|SOCK_NONBLOCK,IPPROTO_UDP) = 11 (0xb)
 2690: setsockopt(11,IPPROTO_IP,IP_IPSEC_POLICY,0x820996070,16) ERR#42 'Protocol not available'
socket_bypass: IPSEC_DIR_INBOUND: Protocol not available
 2690: write(2,"socket_bypass: IPSEC_DIR_INBOUND"...,57) = 57 (0x39)
udp_bind: failed to bypass IPsec on IKE socket: Protocol not available
 2690: write(2,"udp_bind: failed to bypass IPsec"...,71) = 71 (0x47)
 2690: close(11)				 = 0 (0x0)
 2690: socket(PF_INET6,SOCK_DGRAM|SOCK_NONBLOCK,IPPROTO_UDP) = 11 (0xb)
 2690: setsockopt(11,IPPROTO_IPV6,IPV6_IPSEC_POLICY,0x820996070,16) ERR#42 'Protocol not available'
socket_bypass: IPSEC_DIR_INBOUND: Protocol not available
 2690: write(2,"socket_bypass: IPSEC_DIR_INBOUND"...,57) = 57 (0x39)
udp_bind: failed to bypass IPsec on IKE socket: Protocol not available
 2690: write(2,"udp_bind: failed to bypass IPsec"...,71) = 71 (0x47)
 2690: close(11)				 = 0 (0x0)
 2690: socket(PF_INET6,SOCK_DGRAM|SOCK_NONBLOCK,IPPROTO_UDP) = 11 (0xb)
 2690: setsockopt(11,IPPROTO_IPV6,IPV6_IPSEC_POLICY,0x820996070,16) ERR#42 'Protocol not available'
socket_bypass: IPSEC_DIR_INBOUND: Protocol not available
 2690: write(2,"socket_bypass: IPSEC_DIR_INBOUND"...,57) = 57 (0x39)
udp_bind: failed to bypass IPsec on IKE socket: Protocol not available
 2690: write(2,"udp_bind: failed to bypass IPsec"...,71) = 71 (0x47)
 2690: close(11)				 = 0 (0x0)
 2690: kevent(4,{ 5,EVFILT_READ,EV_ADD,0,0,0x30303 5,EVFILT_WRITE,EV_ADD,0,0,0x30303 7,EVFILT_READ,EV_ADD,0,0,0x30303 7,EVFILT_WRITE,EV_ADD,0,0,0x30303 },4,{ 5,EVFILT_WRITE,0x0,0,0x2000,0x30303 7,EVFILT_WRITE,0x0,0,0x2000,0x30303 },64,0x0) = 2 (0x2)
 2690: sendmsg(5,{NULL,0,[{"$\0\0\0\M-G\^D\0\0\M^?\M^?\M^?"...,1223},{"%\0\0\0.\^A\0\0\M^?\M^?\M^?\M^?"...,302},{"\^F\0\0\0\^T\0\0\0\M^?\M^?\M^?"...,20},{"\r\0\0\0000\0\0\0\M^?\M^?\M^?"...,48},{""\0\0\0 \0\0\0\M^?\M^?\M^?\M^?"...,32},{"\t\0\0\0\^P\0\0\0\M^?\M^?\M^?"...,16}],6,{},0,0},0) = 1641 (0x669)
 2691: kevent(4,{ 3,EVFILT_READ,EV_ADD,0,0,0x30303 3,EVFILT_WRITE,EV_DELETE,0,0,0x0 },2,{ 3,EVFILT_READ,0x0,0,0x669,0x30303 },64,0x0) = 1 (0x1)
 2691: recvmsg(3,{NULL,0,[{"$\0\0\0\M-G\^D\0\0\M^?\M^?\M^?"...,65535}],1,{},0,0},0) = 1641 (0x669)
 2693: kevent(4,{ 3,EVFILT_READ,EV_ADD,0,0,0x30303 3,EVFILT_WRITE,EV_DELETE,0,0,0x0 },2,{ 3,EVFILT_READ,0x0,0,0x2000,0x30303 },64,0x0) = 1 (0x1)
 2690: sendmsg(7,{NULL,0,[{"\^T\0\0\0@\^A\0\0\M^?\M^?\M^?"...,320},{"\^T\0\0\0@\^A\0\0\M^?\M^?\M^?"...,320},{"\^R\0\0\0\M^X"\0\0\M^?\M^?\M^?"...,8856},{"\^S\0\0\0D\^B\0\0\M^?\M^?\M^?"...,580},{"\^R\0\0\0\M^X"\0\0\M^?\M^?\M^?"...,8856},{"\^S\0\0\0D\^B\0\0\M^?\M^?\M^?"...,580},{"\^S\0\0\0D\^B\0\0\M^?\M^?\M^?"...,580},{"\^S\0\0\0D\^B\0\0\M^?\M^?\M^?"...,580}],8,{},0,0},0) = 8192 (0x2000)
 2693: recvmsg(3,{NULL,0,[{"\^T\0\0\0@\^A\0\0\M^?\M^?\M^?"...,65535}],1,{},0,0},0) = 8192 (0x2000)
 2691: open("ca/",O_RDONLY|O_NONBLOCK|O_DIRECTORY|O_CLOEXEC,040) = 7 (0x7)
 2690: kevent(4,{ 5,EVFILT_READ,EV_ADD,0,0,0x30303 5,EVFILT_WRITE,EV_DELETE,0,0,0x0 7,EVFILT_READ,EV_ADD,0,0,0x30303 7,EVFILT_WRITE,EV_ADD,0,0,0x30303 },4,{ 7,EVFILT_WRITE,0x0,0,0x2000,0x30303 },64,0x0) = 1 (0x1)
 2691: fcntl(7,F_ISUNIONSTACK,0x0)		 = 0 (0x0)
 2690: sendmsg(7,{NULL,0,[{"\0\0\0\0\0\0\0\0\^D\0\^_\0\0\0\0"...,1304},{"\^S\0\0\0D\^B\0\0\M^?\M^?\M^?"...,580},{"\^R\0\0\0\M^X"\0\0\M^?\M^?\M^?"...,8856},{"\^S\0\0\0D\^B\0\0\M^?\M^?\M^?"...,580},{"\^S\0\0\0D\^B\0\0\M^?\M^?\M^?"...,580},{"\^S\0\0\0D\^B\0\0\M^?\M^?\M^?"...,580}],6,{},0,0},0) = 8192 (0x2000)
 2693: kevent(4,{ 3,EVFILT_READ,EV_ADD,0,0,0x30303 },1,{ 3,EVFILT_READ,0x0,0,0x2000,0x30303 },64,0x0) = 1 (0x1)
 2691: getdirentries(7,"\M-,\M-g@\0\0\0\0\0\f\0\0\0\0\0"...,4096,{ 0x0 }) = 160 (0xa0)
 2693: recvmsg(3,{NULL,0,[{"\0\0\0\0\0\0\0\0\^D\0\^_\0\0\0\0"...,65535}],1,{},0,0},0) = 8192 (0x2000)
 2690: kevent(4,{ 7,EVFILT_READ,EV_ADD,0,0,0x30303 7,EVFILT_WRITE,EV_ADD,0,0,0x30303 },2,{ 7,EVFILT_WRITE,0x0,0,0x2000,0x30303 },64,0x0) = 1 (0x1)
 2691: open("ca/ca.key",O_RDONLY,0666)		 = 8 (0x8)
 2690: sendmsg(7,{NULL,0,[{"\0\0\0\0\0\0\0\0\0\0\0\0\0\0\0\0"...,2548},{"\^S\0\0\0D\^B\0\0\M^?\M^?\M^?"...,580},{"\^S\0\0\0D\^B\0\0\M^?\M^?\M^?"...,580},{"\^S\0\0\0D\^B\0\0\M^?\M^?\M^?"...,580}],4,{},0,0},0) = 4288 (0x10c0)
 2693: kevent(4,{ 3,EVFILT_READ,EV_ADD,0,0,0x30303 },1,{ 3,EVFILT_READ,0x0,0,0x10c0,0x30303 },64,0x0) = 1 (0x1)
 2691: fstat(8,{ mode=-rw-r----- ,inode=4253886,size=1704,blksize=32768 }) = 0 (0x0)
 2693: recvmsg(3,{NULL,0,[{"\0\0\0\0\0\0\0\0\0\0\0\0\0\0\0\0"...,65535}],1,{},0,0},0) = 4288 (0x10c0)
 2691: read(8,"-----BEGIN PRIVATE KEY-----\nMII"...,32768) = 1704 (0x6a8)
 2690: kevent(4,{ 7,EVFILT_READ,EV_ADD,0,0,0x30303 7,EVFILT_WRITE,EV_ADD,0,0,0x30303 },2,{ 7,EVFILT_WRITE,0x0,0,0x2000,0x30303 },64,0x0) = 1 (0x1)
 2693: kevent(4,{ 3,EVFILT_READ,EV_ADD,0,0,0x30303 },1,{ 3,EVFILT_READ,0x0,0,0x60,0x30303 },64,0x0) = 1 (0x1)
 2691: read(8,0x30dac4841080,32768)		 = 0 (0x0)
 2690: sendmsg(7,{NULL,0,[{"\^P\0\0\0\^P\0\0\M^@\M^?\M^?\M^?"...,16},{"\^N\0\0\0\^P\0\0\0\M^?\M^?\M^?"...,16},{"\r\0\0\0000\0\0\0\M^?\M^?\M^?"...,48},{"\a\0\0\0\^P\0\0\0\M^?\M^?\M^?"...,16}],4,{{level=SOL_SOCKET,type=SCM_RIGHTS,data={0x0a,0x00,0x00,0x00}}},24,0},0) = 96 (0x60)
 2693: recvmsg(3,{NULL,0,[{"\^P\0\0\0\^P\0\0\M^@\M^?\M^?\M^?"...,65535}],1,{{level=SOL_SOCKET,type=SCM_RIGHTS,data={0x07,0x00,0x00,0x00}}},24,0},0) = 96 (0x60)
 2691: close(8)					 = 0 (0x0)
 2690: close(10)				 = 0 (0x0)
 2693: getpid()					 = 2693 (0xa85)
 2691: issetugid()				 = 1 (0x1)
 2691: fstatat(AT_FDCWD,"/usr/share/nls/C/libc.cat",0x8209c59d0,0x0) ERR#2 'No such file or directory'
 2693: writev(7,[{"\^B\t\0\0\^B\0\0\0\^A\0\0\0\M^E"...,16}],1) = 16 (0x10)
 2691: fstatat(AT_FDCWD,"/usr/share/nls/libc/C",0x8209c59d0,0x0) ERR#2 'No such file or directory'
 2693: poll({ 7/POLLIN },1,1)			 = 1 (0x1)
 2691: fstatat(AT_FDCWD,"/usr/local/share/nls/C/libc.cat",0x8209c59d0,0x0) ERR#2 'No such file or directory'
 2693: recvfrom(7,"\^B\t\0\0\^B\0\0\0\^A\0\0\0\M^E"...,16,MSG_PEEK,NULL,0x0) = 16 (0x10)
 2691: fstatat(AT_FDCWD,"/usr/local/share/nls/libc/C",0x8209c59d0,0x0) ERR#2 'No such file or directory'
 2693: read(7,"\^B\t\0\0\^B\0\0\0\^A\0\0\0\M^E"...,16) = 16 (0x10)
ca_reload: failed to load ca file ca.key: No such file or directory
 2693: getpid()					 = 2693 (0xa85)
 2691: write(2,"ca_reload: failed to load ca fil"...,68) = 68 (0x44)
 2693: getpid()					 = 2693 (0xa85)
 2693: writev(7,[{"\^B\a\0\^C\^B\0\0\0\^B\0\0\0\M^E"...,16}],1) = 16 (0x10)
 2693: poll({ 7/POLLIN },1,1)			 = 1 (0x1)
 2693: recvfrom(7,"\^B\a\0\^C\^S\0\0\0\^B\0\0\0\M^E"...,16,MSG_PEEK,NULL,0x0) = 16 (0x10)
 2693: read(7,"\^B\a\0\^C\^S\0\0\0\^B\0\0\0\M^E"...,152) = 152 (0x98)
 2693: getpid()					 = 2693 (0xa85)
 2693: getpid()					 = 2693 (0xa85)
 2693: writev(7,[{"\^B\a\0\^B\^B\0\0\0\^C\0\0\0\M^E"...,16}],1) = 16 (0x10)
 2693: poll({ 7/POLLIN },1,1)			 = 1 (0x1)
ca_sslerror: ca_reload: error:09FFF06C:PEM routines:CRYPTO_internal:no start line
 2691: write(2,"ca_sslerror: ca_reload: error:09"...,82) = 82 (0x52)
 2693: recvfrom(7,"\^B\a\0\^B\^S\0\0\0\^C\0\0\0\M^E"...,16,MSG_PEEK,NULL,0x0) = 16 (0x10)
ca_sslerror: ca_reload: error:0BFFF009:x509 certificate routines:CRYPTO_internal:PEM lib
 2693: read(7,"\^B\a\0\^B\^S\0\0\0\^C\0\0\0\M^E"...,152) = 152 (0x98)
 2691: write(2,"ca_sslerror: ca_reload: error:0B"...,89) = 89 (0x59)
 2693: getpid()					 = 2693 (0xa85)
 2691: open("ca/ca.crt",O_RDONLY,0666)		 = 8 (0x8)
 2691: fstat(8,{ mode=-rw-r--r-- ,inode=4253887,size=1107,blksize=32768 }) = 0 (0x0)
 2691: read(8,"-----BEGIN CERTIFICATE-----\nMII"...,32768) = 1107 (0x453)
 2691: read(8,0x30dac4841080,32768)		 = 0 (0x0)
 2691: close(8)					 = 0 (0x0)
 2691: open("ca/ca.srl",O_RDONLY,0666)		 = 8 (0x8)
 2691: fstat(8,{ mode=-rw-r----- ,inode=4253888,size=41,blksize=32768 }) = 0 (0x0)
 2691: read(8,"1EF55811BECF44C55FD2062C7DCF5246"...,32768) = 41 (0x29)
 2691: read(8,0x30dac4841080,32768)		 = 0 (0x0)
 2691: close(8)					 = 0 (0x0)
ca_reload: failed to load ca file ca.srl: No such file or directory
 2691: write(2,"ca_reload: failed to load ca fil"...,68) = 68 (0x44)
ca_sslerror: ca_reload: error:09FFF06C:PEM routines:CRYPTO_internal:no start line
 2691: write(2,"ca_sslerror: ca_reload: error:09"...,82) = 82 (0x52)
ca_sslerror: ca_reload: error:0BFFF009:x509 certificate routines:CRYPTO_internal:PEM lib
 2691: write(2,"ca_sslerror: ca_reload: error:0B"...,89) = 89 (0x59)
 2691: getdirentries(7,0x30dac4869000,4096,{ 0x200 }) = 0 (0x0)
 2691: close(7)					 = 0 (0x0)
 2691: open("crls/",O_RDONLY|O_NONBLOCK|O_DIRECTORY|O_CLOEXEC,030420150440) = 7 (0x7)
 2691: fcntl(7,F_ISUNIONSTACK,0x0)		 = 0 (0x0)
 2691: getdirentries(7,"\M^@@H\0\0\0\0\0\f\0\0\0\0\0\0\0"...,4096,{ 0x0 }) = 64 (0x40)
 2691: getdirentries(7,0x30dac4869000,4096,{ 0x200 }) = 0 (0x0)
 2691: close(7)					 = 0 (0x0)
 2691: open("certs/",O_RDONLY|O_NONBLOCK|O_DIRECTORY|O_CLOEXEC,06) = 7 (0x7)
 2691: fcntl(7,F_ISUNIONSTACK,0x0)		 = 0 (0x0)
 2691: getdirentries(7,"\M--\M-g@\0\0\0\0\0\f\0\0\0\0\0"...,4096,{ 0x0 }) = 104 (0x68)
 2691: open("certs/local.crt",O_RDONLY,0666)	 = 8 (0x8)
 2691: fstat(8,{ mode=-rw-r----- ,inode=4253885,size=989,blksize=32768 }) = 0 (0x0)
 2691: read(8,"-----BEGIN CERTIFICATE-----\nMII"...,32768) = 989 (0x3dd)
 2691: read(8,0x30dac4841080,32768)		 = 0 (0x0)
 2691: close(8)					 = 0 (0x0)
 2691: getdirentries(7,0x30dac4869000,4096,{ 0x200 }) = 0 (0x0)
 2691: close(7)					 = 0 (0x0)
 2691: kevent(4,{ 3,EVFILT_READ,EV_ADD,0,0,0x30303 3,EVFILT_WRITE,EV_ADD,0,0,0x30303 6,EVFILT_READ,EV_ADD,0,0,0x30303 6,EVFILT_WRITE,EV_ADD,0,0,0x30303 },4,{ 3,EVFILT_WRITE,0x0,0,0x2000,0x30303 6,EVFILT_WRITE,0x0,0,0x2000,0x30303 },64,0x0) = 2 (0x2)
 2691: sendmsg(3,{NULL,0,[{"\t\0\0\0\^P\0\0\0\M^?\M^?\M^?"...,16}],1,{},0,0},0) = 16 (0x10)
 2690: kevent(4,{ 7,EVFILT_READ,EV_ADD,0,0,0x30303 7,EVFILT_WRITE,EV_DELETE,0,0,0x0 },2,{ 5,EVFILT_READ,0x0,0,0x10,0x30303 },64,0x0) = 1 (0x1)
 2691: sendmsg(6,{NULL,0,[{"\^U\0\0\0%\0\0\0\M^?\M^?\M^?\M^?"...,37},{"\^U\0\0\0%\0\0\0\M^?\M^?\M^?\M^?"...,37}],2,{},0,0},0) = 74 (0x4a)
 2693: kevent(4,{ 3,EVFILT_READ,EV_ADD,0,0,0x30303 7,EVFILT_READ,EV_ADD,0,0,0x30303 },2,{ 6,EVFILT_READ,0x0,0,0x4a,0x30303 },64,0x0) = 1 (0x1)
 2690: recvmsg(5,{NULL,0,[{"\t\0\0\0\^P\0\0\0\M^?\M^?\M^?"...,65535}],1,{},0,0},0) = 16 (0x10)
 2693: recvmsg(6,{NULL,0,[{"\^U\0\0\0%\0\0\0\M^?\M^?\M^?\M^?"...,65535}],1,{},0,0},0) = 74 (0x4a)
 2690: kevent(4,{ 5,EVFILT_READ,EV_ADD,0,0,0x30303 7,EVFILT_READ,EV_ADD,0,0,0x30303 7,EVFILT_WRITE,EV_ADD,0,0,0x30303 },3,{ 7,EVFILT_WRITE,0x0,0,0x2000,0x30303 },64,0x0) = 1 (0x1)
 2690: sendmsg(7,{NULL,0,[{"\t\0\0\0\^P\0\0\0\M^?\M^?\M^?"...,16}],1,{},0,0},0) = 16 (0x10)
 2693: kevent(4,{ 6,EVFILT_READ,EV_ADD,0,0,0x30303 },1,{ 3,EVFILT_READ,0x0,0,0x10,0x30303 },64,0x0) = 1 (0x1)
 2693: recvmsg(3,{NULL,0,[{"\t\0\0\0\^P\0\0\0\M^?\M^?\M^?"...,65535}],1,{},0,0},0) = 16 (0x10)
 2693: kevent(4,{ 3,EVFILT_READ,EV_ADD,0,0,0x30303 },1,{ },64,{ 2.000000000 }) = 0 (0x0)
